[0.011s] Invoking command in '/home/jim/dh_gripper_ws/build/dh_gripper_msgs': CMAKE_PREFIX_PATH=${CMAKE_PREFIX_PATH}:/home/jim/ws_moveit2/install/moveit_configs_utils:/home/jim/ws_moveit2/install/launch_param_builder:/home/jim/tactile_ws/install/tactile_sensor_ros2:/opt/ros/humble /usr/bin/cmake /home/jim/dh_gripper_ws/src/dh_gripper_msgs -DCMAKE_INSTALL_PREFIX=/home/jim/dh_gripper_ws/install/dh_gripper_msgs
[0.080s] -- The C compiler identification is GNU 11.4.0
[0.145s] -- The CXX compiler identification is GNU 11.4.0
[0.153s] -- Detecting C compiler ABI info
[0.267s] -- Detecting C compiler ABI info - done
[0.275s] -- Check for working C compiler: /usr/bin/cc - skipped
[0.275s] -- Detecting C compile features
[0.276s] -- Detecting C compile features - done
[0.278s] -- Detecting CXX compiler ABI info
[0.385s] -- Detecting CXX compiler ABI info - done
[0.391s] -- Check for working CXX compiler: /usr/bin/c++ - skipped
[0.391s] -- Detecting CXX compile features
[0.391s] -- Detecting CXX compile features - done
[0.401s] -- Found ament_cmake: 1.3.12 (/opt/ros/humble/share/ament_cmake/cmake)
[0.548s] -- Found Python3: /usr/bin/python3 (found version "3.10.12") found components: Interpreter 
[0.684s] -- Found rosidl_default_generators: 1.2.0 (/opt/ros/humble/share/rosidl_default_generators/cmake)
[0.694s] -- Using all available rosidl_typesupport_c: rosidl_typesupport_fastrtps_c;rosidl_typesupport_introspection_c
[0.706s] -- Found rosidl_adapter: 3.1.7 (/opt/ros/humble/share/rosidl_adapter/cmake)
[0.774s] -- Using all available rosidl_typesupport_cpp: rosidl_typesupport_fastrtps_cpp;rosidl_typesupport_introspection_cpp
[0.817s] -- Found std_msgs: 4.9.0 (/opt/ros/humble/share/std_msgs/cmake)
[1.123s] -- Found ament_cmake_ros: 0.10.0 (/opt/ros/humble/share/ament_cmake_ros/cmake)
[1.370s] -- Using all available rosidl_typesupport_c: rosidl_typesupport_fastrtps_c;rosidl_typesupport_introspection_c
[1.642s] -- Using all available rosidl_typesupport_cpp: rosidl_typesupport_fastrtps_cpp;rosidl_typesupport_introspection_cpp
[1.667s] -- Found PythonInterp: /usr/bin/python3 (found suitable version "3.10.12", minimum required is "3.6") 
[1.672s] -- Found python_cmake_module: 0.10.0 (/opt/ros/humble/share/python_cmake_module/cmake)
[1.707s] -- Found PythonLibs: /usr/lib/x86_64-linux-gnu/libpython3.10.so (found suitable version "3.10.12", minimum required is "3.5") 
[1.707s] -- Using PYTHON_EXECUTABLE: /usr/bin/python3
[1.707s] -- Using PYTHON_INCLUDE_DIRS: /usr/include/python3.10
[1.707s] -- Using PYTHON_LIBRARIES: /usr/lib/x86_64-linux-gnu/libpython3.10.so
[1.738s] -- Found PythonExtra: .so  
[1.810s] -- Configuring done
[1.833s] -- Generating done
[1.840s] -- Build files have been written to: /home/jim/dh_gripper_ws/build/dh_gripper_msgs
[1.845s] Invoked command in '/home/jim/dh_gripper_ws/build/dh_gripper_msgs' returned '0': CMAKE_PREFIX_PATH=${CMAKE_PREFIX_PATH}:/home/jim/ws_moveit2/install/moveit_configs_utils:/home/jim/ws_moveit2/install/launch_param_builder:/home/jim/tactile_ws/install/tactile_sensor_ros2:/opt/ros/humble /usr/bin/cmake /home/jim/dh_gripper_ws/src/dh_gripper_msgs -DCMAKE_INSTALL_PREFIX=/home/jim/dh_gripper_ws/install/dh_gripper_msgs
[1.847s] Invoking command in '/home/jim/dh_gripper_ws/build/dh_gripper_msgs': CMAKE_PREFIX_PATH=${CMAKE_PREFIX_PATH}:/home/jim/ws_moveit2/install/moveit_configs_utils:/home/jim/ws_moveit2/install/launch_param_builder:/home/jim/tactile_ws/install/tactile_sensor_ros2:/opt/ros/humble /usr/bin/cmake --build /home/jim/dh_gripper_ws/build/dh_gripper_msgs -- -j16 -l16
[1.909s] [  1%] [34m[1mGenerating C code for ROS interfaces[0m
[1.925s] [  3%] [34m[1mGenerating C++ code for ROS interfaces[0m
[1.930s] [  3%] Built target ament_cmake_python_copy_dh_gripper_msgs
[2.108s] running egg_info
[2.108s] creating dh_gripper_msgs.egg-info
[2.109s] writing dh_gripper_msgs.egg-info/PKG-INFO
[2.109s] writing dependency_links to dh_gripper_msgs.egg-info/dependency_links.txt
[2.109s] writing top-level names to dh_gripper_msgs.egg-info/top_level.txt
[2.109s] writing manifest file 'dh_gripper_msgs.egg-info/SOURCES.txt'
[2.111s] reading manifest file 'dh_gripper_msgs.egg-info/SOURCES.txt'
[2.112s] writing manifest file 'dh_gripper_msgs.egg-info/SOURCES.txt'
[2.138s] [  3%] Built target ament_cmake_python_build_dh_gripper_msgs_egg
[2.195s] [  7%] [32mBuilding C object CMakeFiles/dh_gripper_msgs__rosidl_generator_c.dir/rosidl_generator_c/dh_gripper_msgs/msg/detail/gripper_rot_state__functions.c.o[0m
[2.196s] [  7%] [32mBuilding C object CMakeFiles/dh_gripper_msgs__rosidl_generator_c.dir/rosidl_generator_c/dh_gripper_msgs/msg/detail/gripper_rot_ctrl__functions.c.o[0m
[2.197s] [  9%] [32mBuilding C object CMakeFiles/dh_gripper_msgs__rosidl_generator_c.dir/rosidl_generator_c/dh_gripper_msgs/msg/detail/gripper_state__functions.c.o[0m
[2.199s] [ 10%] [32mBuilding C object CMakeFiles/dh_gripper_msgs__rosidl_generator_c.dir/rosidl_generator_c/dh_gripper_msgs/msg/detail/gripper_ctrl__functions.c.o[0m
[2.203s] [ 10%] Built target dh_gripper_msgs__cpp
[2.214s] [ 12%] [34m[1mGenerating C++ introspection for ROS interfaces[0m
[2.220s] [ 14%] [34m[1mGenerating C++ type support for eProsima Fast-RTPS[0m
[2.221s] [ 16%] [34m[1mGenerating C++ type support dispatch for ROS interfaces[0m
[2.270s] [ 18%] [32m[1mLinking C shared library libdh_gripper_msgs__rosidl_generator_c.so[0m
[2.304s] [ 18%] Built target dh_gripper_msgs__rosidl_generator_c
[2.316s] [ 20%] [34m[1mGenerating C type support for eProsima Fast-RTPS[0m
[2.316s] [ 21%] [34m[1mGenerating C type support dispatch for ROS interfaces[0m
[2.319s] [ 23%] [34m[1mGenerating C introspection for ROS interfaces[0m
[2.447s] [ 27%] [32mBuilding CXX object CMakeFiles/dh_gripper_msgs__rosidl_typesupport_introspection_cpp.dir/rosidl_typesupport_introspection_cpp/dh_gripper_msgs/msg/detail/gripper_ctrl__type_support.cpp.o[0m
[2.447s] [ 27%] [32mBuilding CXX object CMakeFiles/dh_gripper_msgs__rosidl_typesupport_introspection_cpp.dir/rosidl_typesupport_introspection_cpp/dh_gripper_msgs/msg/detail/gripper_state__type_support.cpp.o[0m
[2.448s] [ 29%] [32mBuilding CXX object CMakeFiles/dh_gripper_msgs__rosidl_typesupport_introspection_cpp.dir/rosidl_typesupport_introspection_cpp/dh_gripper_msgs/msg/detail/gripper_rot_state__type_support.cpp.o[0m
[2.449s] [ 30%] [32mBuilding CXX object CMakeFiles/dh_gripper_msgs__rosidl_typesupport_introspection_cpp.dir/rosidl_typesupport_introspection_cpp/dh_gripper_msgs/msg/detail/gripper_rot_ctrl__type_support.cpp.o[0m
[2.492s] [ 32%] [32mBuilding CXX object CMakeFiles/dh_gripper_msgs__rosidl_typesupport_fastrtps_cpp.dir/rosidl_typesupport_fastrtps_cpp/dh_gripper_msgs/msg/detail/dds_fastrtps/gripper_ctrl__type_support.cpp.o[0m
[2.494s] [ 34%] [32mBuilding CXX object CMakeFiles/dh_gripper_msgs__rosidl_typesupport_fastrtps_cpp.dir/rosidl_typesupport_fastrtps_cpp/dh_gripper_msgs/msg/detail/dds_fastrtps/gripper_rot_state__type_support.cpp.o[0m
[2.495s] [ 36%] [32mBuilding CXX object CMakeFiles/dh_gripper_msgs__rosidl_typesupport_fastrtps_cpp.dir/rosidl_typesupport_fastrtps_cpp/dh_gripper_msgs/msg/detail/dds_fastrtps/gripper_state__type_support.cpp.o[0m
[2.495s] [ 38%] [32mBuilding CXX object CMakeFiles/dh_gripper_msgs__rosidl_typesupport_fastrtps_cpp.dir/rosidl_typesupport_fastrtps_cpp/dh_gripper_msgs/msg/detail/dds_fastrtps/gripper_rot_ctrl__type_support.cpp.o[0m
[2.525s] [ 41%] [32mBuilding CXX object CMakeFiles/dh_gripper_msgs__rosidl_typesupport_c.dir/rosidl_typesupport_c/dh_gripper_msgs/msg/gripper_rot_ctrl__type_support.cpp.o[0m
[2.525s] [ 41%] [32mBuilding CXX object CMakeFiles/dh_gripper_msgs__rosidl_typesupport_c.dir/rosidl_typesupport_c/dh_gripper_msgs/msg/gripper_state__type_support.cpp.o[0m
[2.526s] [ 45%] [32mBuilding CXX object CMakeFiles/dh_gripper_msgs__rosidl_typesupport_c.dir/rosidl_typesupport_c/dh_gripper_msgs/msg/gripper_ctrl__type_support.cpp.o[0m
[2.527s] [ 45%] [32mBuilding CXX object CMakeFiles/dh_gripper_msgs__rosidl_typesupport_c.dir/rosidl_typesupport_c/dh_gripper_msgs/msg/gripper_rot_state__type_support.cpp.o[0m
[2.560s] [ 47%] [32m[1mLinking CXX shared library libdh_gripper_msgs__rosidl_typesupport_c.so[0m
[2.586s] [ 49%] [32mBuilding CXX object CMakeFiles/dh_gripper_msgs__rosidl_typesupport_cpp.dir/rosidl_typesupport_cpp/dh_gripper_msgs/msg/gripper_ctrl__type_support.cpp.o[0m
[2.587s] [ 50%] [32mBuilding CXX object CMakeFiles/dh_gripper_msgs__rosidl_typesupport_cpp.dir/rosidl_typesupport_cpp/dh_gripper_msgs/msg/gripper_state__type_support.cpp.o[0m
[2.587s] [ 54%] [32mBuilding CXX object CMakeFiles/dh_gripper_msgs__rosidl_typesupport_cpp.dir/rosidl_typesupport_cpp/dh_gripper_msgs/msg/gripper_rot_ctrl__type_support.cpp.o[0m
[2.587s] [ 52%] [32mBuilding CXX object CMakeFiles/dh_gripper_msgs__rosidl_typesupport_cpp.dir/rosidl_typesupport_cpp/dh_gripper_msgs/msg/gripper_rot_state__type_support.cpp.o[0m
[2.610s] [ 54%] Built target dh_gripper_msgs__rosidl_typesupport_c
[2.692s] [ 56%] [32mBuilding CXX object CMakeFiles/dh_gripper_msgs__rosidl_typesupport_fastrtps_c.dir/rosidl_typesupport_fastrtps_c/dh_gripper_msgs/msg/detail/gripper_ctrl__type_support_c.cpp.o[0m
[2.703s] [ 58%] [32mBuilding CXX object CMakeFiles/dh_gripper_msgs__rosidl_typesupport_fastrtps_c.dir/rosidl_typesupport_fastrtps_c/dh_gripper_msgs/msg/detail/gripper_state__type_support_c.cpp.o[0m
[2.706s] [ 60%] [32mBuilding CXX object CMakeFiles/dh_gripper_msgs__rosidl_typesupport_fastrtps_c.dir/rosidl_typesupport_fastrtps_c/dh_gripper_msgs/msg/detail/gripper_rot_ctrl__type_support_c.cpp.o[0m
[2.722s] [ 61%] [32mBuilding C object CMakeFiles/dh_gripper_msgs__rosidl_typesupport_introspection_c.dir/rosidl_typesupport_introspection_c/dh_gripper_msgs/msg/detail/gripper_ctrl__type_support.c.o[0m
[2.778s] [ 63%] [32mBuilding C object CMakeFiles/dh_gripper_msgs__rosidl_typesupport_introspection_c.dir/rosidl_typesupport_introspection_c/dh_gripper_msgs/msg/detail/gripper_state__type_support.c.o[0m
[2.820s] [ 65%] [32mBuilding C object CMakeFiles/dh_gripper_msgs__rosidl_typesupport_introspection_c.dir/rosidl_typesupport_introspection_c/dh_gripper_msgs/msg/detail/gripper_rot_ctrl__type_support.c.o[0m
[2.870s] [ 67%] [32mBuilding C object CMakeFiles/dh_gripper_msgs__rosidl_typesupport_introspection_c.dir/rosidl_typesupport_introspection_c/dh_gripper_msgs/msg/detail/gripper_rot_state__type_support.c.o[0m
[2.885s] [ 69%] [32mBuilding CXX object CMakeFiles/dh_gripper_msgs__rosidl_typesupport_fastrtps_c.dir/rosidl_typesupport_fastrtps_c/dh_gripper_msgs/msg/detail/gripper_rot_state__type_support_c.cpp.o[0m
[2.912s] [ 70%] [32m[1mLinking C shared library libdh_gripper_msgs__rosidl_typesupport_introspection_c.so[0m
[2.948s] [ 70%] Built target dh_gripper_msgs__rosidl_typesupport_introspection_c
[2.961s] [ 72%] [32m[1mLinking CXX shared library libdh_gripper_msgs__rosidl_typesupport_introspection_cpp.so[0m
[3.018s] [ 72%] Built target dh_gripper_msgs__rosidl_typesupport_introspection_cpp
[3.023s] [ 74%] [32m[1mLinking CXX shared library libdh_gripper_msgs__rosidl_typesupport_cpp.so[0m
[3.035s] [ 76%] [32m[1mLinking CXX shared library libdh_gripper_msgs__rosidl_typesupport_fastrtps_cpp.so[0m
[3.066s] [ 76%] Built target dh_gripper_msgs__rosidl_typesupport_cpp
[3.098s] [ 76%] Built target dh_gripper_msgs__rosidl_typesupport_fastrtps_cpp
[3.148s] [ 78%] [32m[1mLinking CXX shared library libdh_gripper_msgs__rosidl_typesupport_fastrtps_c.so[0m
[3.229s] [ 78%] Built target dh_gripper_msgs__rosidl_typesupport_fastrtps_c
[3.261s] [ 78%] Built target dh_gripper_msgs
[3.297s] [ 80%] [34m[1mGenerating Python code for ROS interfaces[0m
[3.684s] [ 80%] Built target dh_gripper_msgs__py
[3.715s] [ 81%] [32mBuilding C object CMakeFiles/dh_gripper_msgs__rosidl_generator_py.dir/rosidl_generator_py/dh_gripper_msgs/msg/_gripper_ctrl_s.c.o[0m
[3.717s] [ 83%] [32mBuilding C object CMakeFiles/dh_gripper_msgs__rosidl_generator_py.dir/rosidl_generator_py/dh_gripper_msgs/msg/_gripper_rot_ctrl_s.c.o[0m
[3.718s] [ 85%] [32mBuilding C object CMakeFiles/dh_gripper_msgs__rosidl_generator_py.dir/rosidl_generator_py/dh_gripper_msgs/msg/_gripper_rot_state_s.c.o[0m
[3.720s] [ 87%] [32mBuilding C object CMakeFiles/dh_gripper_msgs__rosidl_generator_py.dir/rosidl_generator_py/dh_gripper_msgs/msg/_gripper_state_s.c.o[0m
[3.839s] [ 89%] [32m[1mLinking C shared library rosidl_generator_py/dh_gripper_msgs/libdh_gripper_msgs__rosidl_generator_py.so[0m
[3.886s] [ 89%] Built target dh_gripper_msgs__rosidl_generator_py
[3.919s] [ 90%] [32mBuilding C object CMakeFiles/dh_gripper_msgs__rosidl_typesupport_fastrtps_c__pyext.dir/rosidl_generator_py/dh_gripper_msgs/_dh_gripper_msgs_s.ep.rosidl_typesupport_fastrtps_c.c.o[0m
[3.920s] [ 92%] [32mBuilding C object CMakeFiles/dh_gripper_msgs__rosidl_typesupport_c__pyext.dir/rosidl_generator_py/dh_gripper_msgs/_dh_gripper_msgs_s.ep.rosidl_typesupport_c.c.o[0m
[3.921s] [ 94%] [32mBuilding C object CMakeFiles/dh_gripper_msgs__rosidl_typesupport_introspection_c__pyext.dir/rosidl_generator_py/dh_gripper_msgs/_dh_gripper_msgs_s.ep.rosidl_typesupport_introspection_c.c.o[0m
[3.999s] [ 96%] [32m[1mLinking C shared library rosidl_generator_py/dh_gripper_msgs/dh_gripper_msgs_s__rosidl_typesupport_introspection_c.cpython-310-x86_64-linux-gnu.so[0m
[4.004s] [ 98%] [32m[1mLinking C shared library rosidl_generator_py/dh_gripper_msgs/dh_gripper_msgs_s__rosidl_typesupport_fastrtps_c.cpython-310-x86_64-linux-gnu.so[0m
[4.004s] [100%] [32m[1mLinking C shared library rosidl_generator_py/dh_gripper_msgs/dh_gripper_msgs_s__rosidl_typesupport_c.cpython-310-x86_64-linux-gnu.so[0m
[4.038s] [100%] Built target dh_gripper_msgs__rosidl_typesupport_introspection_c__pyext
[4.045s] [100%] Built target dh_gripper_msgs__rosidl_typesupport_fastrtps_c__pyext
[4.049s] [100%] Built target dh_gripper_msgs__rosidl_typesupport_c__pyext
[4.064s] Invoked command in '/home/jim/dh_gripper_ws/build/dh_gripper_msgs' returned '0': CMAKE_PREFIX_PATH=${CMAKE_PREFIX_PATH}:/home/jim/ws_moveit2/install/moveit_configs_utils:/home/jim/ws_moveit2/install/launch_param_builder:/home/jim/tactile_ws/install/tactile_sensor_ros2:/opt/ros/humble /usr/bin/cmake --build /home/jim/dh_gripper_ws/build/dh_gripper_msgs -- -j16 -l16
[4.078s] Invoking command in '/home/jim/dh_gripper_ws/build/dh_gripper_msgs': CMAKE_PREFIX_PATH=${CMAKE_PREFIX_PATH}:/home/jim/ws_moveit2/install/moveit_configs_utils:/home/jim/ws_moveit2/install/launch_param_builder:/home/jim/tactile_ws/install/tactile_sensor_ros2:/opt/ros/humble /usr/bin/cmake --install /home/jim/dh_gripper_ws/build/dh_gripper_msgs
[4.091s] -- Install configuration: ""
[4.091s] -- Installing: /home/jim/dh_gripper_ws/install/dh_gripper_msgs/share/ament_index/resource_index/rosidl_interfaces/dh_gripper_msgs
[4.091s] -- Installing: /home/jim/dh_gripper_ws/install/dh_gripper_msgs/include/dh_gripper_msgs/dh_gripper_msgs
[4.091s] -- Installing: /home/jim/dh_gripper_ws/install/dh_gripper_msgs/include/dh_gripper_msgs/dh_gripper_msgs/msg
[4.091s] -- Installing: /home/jim/dh_gripper_ws/install/dh_gripper_msgs/include/dh_gripper_msgs/dh_gripper_msgs/msg/gripper_rot_state.h
[4.092s] -- Installing: /home/jim/dh_gripper_ws/install/dh_gripper_msgs/include/dh_gripper_msgs/dh_gripper_msgs/msg/gripper_state.h
[4.092s] -- Installing: /home/jim/dh_gripper_ws/install/dh_gripper_msgs/include/dh_gripper_msgs/dh_gripper_msgs/msg/rosidl_generator_c__visibility_control.h
[4.092s] -- Installing: /home/jim/dh_gripper_ws/install/dh_gripper_msgs/include/dh_gripper_msgs/dh_gripper_msgs/msg/gripper_rot_ctrl.h
[4.092s] -- Installing: /home/jim/dh_gripper_ws/install/dh_gripper_msgs/include/dh_gripper_msgs/dh_gripper_msgs/msg/gripper_ctrl.h
[4.092s] -- Installing: /home/jim/dh_gripper_ws/install/dh_gripper_msgs/include/dh_gripper_msgs/dh_gripper_msgs/msg/detail
[4.092s] -- Installing: /home/jim/dh_gripper_ws/install/dh_gripper_msgs/include/dh_gripper_msgs/dh_gripper_msgs/msg/detail/gripper_rot_ctrl__functions.h
[4.092s] -- Installing: /home/jim/dh_gripper_ws/install/dh_gripper_msgs/include/dh_gripper_msgs/dh_gripper_msgs/msg/detail/gripper_ctrl__struct.h
[4.092s] -- Installing: /home/jim/dh_gripper_ws/install/dh_gripper_msgs/include/dh_gripper_msgs/dh_gripper_msgs/msg/detail/gripper_ctrl__functions.h
[4.092s] -- Installing: /home/jim/dh_gripper_ws/install/dh_gripper_msgs/include/dh_gripper_msgs/dh_gripper_msgs/msg/detail/gripper_ctrl__functions.c
[4.092s] -- Installing: /home/jim/dh_gripper_ws/install/dh_gripper_msgs/include/dh_gripper_msgs/dh_gripper_msgs/msg/detail/gripper_rot_state__functions.h
[4.092s] -- Installing: /home/jim/dh_gripper_ws/install/dh_gripper_msgs/include/dh_gripper_msgs/dh_gripper_msgs/msg/detail/gripper_rot_ctrl__struct.h
[4.093s] -- Installing: /home/jim/dh_gripper_ws/install/dh_gripper_msgs/include/dh_gripper_msgs/dh_gripper_msgs/msg/detail/gripper_state__struct.h
[4.093s] -- Installing: /home/jim/dh_gripper_ws/install/dh_gripper_msgs/include/dh_gripper_msgs/dh_gripper_msgs/msg/detail/gripper_rot_state__functions.c
[4.093s] -- Installing: /home/jim/dh_gripper_ws/install/dh_gripper_msgs/include/dh_gripper_msgs/dh_gripper_msgs/msg/detail/gripper_ctrl__type_support.h
[4.093s] -- Installing: /home/jim/dh_gripper_ws/install/dh_gripper_msgs/include/dh_gripper_msgs/dh_gripper_msgs/msg/detail/gripper_rot_state__type_support.h
[4.093s] -- Installing: /home/jim/dh_gripper_ws/install/dh_gripper_msgs/include/dh_gripper_msgs/dh_gripper_msgs/msg/detail/gripper_state__type_support.h
[4.093s] -- Installing: /home/jim/dh_gripper_ws/install/dh_gripper_msgs/include/dh_gripper_msgs/dh_gripper_msgs/msg/detail/gripper_rot_ctrl__functions.c
[4.093s] -- Installing: /home/jim/dh_gripper_ws/install/dh_gripper_msgs/include/dh_gripper_msgs/dh_gripper_msgs/msg/detail/gripper_rot_state__struct.h
[4.093s] -- Installing: /home/jim/dh_gripper_ws/install/dh_gripper_msgs/include/dh_gripper_msgs/dh_gripper_msgs/msg/detail/gripper_state__functions.h
[4.093s] -- Installing: /home/jim/dh_gripper_ws/install/dh_gripper_msgs/include/dh_gripper_msgs/dh_gripper_msgs/msg/detail/gripper_rot_ctrl__type_support.h
[4.093s] -- Installing: /home/jim/dh_gripper_ws/install/dh_gripper_msgs/include/dh_gripper_msgs/dh_gripper_msgs/msg/detail/gripper_state__functions.c
[4.093s] -- Installing: /home/jim/dh_gripper_ws/install/dh_gripper_msgs/share/dh_gripper_msgs/environment/library_path.sh
[4.093s] -- Installing: /home/jim/dh_gripper_ws/install/dh_gripper_msgs/share/dh_gripper_msgs/environment/library_path.dsv
[4.094s] -- Installing: /home/jim/dh_gripper_ws/install/dh_gripper_msgs/lib/libdh_gripper_msgs__rosidl_generator_c.so
[4.094s] -- Set runtime path of "/home/jim/dh_gripper_ws/install/dh_gripper_msgs/lib/libdh_gripper_msgs__rosidl_generator_c.so" to ""
[4.094s] -- Up-to-date: /home/jim/dh_gripper_ws/install/dh_gripper_msgs/include/dh_gripper_msgs/dh_gripper_msgs
[4.094s] -- Up-to-date: /home/jim/dh_gripper_ws/install/dh_gripper_msgs/include/dh_gripper_msgs/dh_gripper_msgs/msg
[4.094s] -- Installing: /home/jim/dh_gripper_ws/install/dh_gripper_msgs/include/dh_gripper_msgs/dh_gripper_msgs/msg/rosidl_typesupport_fastrtps_c__visibility_control.h
[4.094s] -- Up-to-date: /home/jim/dh_gripper_ws/install/dh_gripper_msgs/include/dh_gripper_msgs/dh_gripper_msgs/msg/detail
[4.094s] -- Installing: /home/jim/dh_gripper_ws/install/dh_gripper_msgs/include/dh_gripper_msgs/dh_gripper_msgs/msg/detail/gripper_rot_ctrl__rosidl_typesupport_fastrtps_c.h
[4.094s] -- Installing: /home/jim/dh_gripper_ws/install/dh_gripper_msgs/include/dh_gripper_msgs/dh_gripper_msgs/msg/detail/gripper_rot_state__rosidl_typesupport_fastrtps_c.h
[4.094s] -- Installing: /home/jim/dh_gripper_ws/install/dh_gripper_msgs/include/dh_gripper_msgs/dh_gripper_msgs/msg/detail/gripper_state__rosidl_typesupport_fastrtps_c.h
[4.094s] -- Installing: /home/jim/dh_gripper_ws/install/dh_gripper_msgs/include/dh_gripper_msgs/dh_gripper_msgs/msg/detail/gripper_ctrl__rosidl_typesupport_fastrtps_c.h
[4.095s] -- Installing: /home/jim/dh_gripper_ws/install/dh_gripper_msgs/lib/libdh_gripper_msgs__rosidl_typesupport_fastrtps_c.so
[4.095s] -- Set runtime path of "/home/jim/dh_gripper_ws/install/dh_gripper_msgs/lib/libdh_gripper_msgs__rosidl_typesupport_fastrtps_c.so" to ""
[4.095s] -- Up-to-date: /home/jim/dh_gripper_ws/install/dh_gripper_msgs/include/dh_gripper_msgs/dh_gripper_msgs
[4.095s] -- Up-to-date: /home/jim/dh_gripper_ws/install/dh_gripper_msgs/include/dh_gripper_msgs/dh_gripper_msgs/msg
[4.095s] -- Installing: /home/jim/dh_gripper_ws/install/dh_gripper_msgs/include/dh_gripper_msgs/dh_gripper_msgs/msg/rosidl_typesupport_introspection_c__visibility_control.h
[4.095s] -- Up-to-date: /home/jim/dh_gripper_ws/install/dh_gripper_msgs/include/dh_gripper_msgs/dh_gripper_msgs/msg/detail
[4.095s] -- Installing: /home/jim/dh_gripper_ws/install/dh_gripper_msgs/include/dh_gripper_msgs/dh_gripper_msgs/msg/detail/gripper_rot_state__rosidl_typesupport_introspection_c.h
[4.095s] -- Installing: /home/jim/dh_gripper_ws/install/dh_gripper_msgs/include/dh_gripper_msgs/dh_gripper_msgs/msg/detail/gripper_state__rosidl_typesupport_introspection_c.h
[4.095s] -- Installing: /home/jim/dh_gripper_ws/install/dh_gripper_msgs/include/dh_gripper_msgs/dh_gripper_msgs/msg/detail/gripper_ctrl__rosidl_typesupport_introspection_c.h
[4.095s] -- Installing: /home/jim/dh_gripper_ws/install/dh_gripper_msgs/include/dh_gripper_msgs/dh_gripper_msgs/msg/detail/gripper_rot_state__type_support.c
[4.095s] -- Installing: /home/jim/dh_gripper_ws/install/dh_gripper_msgs/include/dh_gripper_msgs/dh_gripper_msgs/msg/detail/gripper_rot_ctrl__type_support.c
[4.095s] -- Installing: /home/jim/dh_gripper_ws/install/dh_gripper_msgs/include/dh_gripper_msgs/dh_gripper_msgs/msg/detail/gripper_ctrl__type_support.c
[4.096s] -- Installing: /home/jim/dh_gripper_ws/install/dh_gripper_msgs/include/dh_gripper_msgs/dh_gripper_msgs/msg/detail/gripper_rot_ctrl__rosidl_typesupport_introspection_c.h
[4.096s] -- Installing: /home/jim/dh_gripper_ws/install/dh_gripper_msgs/include/dh_gripper_msgs/dh_gripper_msgs/msg/detail/gripper_state__type_support.c
[4.096s] -- Installing: /home/jim/dh_gripper_ws/install/dh_gripper_msgs/lib/libdh_gripper_msgs__rosidl_typesupport_introspection_c.so
[4.096s] -- Set runtime path of "/home/jim/dh_gripper_ws/install/dh_gripper_msgs/lib/libdh_gripper_msgs__rosidl_typesupport_introspection_c.so" to ""
[4.096s] -- Installing: /home/jim/dh_gripper_ws/install/dh_gripper_msgs/lib/libdh_gripper_msgs__rosidl_typesupport_c.so
[4.096s] -- Set runtime path of "/home/jim/dh_gripper_ws/install/dh_gripper_msgs/lib/libdh_gripper_msgs__rosidl_typesupport_c.so" to ""
[4.096s] -- Up-to-date: /home/jim/dh_gripper_ws/install/dh_gripper_msgs/include/dh_gripper_msgs/dh_gripper_msgs
[4.096s] -- Up-to-date: /home/jim/dh_gripper_ws/install/dh_gripper_msgs/include/dh_gripper_msgs/dh_gripper_msgs/msg
[4.096s] -- Installing: /home/jim/dh_gripper_ws/install/dh_gripper_msgs/include/dh_gripper_msgs/dh_gripper_msgs/msg/rosidl_generator_cpp__visibility_control.hpp
[4.096s] -- Installing: /home/jim/dh_gripper_ws/install/dh_gripper_msgs/include/dh_gripper_msgs/dh_gripper_msgs/msg/gripper_state.hpp
[4.097s] -- Installing: /home/jim/dh_gripper_ws/install/dh_gripper_msgs/include/dh_gripper_msgs/dh_gripper_msgs/msg/gripper_rot_state.hpp
[4.097s] -- Up-to-date: /home/jim/dh_gripper_ws/install/dh_gripper_msgs/include/dh_gripper_msgs/dh_gripper_msgs/msg/detail
[4.097s] -- Installing: /home/jim/dh_gripper_ws/install/dh_gripper_msgs/include/dh_gripper_msgs/dh_gripper_msgs/msg/detail/gripper_rot_ctrl__builder.hpp
[4.097s] -- Installing: /home/jim/dh_gripper_ws/install/dh_gripper_msgs/include/dh_gripper_msgs/dh_gripper_msgs/msg/detail/gripper_state__type_support.hpp
[4.097s] -- Installing: /home/jim/dh_gripper_ws/install/dh_gripper_msgs/include/dh_gripper_msgs/dh_gripper_msgs/msg/detail/gripper_ctrl__struct.hpp
[4.097s] -- Installing: /home/jim/dh_gripper_ws/install/dh_gripper_msgs/include/dh_gripper_msgs/dh_gripper_msgs/msg/detail/gripper_rot_ctrl__type_support.hpp
[4.097s] -- Installing: /home/jim/dh_gripper_ws/install/dh_gripper_msgs/include/dh_gripper_msgs/dh_gripper_msgs/msg/detail/gripper_state__builder.hpp
[4.097s] -- Installing: /home/jim/dh_gripper_ws/install/dh_gripper_msgs/include/dh_gripper_msgs/dh_gripper_msgs/msg/detail/gripper_state__traits.hpp
[4.097s] -- Installing: /home/jim/dh_gripper_ws/install/dh_gripper_msgs/include/dh_gripper_msgs/dh_gripper_msgs/msg/detail/gripper_rot_ctrl__struct.hpp
[4.097s] -- Installing: /home/jim/dh_gripper_ws/install/dh_gripper_msgs/include/dh_gripper_msgs/dh_gripper_msgs/msg/detail/gripper_state__struct.hpp
[4.097s] -- Installing: /home/jim/dh_gripper_ws/install/dh_gripper_msgs/include/dh_gripper_msgs/dh_gripper_msgs/msg/detail/gripper_ctrl__traits.hpp
[4.097s] -- Installing: /home/jim/dh_gripper_ws/install/dh_gripper_msgs/include/dh_gripper_msgs/dh_gripper_msgs/msg/detail/gripper_rot_state__type_support.hpp
[4.097s] -- Installing: /home/jim/dh_gripper_ws/install/dh_gripper_msgs/include/dh_gripper_msgs/dh_gripper_msgs/msg/detail/gripper_ctrl__builder.hpp
[4.097s] -- Installing: /home/jim/dh_gripper_ws/install/dh_gripper_msgs/include/dh_gripper_msgs/dh_gripper_msgs/msg/detail/gripper_rot_ctrl__traits.hpp
[4.098s] -- Installing: /home/jim/dh_gripper_ws/install/dh_gripper_msgs/include/dh_gripper_msgs/dh_gripper_msgs/msg/detail/gripper_rot_state__traits.hpp
[4.098s] -- Installing: /home/jim/dh_gripper_ws/install/dh_gripper_msgs/include/dh_gripper_msgs/dh_gripper_msgs/msg/detail/gripper_rot_state__struct.hpp
[4.098s] -- Installing: /home/jim/dh_gripper_ws/install/dh_gripper_msgs/include/dh_gripper_msgs/dh_gripper_msgs/msg/detail/gripper_rot_state__builder.hpp
[4.098s] -- Installing: /home/jim/dh_gripper_ws/install/dh_gripper_msgs/include/dh_gripper_msgs/dh_gripper_msgs/msg/detail/gripper_ctrl__type_support.hpp
[4.098s] -- Installing: /home/jim/dh_gripper_ws/install/dh_gripper_msgs/include/dh_gripper_msgs/dh_gripper_msgs/msg/gripper_ctrl.hpp
[4.098s] -- Installing: /home/jim/dh_gripper_ws/install/dh_gripper_msgs/include/dh_gripper_msgs/dh_gripper_msgs/msg/gripper_rot_ctrl.hpp
[4.098s] -- Up-to-date: /home/jim/dh_gripper_ws/install/dh_gripper_msgs/include/dh_gripper_msgs/dh_gripper_msgs
[4.098s] -- Up-to-date: /home/jim/dh_gripper_ws/install/dh_gripper_msgs/include/dh_gripper_msgs/dh_gripper_msgs/msg
[4.098s] -- Installing: /home/jim/dh_gripper_ws/install/dh_gripper_msgs/include/dh_gripper_msgs/dh_gripper_msgs/msg/rosidl_typesupport_fastrtps_cpp__visibility_control.h
[4.098s] -- Up-to-date: /home/jim/dh_gripper_ws/install/dh_gripper_msgs/include/dh_gripper_msgs/dh_gripper_msgs/msg/detail
[4.098s] -- Installing: /home/jim/dh_gripper_ws/install/dh_gripper_msgs/include/dh_gripper_msgs/dh_gripper_msgs/msg/detail/gripper_state__rosidl_typesupport_fastrtps_cpp.hpp
[4.098s] -- Installing: /home/jim/dh_gripper_ws/install/dh_gripper_msgs/include/dh_gripper_msgs/dh_gripper_msgs/msg/detail/gripper_ctrl__rosidl_typesupport_fastrtps_cpp.hpp
[4.098s] -- Installing: /home/jim/dh_gripper_ws/install/dh_gripper_msgs/include/dh_gripper_msgs/dh_gripper_msgs/msg/detail/gripper_rot_ctrl__rosidl_typesupport_fastrtps_cpp.hpp
[4.098s] -- Installing: /home/jim/dh_gripper_ws/install/dh_gripper_msgs/include/dh_gripper_msgs/dh_gripper_msgs/msg/detail/gripper_rot_state__rosidl_typesupport_fastrtps_cpp.hpp
[4.098s] -- Installing: /home/jim/dh_gripper_ws/install/dh_gripper_msgs/include/dh_gripper_msgs/dh_gripper_msgs/msg/detail/dds_fastrtps
[4.098s] -- Installing: /home/jim/dh_gripper_ws/install/dh_gripper_msgs/lib/libdh_gripper_msgs__rosidl_typesupport_fastrtps_cpp.so
[4.099s] -- Set runtime path of "/home/jim/dh_gripper_ws/install/dh_gripper_msgs/lib/libdh_gripper_msgs__rosidl_typesupport_fastrtps_cpp.so" to ""
[4.099s] -- Up-to-date: /home/jim/dh_gripper_ws/install/dh_gripper_msgs/include/dh_gripper_msgs/dh_gripper_msgs
[4.099s] -- Up-to-date: /home/jim/dh_gripper_ws/install/dh_gripper_msgs/include/dh_gripper_msgs/dh_gripper_msgs/msg
[4.099s] -- Up-to-date: /home/jim/dh_gripper_ws/install/dh_gripper_msgs/include/dh_gripper_msgs/dh_gripper_msgs/msg/detail
[4.099s] -- Installing: /home/jim/dh_gripper_ws/install/dh_gripper_msgs/include/dh_gripper_msgs/dh_gripper_msgs/msg/detail/gripper_rot_state__type_support.cpp
[4.099s] -- Installing: /home/jim/dh_gripper_ws/install/dh_gripper_msgs/include/dh_gripper_msgs/dh_gripper_msgs/msg/detail/gripper_rot_ctrl__type_support.cpp
[4.099s] -- Installing: /home/jim/dh_gripper_ws/install/dh_gripper_msgs/include/dh_gripper_msgs/dh_gripper_msgs/msg/detail/gripper_rot_state__rosidl_typesupport_introspection_cpp.hpp
[4.099s] -- Installing: /home/jim/dh_gripper_ws/install/dh_gripper_msgs/include/dh_gripper_msgs/dh_gripper_msgs/msg/detail/gripper_rot_ctrl__rosidl_typesupport_introspection_cpp.hpp
[4.099s] -- Installing: /home/jim/dh_gripper_ws/install/dh_gripper_msgs/include/dh_gripper_msgs/dh_gripper_msgs/msg/detail/gripper_ctrl__type_support.cpp
[4.099s] -- Installing: /home/jim/dh_gripper_ws/install/dh_gripper_msgs/include/dh_gripper_msgs/dh_gripper_msgs/msg/detail/gripper_state__type_support.cpp
[4.100s] -- Installing: /home/jim/dh_gripper_ws/install/dh_gripper_msgs/include/dh_gripper_msgs/dh_gripper_msgs/msg/detail/gripper_ctrl__rosidl_typesupport_introspection_cpp.hpp
[4.100s] -- Installing: /home/jim/dh_gripper_ws/install/dh_gripper_msgs/include/dh_gripper_msgs/dh_gripper_msgs/msg/detail/gripper_state__rosidl_typesupport_introspection_cpp.hpp
[4.100s] -- Installing: /home/jim/dh_gripper_ws/install/dh_gripper_msgs/lib/libdh_gripper_msgs__rosidl_typesupport_introspection_cpp.so
[4.100s] -- Set runtime path of "/home/jim/dh_gripper_ws/install/dh_gripper_msgs/lib/libdh_gripper_msgs__rosidl_typesupport_introspection_cpp.so" to ""
[4.100s] -- Installing: /home/jim/dh_gripper_ws/install/dh_gripper_msgs/lib/libdh_gripper_msgs__rosidl_typesupport_cpp.so
[4.100s] -- Set runtime path of "/home/jim/dh_gripper_ws/install/dh_gripper_msgs/lib/libdh_gripper_msgs__rosidl_typesupport_cpp.so" to ""
[4.100s] -- Installing: /home/jim/dh_gripper_ws/install/dh_gripper_msgs/share/dh_gripper_msgs/environment/pythonpath.sh
[4.100s] -- Installing: /home/jim/dh_gripper_ws/install/dh_gripper_msgs/share/dh_gripper_msgs/environment/pythonpath.dsv
[4.100s] -- Installing: /home/jim/dh_gripper_ws/install/dh_gripper_msgs/local/lib/python3.10/dist-packages/dh_gripper_msgs-0.0.1-py3.10.egg-info
[4.100s] -- Installing: /home/jim/dh_gripper_ws/install/dh_gripper_msgs/local/lib/python3.10/dist-packages/dh_gripper_msgs-0.0.1-py3.10.egg-info/dependency_links.txt
[4.100s] -- Installing: /home/jim/dh_gripper_ws/install/dh_gripper_msgs/local/lib/python3.10/dist-packages/dh_gripper_msgs-0.0.1-py3.10.egg-info/PKG-INFO
[4.100s] -- Installing: /home/jim/dh_gripper_ws/install/dh_gripper_msgs/local/lib/python3.10/dist-packages/dh_gripper_msgs-0.0.1-py3.10.egg-info/SOURCES.txt
[4.100s] -- Installing: /home/jim/dh_gripper_ws/install/dh_gripper_msgs/local/lib/python3.10/dist-packages/dh_gripper_msgs-0.0.1-py3.10.egg-info/top_level.txt
[4.100s] -- Installing: /home/jim/dh_gripper_ws/install/dh_gripper_msgs/local/lib/python3.10/dist-packages/dh_gripper_msgs
[4.100s] -- Installing: /home/jim/dh_gripper_ws/install/dh_gripper_msgs/local/lib/python3.10/dist-packages/dh_gripper_msgs/dh_gripper_msgs_s__rosidl_typesupport_introspection_c.cpython-310-x86_64-linux-gnu.so
[4.100s] -- Installing: /home/jim/dh_gripper_ws/install/dh_gripper_msgs/local/lib/python3.10/dist-packages/dh_gripper_msgs/msg
[4.100s] -- Installing: /home/jim/dh_gripper_ws/install/dh_gripper_msgs/local/lib/python3.10/dist-packages/dh_gripper_msgs/msg/_gripper_ctrl_s.c
[4.100s] -- Installing: /home/jim/dh_gripper_ws/install/dh_gripper_msgs/local/lib/python3.10/dist-packages/dh_gripper_msgs/msg/_gripper_rot_state_s.c
[4.100s] -- Installing: /home/jim/dh_gripper_ws/install/dh_gripper_msgs/local/lib/python3.10/dist-packages/dh_gripper_msgs/msg/_gripper_rot_ctrl_s.c
[4.100s] -- Installing: /home/jim/dh_gripper_ws/install/dh_gripper_msgs/local/lib/python3.10/dist-packages/dh_gripper_msgs/msg/_gripper_state_s.c
[4.100s] -- Installing: /home/jim/dh_gripper_ws/install/dh_gripper_msgs/local/lib/python3.10/dist-packages/dh_gripper_msgs/msg/__init__.py
[4.100s] -- Installing: /home/jim/dh_gripper_ws/install/dh_gripper_msgs/local/lib/python3.10/dist-packages/dh_gripper_msgs/msg/_gripper_rot_ctrl.py
[4.101s] -- Installing: /home/jim/dh_gripper_ws/install/dh_gripper_msgs/local/lib/python3.10/dist-packages/dh_gripper_msgs/msg/_gripper_rot_state.py
[4.101s] -- Installing: /home/jim/dh_gripper_ws/install/dh_gripper_msgs/local/lib/python3.10/dist-packages/dh_gripper_msgs/msg/_gripper_ctrl.py
[4.101s] -- Installing: /home/jim/dh_gripper_ws/install/dh_gripper_msgs/local/lib/python3.10/dist-packages/dh_gripper_msgs/msg/_gripper_state.py
[4.101s] -- Installing: /home/jim/dh_gripper_ws/install/dh_gripper_msgs/local/lib/python3.10/dist-packages/dh_gripper_msgs/__init__.py
[4.101s] -- Installing: /home/jim/dh_gripper_ws/install/dh_gripper_msgs/local/lib/python3.10/dist-packages/dh_gripper_msgs/libdh_gripper_msgs__rosidl_generator_py.so
[4.101s] -- Installing: /home/jim/dh_gripper_ws/install/dh_gripper_msgs/local/lib/python3.10/dist-packages/dh_gripper_msgs/dh_gripper_msgs_s__rosidl_typesupport_fastrtps_c.cpython-310-x86_64-linux-gnu.so
[4.101s] -- Installing: /home/jim/dh_gripper_ws/install/dh_gripper_msgs/local/lib/python3.10/dist-packages/dh_gripper_msgs/_dh_gripper_msgs_s.ep.rosidl_typesupport_introspection_c.c
[4.101s] -- Installing: /home/jim/dh_gripper_ws/install/dh_gripper_msgs/local/lib/python3.10/dist-packages/dh_gripper_msgs/_dh_gripper_msgs_s.ep.rosidl_typesupport_c.c
[4.101s] -- Installing: /home/jim/dh_gripper_ws/install/dh_gripper_msgs/local/lib/python3.10/dist-packages/dh_gripper_msgs/dh_gripper_msgs_s__rosidl_typesupport_c.cpython-310-x86_64-linux-gnu.so
[4.101s] -- Installing: /home/jim/dh_gripper_ws/install/dh_gripper_msgs/local/lib/python3.10/dist-packages/dh_gripper_msgs/_dh_gripper_msgs_s.ep.rosidl_typesupport_fastrtps_c.c
[4.130s] Listing '/home/jim/dh_gripper_ws/install/dh_gripper_msgs/local/lib/python3.10/dist-packages/dh_gripper_msgs'...
[4.130s] Compiling '/home/jim/dh_gripper_ws/install/dh_gripper_msgs/local/lib/python3.10/dist-packages/dh_gripper_msgs/__init__.py'...
[4.130s] Listing '/home/jim/dh_gripper_ws/install/dh_gripper_msgs/local/lib/python3.10/dist-packages/dh_gripper_msgs/msg'...
[4.130s] Compiling '/home/jim/dh_gripper_ws/install/dh_gripper_msgs/local/lib/python3.10/dist-packages/dh_gripper_msgs/msg/__init__.py'...
[4.130s] Compiling '/home/jim/dh_gripper_ws/install/dh_gripper_msgs/local/lib/python3.10/dist-packages/dh_gripper_msgs/msg/_gripper_ctrl.py'...
[4.130s] Compiling '/home/jim/dh_gripper_ws/install/dh_gripper_msgs/local/lib/python3.10/dist-packages/dh_gripper_msgs/msg/_gripper_rot_ctrl.py'...
[4.131s] Compiling '/home/jim/dh_gripper_ws/install/dh_gripper_msgs/local/lib/python3.10/dist-packages/dh_gripper_msgs/msg/_gripper_rot_state.py'...
[4.131s] Compiling '/home/jim/dh_gripper_ws/install/dh_gripper_msgs/local/lib/python3.10/dist-packages/dh_gripper_msgs/msg/_gripper_state.py'...
[4.134s] -- Installing: /home/jim/dh_gripper_ws/install/dh_gripper_msgs/local/lib/python3.10/dist-packages/dh_gripper_msgs/dh_gripper_msgs_s__rosidl_typesupport_fastrtps_c.cpython-310-x86_64-linux-gnu.so
[4.134s] -- Set runtime path of "/home/jim/dh_gripper_ws/install/dh_gripper_msgs/local/lib/python3.10/dist-packages/dh_gripper_msgs/dh_gripper_msgs_s__rosidl_typesupport_fastrtps_c.cpython-310-x86_64-linux-gnu.so" to ""
[4.134s] -- Installing: /home/jim/dh_gripper_ws/install/dh_gripper_msgs/local/lib/python3.10/dist-packages/dh_gripper_msgs/dh_gripper_msgs_s__rosidl_typesupport_introspection_c.cpython-310-x86_64-linux-gnu.so
[4.134s] -- Set runtime path of "/home/jim/dh_gripper_ws/install/dh_gripper_msgs/local/lib/python3.10/dist-packages/dh_gripper_msgs/dh_gripper_msgs_s__rosidl_typesupport_introspection_c.cpython-310-x86_64-linux-gnu.so" to ""
[4.134s] -- Installing: /home/jim/dh_gripper_ws/install/dh_gripper_msgs/local/lib/python3.10/dist-packages/dh_gripper_msgs/dh_gripper_msgs_s__rosidl_typesupport_c.cpython-310-x86_64-linux-gnu.so
[4.135s] -- Set runtime path of "/home/jim/dh_gripper_ws/install/dh_gripper_msgs/local/lib/python3.10/dist-packages/dh_gripper_msgs/dh_gripper_msgs_s__rosidl_typesupport_c.cpython-310-x86_64-linux-gnu.so" to ""
[4.135s] -- Installing: /home/jim/dh_gripper_ws/install/dh_gripper_msgs/lib/libdh_gripper_msgs__rosidl_generator_py.so
[4.135s] -- Set runtime path of "/home/jim/dh_gripper_ws/install/dh_gripper_msgs/lib/libdh_gripper_msgs__rosidl_generator_py.so" to ""
[4.135s] -- Installing: /home/jim/dh_gripper_ws/install/dh_gripper_msgs/share/dh_gripper_msgs/msg/GripperCtrl.idl
[4.135s] -- Installing: /home/jim/dh_gripper_ws/install/dh_gripper_msgs/share/dh_gripper_msgs/msg/GripperState.idl
[4.135s] -- Installing: /home/jim/dh_gripper_ws/install/dh_gripper_msgs/share/dh_gripper_msgs/msg/GripperRotCtrl.idl
[4.135s] -- Installing: /home/jim/dh_gripper_ws/install/dh_gripper_msgs/share/dh_gripper_msgs/msg/GripperRotState.idl
[4.136s] -- Installing: /home/jim/dh_gripper_ws/install/dh_gripper_msgs/share/dh_gripper_msgs/msg/GripperCtrl.msg
[4.136s] -- Installing: /home/jim/dh_gripper_ws/install/dh_gripper_msgs/share/dh_gripper_msgs/msg/GripperState.msg
[4.136s] -- Installing: /home/jim/dh_gripper_ws/install/dh_gripper_msgs/share/dh_gripper_msgs/msg/GripperRotCtrl.msg
[4.136s] -- Installing: /home/jim/dh_gripper_ws/install/dh_gripper_msgs/share/dh_gripper_msgs/msg/GripperRotState.msg
[4.136s] -- Installing: /home/jim/dh_gripper_ws/install/dh_gripper_msgs/share/ament_index/resource_index/package_run_dependencies/dh_gripper_msgs
[4.136s] -- Installing: /home/jim/dh_gripper_ws/install/dh_gripper_msgs/share/ament_index/resource_index/parent_prefix_path/dh_gripper_msgs
[4.136s] -- Installing: /home/jim/dh_gripper_ws/install/dh_gripper_msgs/share/dh_gripper_msgs/environment/ament_prefix_path.sh
[4.136s] -- Installing: /home/jim/dh_gripper_ws/install/dh_gripper_msgs/share/dh_gripper_msgs/environment/ament_prefix_path.dsv
[4.136s] -- Installing: /home/jim/dh_gripper_ws/install/dh_gripper_msgs/share/dh_gripper_msgs/environment/path.sh
[4.136s] -- Installing: /home/jim/dh_gripper_ws/install/dh_gripper_msgs/share/dh_gripper_msgs/environment/path.dsv
[4.137s] -- Installing: /home/jim/dh_gripper_ws/install/dh_gripper_msgs/share/dh_gripper_msgs/local_setup.bash
[4.137s] -- Installing: /home/jim/dh_gripper_ws/install/dh_gripper_msgs/share/dh_gripper_msgs/local_setup.sh
[4.137s] -- Installing: /home/jim/dh_gripper_ws/install/dh_gripper_msgs/share/dh_gripper_msgs/local_setup.zsh
[4.137s] -- Installing: /home/jim/dh_gripper_ws/install/dh_gripper_msgs/share/dh_gripper_msgs/local_setup.dsv
[4.137s] -- Installing: /home/jim/dh_gripper_ws/install/dh_gripper_msgs/share/dh_gripper_msgs/package.dsv
[4.137s] -- Installing: /home/jim/dh_gripper_ws/install/dh_gripper_msgs/share/ament_index/resource_index/packages/dh_gripper_msgs
[4.137s] -- Installing: /home/jim/dh_gripper_ws/install/dh_gripper_msgs/share/dh_gripper_msgs/cmake/export_dh_gripper_msgs__rosidl_generator_cExport.cmake
[4.137s] -- Installing: /home/jim/dh_gripper_ws/install/dh_gripper_msgs/share/dh_gripper_msgs/cmake/export_dh_gripper_msgs__rosidl_generator_cExport-noconfig.cmake
[4.137s] -- Installing: /home/jim/dh_gripper_ws/install/dh_gripper_msgs/share/dh_gripper_msgs/cmake/export_dh_gripper_msgs__rosidl_typesupport_fastrtps_cExport.cmake
[4.137s] -- Installing: /home/jim/dh_gripper_ws/install/dh_gripper_msgs/share/dh_gripper_msgs/cmake/export_dh_gripper_msgs__rosidl_typesupport_fastrtps_cExport-noconfig.cmake
[4.137s] -- Installing: /home/jim/dh_gripper_ws/install/dh_gripper_msgs/share/dh_gripper_msgs/cmake/dh_gripper_msgs__rosidl_typesupport_introspection_cExport.cmake
[4.138s] -- Installing: /home/jim/dh_gripper_ws/install/dh_gripper_msgs/share/dh_gripper_msgs/cmake/dh_gripper_msgs__rosidl_typesupport_introspection_cExport-noconfig.cmake
[4.138s] -- Installing: /home/jim/dh_gripper_ws/install/dh_gripper_msgs/share/dh_gripper_msgs/cmake/dh_gripper_msgs__rosidl_typesupport_cExport.cmake
[4.138s] -- Installing: /home/jim/dh_gripper_ws/install/dh_gripper_msgs/share/dh_gripper_msgs/cmake/dh_gripper_msgs__rosidl_typesupport_cExport-noconfig.cmake
[4.138s] -- Installing: /home/jim/dh_gripper_ws/install/dh_gripper_msgs/share/dh_gripper_msgs/cmake/export_dh_gripper_msgs__rosidl_generator_cppExport.cmake
[4.138s] -- Installing: /home/jim/dh_gripper_ws/install/dh_gripper_msgs/share/dh_gripper_msgs/cmake/export_dh_gripper_msgs__rosidl_typesupport_fastrtps_cppExport.cmake
[4.138s] -- Installing: /home/jim/dh_gripper_ws/install/dh_gripper_msgs/share/dh_gripper_msgs/cmake/export_dh_gripper_msgs__rosidl_typesupport_fastrtps_cppExport-noconfig.cmake
[4.138s] -- Installing: /home/jim/dh_gripper_ws/install/dh_gripper_msgs/share/dh_gripper_msgs/cmake/dh_gripper_msgs__rosidl_typesupport_introspection_cppExport.cmake
[4.138s] -- Installing: /home/jim/dh_gripper_ws/install/dh_gripper_msgs/share/dh_gripper_msgs/cmake/dh_gripper_msgs__rosidl_typesupport_introspection_cppExport-noconfig.cmake
[4.138s] -- Installing: /home/jim/dh_gripper_ws/install/dh_gripper_msgs/share/dh_gripper_msgs/cmake/dh_gripper_msgs__rosidl_typesupport_cppExport.cmake
[4.138s] -- Installing: /home/jim/dh_gripper_ws/install/dh_gripper_msgs/share/dh_gripper_msgs/cmake/dh_gripper_msgs__rosidl_typesupport_cppExport-noconfig.cmake
[4.138s] -- Installing: /home/jim/dh_gripper_ws/install/dh_gripper_msgs/share/dh_gripper_msgs/cmake/export_dh_gripper_msgs__rosidl_generator_pyExport.cmake
[4.139s] -- Installing: /home/jim/dh_gripper_ws/install/dh_gripper_msgs/share/dh_gripper_msgs/cmake/export_dh_gripper_msgs__rosidl_generator_pyExport-noconfig.cmake
[4.139s] -- Installing: /home/jim/dh_gripper_ws/install/dh_gripper_msgs/share/dh_gripper_msgs/cmake/rosidl_cmake-extras.cmake
[4.139s] -- Installing: /home/jim/dh_gripper_ws/install/dh_gripper_msgs/share/dh_gripper_msgs/cmake/ament_cmake_export_dependencies-extras.cmake
[4.139s] -- Installing: /home/jim/dh_gripper_ws/install/dh_gripper_msgs/share/dh_gripper_msgs/cmake/ament_cmake_export_include_directories-extras.cmake
[4.139s] -- Installing: /home/jim/dh_gripper_ws/install/dh_gripper_msgs/share/dh_gripper_msgs/cmake/ament_cmake_export_libraries-extras.cmake
[4.139s] -- Installing: /home/jim/dh_gripper_ws/install/dh_gripper_msgs/share/dh_gripper_msgs/cmake/ament_cmake_export_targets-extras.cmake
[4.139s] -- Installing: /home/jim/dh_gripper_ws/install/dh_gripper_msgs/share/dh_gripper_msgs/cmake/rosidl_cmake_export_typesupport_targets-extras.cmake
[4.139s] -- Installing: /home/jim/dh_gripper_ws/install/dh_gripper_msgs/share/dh_gripper_msgs/cmake/rosidl_cmake_export_typesupport_libraries-extras.cmake
[4.139s] -- Installing: /home/jim/dh_gripper_ws/install/dh_gripper_msgs/share/dh_gripper_msgs/cmake/dh_gripper_msgsConfig.cmake
[4.139s] -- Installing: /home/jim/dh_gripper_ws/install/dh_gripper_msgs/share/dh_gripper_msgs/cmake/dh_gripper_msgsConfig-version.cmake
[4.139s] -- Installing: /home/jim/dh_gripper_ws/install/dh_gripper_msgs/share/dh_gripper_msgs/package.xml
[4.141s] Invoked command in '/home/jim/dh_gripper_ws/build/dh_gripper_msgs' returned '0': CMAKE_PREFIX_PATH=${CMAKE_PREFIX_PATH}:/home/jim/ws_moveit2/install/moveit_configs_utils:/home/jim/ws_moveit2/install/launch_param_builder:/home/jim/tactile_ws/install/tactile_sensor_ros2:/opt/ros/humble /usr/bin/cmake --install /home/jim/dh_gripper_ws/build/dh_gripper_msgs
