[0.514s] Invoking command in '/home/jim/dh_gripper_ws/src/dh_gripper_driver': CMAKE_PREFIX_PATH=/home/jim/dh_gripper_ws/install/dh_gripper_msgs:/home/jim/dh_gripper_ws/install/dh_gripper_description:/home/jim/ws_moveit2/install/pilz_industrial_motion_planner_testutils:/home/jim/ws_moveit2/install/moveit_runtime:/home/jim/ws_moveit2/install/moveit2_tutorials:/home/jim/ws_moveit2/install/moveit:/home/jim/ws_moveit2/install/moveit_planners:/home/jim/ws_moveit2/install/pilz_industrial_motion_planner:/home/jim/ws_moveit2/install/moveit_visual_tools:/home/jim/ws_moveit2/install/moveit_task_constructor_visualization:/home/jim/ws_moveit2/install/moveit_task_constructor_demo:/home/jim/ws_moveit2/install/moveit_task_constructor_capabilities:/home/jim/ws_moveit2/install/moveit_task_constructor_core:/home/jim/ws_moveit2/install/moveit_ros_control_interface:/home/jim/ws_moveit2/install/moveit_plugins:/home/jim/ws_moveit2/install/moveit_simple_controller_manager:/home/jim/ws_moveit2/install/moveit_setup_assistant:/home/jim/ws_moveit2/install/moveit_setup_srdf_plugins:/home/jim/ws_moveit2/install/moveit_setup_core_plugins:/home/jim/ws_moveit2/install/moveit_setup_controllers:/home/jim/ws_moveit2/install/moveit_setup_app_plugins:/home/jim/ws_moveit2/install/moveit_setup_framework:/home/jim/ws_moveit2/install/moveit_servo:/home/jim/ws_moveit2/install/moveit_ros:/home/jim/ws_moveit2/install/moveit_ros_visualization:/home/jim/ws_moveit2/install/moveit_hybrid_planning:/home/jim/ws_moveit2/install/moveit_ros_planning_interface:/home/jim/ws_moveit2/install/moveit_ros_benchmarks:/home/jim/ws_moveit2/install/moveit_ros_warehouse:/home/jim/ws_moveit2/install/moveit_ros_robot_interaction:/home/jim/ws_moveit2/install/moveit_ros_perception:/home/jim/ws_moveit2/install/moveit_resources_prbt_pg70_support:/home/jim/ws_moveit2/install/moveit_resources_prbt_moveit_config:/home/jim/ws_moveit2/install/moveit_ros_move_group:/home/jim/ws_moveit2/install/moveit_planners_ompl:/home/jim/ws_moveit2/install/moveit_ros_planning:/home/jim/ws_moveit2/install/moveit_ros_occupancy_map_monitor:/home/jim/ws_moveit2/install/moveit_resources_prbt_ikfast_manipulator_plugin:/home/jim/ws_moveit2/install/moveit_planners_chomp:/home/jim/ws_moveit2/install/moveit_kinematics:/home/jim/ws_moveit2/install/moveit_chomp_optimizer_adapter:/home/jim/ws_moveit2/install/chomp_motion_planner:/home/jim/ws_moveit2/install/moveit_core:/home/jim/ws_moveit2/install/srdfdom:/home/jim/ws_moveit2/install/rviz_marker_tools:/home/jim/ws_moveit2/install/rosparam_shortcuts:/home/jim/ws_moveit2/install/moveit_task_constructor_msgs:/home/jim/ws_moveit2/install/moveit_resources_prbt_support:/home/jim/ws_moveit2/install/moveit_resources:/home/jim/ws_moveit2/install/moveit_resources_pr2_description:/home/jim/ws_moveit2/install/moveit_resources_panda_moveit_config:/home/jim/ws_moveit2/install/moveit_resources_panda_description:/home/jim/ws_moveit2/install/moveit_resources_fanuc_moveit_config:/home/jim/ws_moveit2/install/moveit_resources_fanuc_description:/home/jim/ws_moveit2/install/moveit_common PYTHONPATH=/home/jim/dh_gripper_ws/build/dh_gripper_driver/prefix_override:/usr/lib/python3/dist-packages/colcon_core/task/python/colcon_distutils_commands:/home/jim/dh_gripper_ws/install/dh_gripper_driver/lib/python3.10/site-packages:${PYTHONPATH} /usr/bin/python3 -W ignore:setup.py install is deprecated -W ignore:easy_install command is deprecated setup.py egg_info --egg-base ../../build/dh_gripper_driver build --build-base /home/jim/dh_gripper_ws/build/dh_gripper_driver/build install --record /home/jim/dh_gripper_ws/build/dh_gripper_driver/install.log --single-version-externally-managed install_data
[0.690s] running egg_info
[0.690s] creating ../../build/dh_gripper_driver/dh_gripper_driver.egg-info
[0.690s] writing ../../build/dh_gripper_driver/dh_gripper_driver.egg-info/PKG-INFO
[0.690s] writing dependency_links to ../../build/dh_gripper_driver/dh_gripper_driver.egg-info/dependency_links.txt
[0.690s] writing entry points to ../../build/dh_gripper_driver/dh_gripper_driver.egg-info/entry_points.txt
[0.690s] writing requirements to ../../build/dh_gripper_driver/dh_gripper_driver.egg-info/requires.txt
[0.690s] writing top-level names to ../../build/dh_gripper_driver/dh_gripper_driver.egg-info/top_level.txt
[0.690s] writing manifest file '../../build/dh_gripper_driver/dh_gripper_driver.egg-info/SOURCES.txt'
[0.691s] reading manifest file '../../build/dh_gripper_driver/dh_gripper_driver.egg-info/SOURCES.txt'
[0.692s] writing manifest file '../../build/dh_gripper_driver/dh_gripper_driver.egg-info/SOURCES.txt'
[0.692s] running build
[0.692s] running build_py
[0.692s] creating /home/jim/dh_gripper_ws/build/dh_gripper_driver/build
[0.692s] creating /home/jim/dh_gripper_ws/build/dh_gripper_driver/build/lib
[0.692s] creating /home/jim/dh_gripper_ws/build/dh_gripper_driver/build/lib/dh_gripper_driver
[0.692s] copying dh_gripper_driver/driver.py -> /home/jim/dh_gripper_ws/build/dh_gripper_driver/build/lib/dh_gripper_driver
[0.692s] copying dh_gripper_driver/__init__.py -> /home/jim/dh_gripper_ws/build/dh_gripper_driver/build/lib/dh_gripper_driver
[0.693s] running install
[0.693s] running install_lib
[0.693s] creating /home/jim/dh_gripper_ws/install/dh_gripper_driver/lib/python3.10/site-packages/dh_gripper_driver
[0.693s] copying /home/jim/dh_gripper_ws/build/dh_gripper_driver/build/lib/dh_gripper_driver/driver.py -> /home/jim/dh_gripper_ws/install/dh_gripper_driver/lib/python3.10/site-packages/dh_gripper_driver
[0.693s] copying /home/jim/dh_gripper_ws/build/dh_gripper_driver/build/lib/dh_gripper_driver/__init__.py -> /home/jim/dh_gripper_ws/install/dh_gripper_driver/lib/python3.10/site-packages/dh_gripper_driver
[0.693s] byte-compiling /home/jim/dh_gripper_ws/install/dh_gripper_driver/lib/python3.10/site-packages/dh_gripper_driver/driver.py to driver.cpython-310.pyc
[0.694s] byte-compiling /home/jim/dh_gripper_ws/install/dh_gripper_driver/lib/python3.10/site-packages/dh_gripper_driver/__init__.py to __init__.cpython-310.pyc
[0.694s] running install_data
[0.694s] creating /home/jim/dh_gripper_ws/install/dh_gripper_driver/share/ament_index
[0.695s] creating /home/jim/dh_gripper_ws/install/dh_gripper_driver/share/ament_index/resource_index
[0.695s] creating /home/jim/dh_gripper_ws/install/dh_gripper_driver/share/ament_index/resource_index/packages
[0.695s] copying resource/dh_gripper_driver -> /home/jim/dh_gripper_ws/install/dh_gripper_driver/share/ament_index/resource_index/packages
[0.695s] copying package.xml -> /home/jim/dh_gripper_ws/install/dh_gripper_driver/share/dh_gripper_driver
[0.695s] running install_egg_info
[0.696s] Copying ../../build/dh_gripper_driver/dh_gripper_driver.egg-info to /home/jim/dh_gripper_ws/install/dh_gripper_driver/lib/python3.10/site-packages/dh_gripper_driver-0.0.0-py3.10.egg-info
[0.696s] running install_scripts
[0.712s] Installing dh_gripper_driver script to /home/jim/dh_gripper_ws/install/dh_gripper_driver/lib/dh_gripper_driver
[0.712s] writing list of installed files to '/home/jim/dh_gripper_ws/build/dh_gripper_driver/install.log'
[0.729s] Invoked command in '/home/jim/dh_gripper_ws/src/dh_gripper_driver' returned '0': CMAKE_PREFIX_PATH=/home/jim/dh_gripper_ws/install/dh_gripper_msgs:/home/jim/dh_gripper_ws/install/dh_gripper_description:/home/jim/ws_moveit2/install/pilz_industrial_motion_planner_testutils:/home/jim/ws_moveit2/install/moveit_runtime:/home/jim/ws_moveit2/install/moveit2_tutorials:/home/jim/ws_moveit2/install/moveit:/home/jim/ws_moveit2/install/moveit_planners:/home/jim/ws_moveit2/install/pilz_industrial_motion_planner:/home/jim/ws_moveit2/install/moveit_visual_tools:/home/jim/ws_moveit2/install/moveit_task_constructor_visualization:/home/jim/ws_moveit2/install/moveit_task_constructor_demo:/home/jim/ws_moveit2/install/moveit_task_constructor_capabilities:/home/jim/ws_moveit2/install/moveit_task_constructor_core:/home/jim/ws_moveit2/install/moveit_ros_control_interface:/home/jim/ws_moveit2/install/moveit_plugins:/home/jim/ws_moveit2/install/moveit_simple_controller_manager:/home/jim/ws_moveit2/install/moveit_setup_assistant:/home/jim/ws_moveit2/install/moveit_setup_srdf_plugins:/home/jim/ws_moveit2/install/moveit_setup_core_plugins:/home/jim/ws_moveit2/install/moveit_setup_controllers:/home/jim/ws_moveit2/install/moveit_setup_app_plugins:/home/jim/ws_moveit2/install/moveit_setup_framework:/home/jim/ws_moveit2/install/moveit_servo:/home/jim/ws_moveit2/install/moveit_ros:/home/jim/ws_moveit2/install/moveit_ros_visualization:/home/jim/ws_moveit2/install/moveit_hybrid_planning:/home/jim/ws_moveit2/install/moveit_ros_planning_interface:/home/jim/ws_moveit2/install/moveit_ros_benchmarks:/home/jim/ws_moveit2/install/moveit_ros_warehouse:/home/jim/ws_moveit2/install/moveit_ros_robot_interaction:/home/jim/ws_moveit2/install/moveit_ros_perception:/home/jim/ws_moveit2/install/moveit_resources_prbt_pg70_support:/home/jim/ws_moveit2/install/moveit_resources_prbt_moveit_config:/home/jim/ws_moveit2/install/moveit_ros_move_group:/home/jim/ws_moveit2/install/moveit_planners_ompl:/home/jim/ws_moveit2/install/moveit_ros_planning:/home/jim/ws_moveit2/install/moveit_ros_occupancy_map_monitor:/home/jim/ws_moveit2/install/moveit_resources_prbt_ikfast_manipulator_plugin:/home/jim/ws_moveit2/install/moveit_planners_chomp:/home/jim/ws_moveit2/install/moveit_kinematics:/home/jim/ws_moveit2/install/moveit_chomp_optimizer_adapter:/home/jim/ws_moveit2/install/chomp_motion_planner:/home/jim/ws_moveit2/install/moveit_core:/home/jim/ws_moveit2/install/srdfdom:/home/jim/ws_moveit2/install/rviz_marker_tools:/home/jim/ws_moveit2/install/rosparam_shortcuts:/home/jim/ws_moveit2/install/moveit_task_constructor_msgs:/home/jim/ws_moveit2/install/moveit_resources_prbt_support:/home/jim/ws_moveit2/install/moveit_resources:/home/jim/ws_moveit2/install/moveit_resources_pr2_description:/home/jim/ws_moveit2/install/moveit_resources_panda_moveit_config:/home/jim/ws_moveit2/install/moveit_resources_panda_description:/home/jim/ws_moveit2/install/moveit_resources_fanuc_moveit_config:/home/jim/ws_moveit2/install/moveit_resources_fanuc_description:/home/jim/ws_moveit2/install/moveit_common PYTHONPATH=/home/jim/dh_gripper_ws/build/dh_gripper_driver/prefix_override:/usr/lib/python3/dist-packages/colcon_core/task/python/colcon_distutils_commands:/home/jim/dh_gripper_ws/install/dh_gripper_driver/lib/python3.10/site-packages:${PYTHONPATH} /usr/bin/python3 -W ignore:setup.py install is deprecated -W ignore:easy_install command is deprecated setup.py egg_info --egg-base ../../build/dh_gripper_driver build --build-base /home/jim/dh_gripper_ws/build/dh_gripper_driver/build install --record /home/jim/dh_gripper_ws/build/dh_gripper_driver/install.log --single-version-externally-managed install_data
