[0.460s] Invoking command in '/home/jim/dh_gripper_ws/src/dh_gripper_driver': PYTHONPATH=/home/jim/dh_gripper_ws/build/dh_gripper_driver/prefix_override:/usr/lib/python3/dist-packages/colcon_core/task/python/colcon_distutils_commands:/home/jim/dh_gripper_ws/install/dh_gripper_driver/lib/python3.10/site-packages:${PYTHONPATH} /usr/bin/python3 -W ignore:setup.py install is deprecated -W ignore:easy_install command is deprecated setup.py egg_info --egg-base ../../build/dh_gripper_driver build --build-base /home/jim/dh_gripper_ws/build/dh_gripper_driver/build install --record /home/jim/dh_gripper_ws/build/dh_gripper_driver/install.log --single-version-externally-managed install_data
[0.629s] running egg_info
[0.629s] writing ../../build/dh_gripper_driver/dh_gripper_driver.egg-info/PKG-INFO
[0.630s] writing dependency_links to ../../build/dh_gripper_driver/dh_gripper_driver.egg-info/dependency_links.txt
[0.630s] writing entry points to ../../build/dh_gripper_driver/dh_gripper_driver.egg-info/entry_points.txt
[0.630s] writing requirements to ../../build/dh_gripper_driver/dh_gripper_driver.egg-info/requires.txt
[0.630s] writing top-level names to ../../build/dh_gripper_driver/dh_gripper_driver.egg-info/top_level.txt
[0.631s] reading manifest file '../../build/dh_gripper_driver/dh_gripper_driver.egg-info/SOURCES.txt'
[0.631s] writing manifest file '../../build/dh_gripper_driver/dh_gripper_driver.egg-info/SOURCES.txt'
[0.631s] running build
[0.631s] running build_py
[0.631s] running install
[0.632s] running install_lib
[0.632s] running install_data
[0.632s] running install_egg_info
[0.634s] removing '/home/jim/dh_gripper_ws/install/dh_gripper_driver/lib/python3.10/site-packages/dh_gripper_driver-0.0.0-py3.10.egg-info' (and everything under it)
[0.634s] Copying ../../build/dh_gripper_driver/dh_gripper_driver.egg-info to /home/jim/dh_gripper_ws/install/dh_gripper_driver/lib/python3.10/site-packages/dh_gripper_driver-0.0.0-py3.10.egg-info
[0.634s] running install_scripts
[0.648s] Installing dh_gripper_driver script to /home/jim/dh_gripper_ws/install/dh_gripper_driver/lib/dh_gripper_driver
[0.648s] writing list of installed files to '/home/jim/dh_gripper_ws/build/dh_gripper_driver/install.log'
[0.663s] Invoked command in '/home/jim/dh_gripper_ws/src/dh_gripper_driver' returned '0': PYTHONPATH=/home/jim/dh_gripper_ws/build/dh_gripper_driver/prefix_override:/usr/lib/python3/dist-packages/colcon_core/task/python/colcon_distutils_commands:/home/jim/dh_gripper_ws/install/dh_gripper_driver/lib/python3.10/site-packages:${PYTHONPATH} /usr/bin/python3 -W ignore:setup.py install is deprecated -W ignore:easy_install command is deprecated setup.py egg_info --egg-base ../../build/dh_gripper_driver build --build-base /home/jim/dh_gripper_ws/build/dh_gripper_driver/build install --record /home/jim/dh_gripper_ws/build/dh_gripper_driver/install.log --single-version-externally-managed install_data
