[0.022s] Invoking command in '/home/jim/dh_gripper_ws/build/dh_gripper_msgs': CMAKE_PREFIX_PATH=${CMAKE_PREFIX_PATH}:/home/jim/dh_gripper_ws/install/dh_gripper_driver:/home/jim/ws_moveit2/install/moveit_configs_utils:/home/jim/ws_moveit2/install/launch_param_builder:/home/jim/tactile_ws/install/tactile_sensor_ros2:/opt/ros/humble /usr/bin/cmake /home/jim/dh_gripper_ws/src/dh_gripper_msgs -DCMAKE_INSTALL_PREFIX=/home/jim/dh_gripper_ws/install/dh_gripper_msgs
[0.123s] -- The C compiler identification is GNU 11.4.0
[0.190s] -- The CXX compiler identification is GNU 11.4.0
[0.200s] -- Detecting C compiler ABI info
[0.305s] -- Detecting C compiler ABI info - done
[0.310s] -- Check for working C compiler: /usr/bin/cc - skipped
[0.310s] -- Detecting C compile features
[0.311s] -- Detecting C compile features - done
[0.314s] -- Detecting CXX compiler ABI info
[0.440s] -- Detecting CXX compiler ABI info - done
[0.449s] -- Check for working CXX compiler: /usr/bin/c++ - skipped
[0.449s] -- Detecting CXX compile features
[0.450s] -- Detecting CXX compile features - done
[0.457s] -- Found ament_cmake: 1.3.12 (/opt/ros/humble/share/ament_cmake/cmake)
[0.610s] -- Found Python3: /usr/bin/python3 (found version "3.10.12") found components: Interpreter 
[0.723s] -- Found rosidl_default_generators: 1.2.0 (/opt/ros/humble/share/rosidl_default_generators/cmake)
[0.734s] -- Using all available rosidl_typesupport_c: rosidl_typesupport_fastrtps_c;rosidl_typesupport_introspection_c
[0.746s] -- Found rosidl_adapter: 3.1.7 (/opt/ros/humble/share/rosidl_adapter/cmake)
[0.804s] -- Using all available rosidl_typesupport_cpp: rosidl_typesupport_fastrtps_cpp;rosidl_typesupport_introspection_cpp
[0.847s] -- Found std_msgs: 4.9.0 (/opt/ros/humble/share/std_msgs/cmake)
[1.126s] -- Found ament_cmake_ros: 0.10.0 (/opt/ros/humble/share/ament_cmake_ros/cmake)
[1.344s] -- Using all available rosidl_typesupport_c: rosidl_typesupport_fastrtps_c;rosidl_typesupport_introspection_c
[1.605s] -- Using all available rosidl_typesupport_cpp: rosidl_typesupport_fastrtps_cpp;rosidl_typesupport_introspection_cpp
[1.627s] -- Found PythonInterp: /usr/bin/python3 (found suitable version "3.10.12", minimum required is "3.6") 
[1.632s] -- Found python_cmake_module: 0.10.0 (/opt/ros/humble/share/python_cmake_module/cmake)
[1.673s] -- Found PythonLibs: /usr/lib/x86_64-linux-gnu/libpython3.10.so (found suitable version "3.10.12", minimum required is "3.5") 
[1.673s] -- Using PYTHON_EXECUTABLE: /usr/bin/python3
[1.673s] -- Using PYTHON_INCLUDE_DIRS: /usr/include/python3.10
[1.673s] -- Using PYTHON_LIBRARIES: /usr/lib/x86_64-linux-gnu/libpython3.10.so
[1.704s] -- Found PythonExtra: .so  
[1.783s] -- Configuring done
[1.805s] -- Generating done
[1.813s] -- Build files have been written to: /home/jim/dh_gripper_ws/build/dh_gripper_msgs
[1.818s] Invoked command in '/home/jim/dh_gripper_ws/build/dh_gripper_msgs' returned '0': CMAKE_PREFIX_PATH=${CMAKE_PREFIX_PATH}:/home/jim/dh_gripper_ws/install/dh_gripper_driver:/home/jim/ws_moveit2/install/moveit_configs_utils:/home/jim/ws_moveit2/install/launch_param_builder:/home/jim/tactile_ws/install/tactile_sensor_ros2:/opt/ros/humble /usr/bin/cmake /home/jim/dh_gripper_ws/src/dh_gripper_msgs -DCMAKE_INSTALL_PREFIX=/home/jim/dh_gripper_ws/install/dh_gripper_msgs
[1.821s] Invoking command in '/home/jim/dh_gripper_ws/build/dh_gripper_msgs': CMAKE_PREFIX_PATH=${CMAKE_PREFIX_PATH}:/home/jim/dh_gripper_ws/install/dh_gripper_driver:/home/jim/ws_moveit2/install/moveit_configs_utils:/home/jim/ws_moveit2/install/launch_param_builder:/home/jim/tactile_ws/install/tactile_sensor_ros2:/opt/ros/humble /usr/bin/cmake --build /home/jim/dh_gripper_ws/build/dh_gripper_msgs -- -j16 -l16
[1.885s] [  1%] [34m[1mGenerating C code for ROS interfaces[0m
[1.901s] [  3%] [34m[1mGenerating C++ code for ROS interfaces[0m
[1.903s] [  3%] Built target ament_cmake_python_copy_dh_gripper_msgs
[2.127s] running egg_info
[2.127s] creating dh_gripper_msgs.egg-info
[2.127s] writing dh_gripper_msgs.egg-info/PKG-INFO
[2.127s] writing dependency_links to dh_gripper_msgs.egg-info/dependency_links.txt
[2.127s] writing top-level names to dh_gripper_msgs.egg-info/top_level.txt
[2.128s] writing manifest file 'dh_gripper_msgs.egg-info/SOURCES.txt'
[2.129s] reading manifest file 'dh_gripper_msgs.egg-info/SOURCES.txt'
[2.130s] writing manifest file 'dh_gripper_msgs.egg-info/SOURCES.txt'
[2.150s] [  3%] Built target ament_cmake_python_build_dh_gripper_msgs_egg
[2.171s] [  3%] Built target dh_gripper_msgs__cpp
[2.187s] [  7%] [34m[1mGenerating C++ introspection for ROS interfaces[0m
[2.188s] [  7%] [34m[1mGenerating C++ type support for eProsima Fast-RTPS[0m
[2.188s] [  9%] [34m[1mGenerating C++ type support dispatch for ROS interfaces[0m
[2.217s] [ 10%] [32mBuilding C object CMakeFiles/dh_gripper_msgs__rosidl_generator_c.dir/rosidl_generator_c/dh_gripper_msgs/msg/detail/gripper_state__functions.c.o[0m
[2.221s] [ 12%] [32mBuilding C object CMakeFiles/dh_gripper_msgs__rosidl_generator_c.dir/rosidl_generator_c/dh_gripper_msgs/msg/detail/gripper_rot_state__functions.c.o[0m
[2.222s] [ 16%] [32mBuilding C object CMakeFiles/dh_gripper_msgs__rosidl_generator_c.dir/rosidl_generator_c/dh_gripper_msgs/msg/detail/gripper_rot_ctrl__functions.c.o[0m
[2.222s] [ 16%] [32mBuilding C object CMakeFiles/dh_gripper_msgs__rosidl_generator_c.dir/rosidl_generator_c/dh_gripper_msgs/msg/detail/gripper_ctrl__functions.c.o[0m
[2.280s] [ 18%] [32m[1mLinking C shared library libdh_gripper_msgs__rosidl_generator_c.so[0m
[2.323s] [ 18%] Built target dh_gripper_msgs__rosidl_generator_c
[2.338s] [ 20%] [34m[1mGenerating C introspection for ROS interfaces[0m
[2.339s] [ 23%] [34m[1mGenerating C type support for eProsima Fast-RTPS[0m
[2.339s] [ 23%] [34m[1mGenerating C type support dispatch for ROS interfaces[0m
[2.391s] [ 25%] [32mBuilding CXX object CMakeFiles/dh_gripper_msgs__rosidl_typesupport_cpp.dir/rosidl_typesupport_cpp/dh_gripper_msgs/msg/gripper_ctrl__type_support.cpp.o[0m
[2.392s] [ 27%] [32mBuilding CXX object CMakeFiles/dh_gripper_msgs__rosidl_typesupport_cpp.dir/rosidl_typesupport_cpp/dh_gripper_msgs/msg/gripper_rot_state__type_support.cpp.o[0m
[2.393s] [ 29%] [32mBuilding CXX object CMakeFiles/dh_gripper_msgs__rosidl_typesupport_cpp.dir/rosidl_typesupport_cpp/dh_gripper_msgs/msg/gripper_rot_ctrl__type_support.cpp.o[0m
[2.394s] [ 30%] [32mBuilding CXX object CMakeFiles/dh_gripper_msgs__rosidl_typesupport_cpp.dir/rosidl_typesupport_cpp/dh_gripper_msgs/msg/gripper_state__type_support.cpp.o[0m
[2.410s] [ 32%] [32mBuilding CXX object CMakeFiles/dh_gripper_msgs__rosidl_typesupport_introspection_cpp.dir/rosidl_typesupport_introspection_cpp/dh_gripper_msgs/msg/detail/gripper_ctrl__type_support.cpp.o[0m
[2.412s] [ 34%] [32mBuilding CXX object CMakeFiles/dh_gripper_msgs__rosidl_typesupport_introspection_cpp.dir/rosidl_typesupport_introspection_cpp/dh_gripper_msgs/msg/detail/gripper_rot_state__type_support.cpp.o[0m
[2.415s] [ 36%] [32mBuilding CXX object CMakeFiles/dh_gripper_msgs__rosidl_typesupport_introspection_cpp.dir/rosidl_typesupport_introspection_cpp/dh_gripper_msgs/msg/detail/gripper_rot_ctrl__type_support.cpp.o[0m
[2.416s] [ 38%] [32mBuilding CXX object CMakeFiles/dh_gripper_msgs__rosidl_typesupport_introspection_cpp.dir/rosidl_typesupport_introspection_cpp/dh_gripper_msgs/msg/detail/gripper_state__type_support.cpp.o[0m
[2.510s] [ 43%] [32mBuilding CXX object CMakeFiles/dh_gripper_msgs__rosidl_typesupport_fastrtps_cpp.dir/rosidl_typesupport_fastrtps_cpp/dh_gripper_msgs/msg/detail/dds_fastrtps/gripper_rot_ctrl__type_support.cpp.o[0m
[2.510s] [ 43%] [32mBuilding CXX object CMakeFiles/dh_gripper_msgs__rosidl_typesupport_fastrtps_cpp.dir/rosidl_typesupport_fastrtps_cpp/dh_gripper_msgs/msg/detail/dds_fastrtps/gripper_ctrl__type_support.cpp.o[0m
[2.510s] [ 43%] [32mBuilding CXX object CMakeFiles/dh_gripper_msgs__rosidl_typesupport_fastrtps_cpp.dir/rosidl_typesupport_fastrtps_cpp/dh_gripper_msgs/msg/detail/dds_fastrtps/gripper_state__type_support.cpp.o[0m
[2.512s] [ 45%] [32mBuilding CXX object CMakeFiles/dh_gripper_msgs__rosidl_typesupport_fastrtps_cpp.dir/rosidl_typesupport_fastrtps_cpp/dh_gripper_msgs/msg/detail/dds_fastrtps/gripper_rot_state__type_support.cpp.o[0m
[2.627s] [ 47%] [32mBuilding CXX object CMakeFiles/dh_gripper_msgs__rosidl_typesupport_c.dir/rosidl_typesupport_c/dh_gripper_msgs/msg/gripper_ctrl__type_support.cpp.o[0m
[2.627s] [ 49%] [32mBuilding CXX object CMakeFiles/dh_gripper_msgs__rosidl_typesupport_c.dir/rosidl_typesupport_c/dh_gripper_msgs/msg/gripper_state__type_support.cpp.o[0m
[2.647s] [ 50%] [32mBuilding CXX object CMakeFiles/dh_gripper_msgs__rosidl_typesupport_c.dir/rosidl_typesupport_c/dh_gripper_msgs/msg/gripper_rot_ctrl__type_support.cpp.o[0m
[2.667s] [ 52%] [32mBuilding CXX object CMakeFiles/dh_gripper_msgs__rosidl_typesupport_c.dir/rosidl_typesupport_c/dh_gripper_msgs/msg/gripper_rot_state__type_support.cpp.o[0m
[2.704s] [ 54%] [32m[1mLinking CXX shared library libdh_gripper_msgs__rosidl_typesupport_c.so[0m
[2.717s] [ 56%] [32m[1mLinking CXX shared library libdh_gripper_msgs__rosidl_typesupport_cpp.so[0m
[2.758s] [ 56%] Built target dh_gripper_msgs__rosidl_typesupport_c
[2.771s] [ 63%] [32mBuilding C object CMakeFiles/dh_gripper_msgs__rosidl_typesupport_introspection_c.dir/rosidl_typesupport_introspection_c/dh_gripper_msgs/msg/detail/gripper_rot_state__type_support.c.o[0m
[2.771s] [ 63%] [32mBuilding C object CMakeFiles/dh_gripper_msgs__rosidl_typesupport_introspection_c.dir/rosidl_typesupport_introspection_c/dh_gripper_msgs/msg/detail/gripper_ctrl__type_support.c.o[0m
[2.771s] [ 63%] [32mBuilding C object CMakeFiles/dh_gripper_msgs__rosidl_typesupport_introspection_c.dir/rosidl_typesupport_introspection_c/dh_gripper_msgs/msg/detail/gripper_rot_ctrl__type_support.c.o[0m
[2.771s] [ 63%] [32mBuilding C object CMakeFiles/dh_gripper_msgs__rosidl_typesupport_introspection_c.dir/rosidl_typesupport_introspection_c/dh_gripper_msgs/msg/detail/gripper_state__type_support.c.o[0m
[2.772s] [ 63%] Built target dh_gripper_msgs__rosidl_typesupport_cpp
[2.802s] [ 65%] [32m[1mLinking C shared library libdh_gripper_msgs__rosidl_typesupport_introspection_c.so[0m
[2.807s] [ 69%] [32mBuilding CXX object CMakeFiles/dh_gripper_msgs__rosidl_typesupport_fastrtps_c.dir/rosidl_typesupport_fastrtps_c/dh_gripper_msgs/msg/detail/gripper_rot_ctrl__type_support_c.cpp.o[0m
[2.807s] [ 69%] [32mBuilding CXX object CMakeFiles/dh_gripper_msgs__rosidl_typesupport_fastrtps_c.dir/rosidl_typesupport_fastrtps_c/dh_gripper_msgs/msg/detail/gripper_ctrl__type_support_c.cpp.o[0m
[2.809s] [ 70%] [32mBuilding CXX object CMakeFiles/dh_gripper_msgs__rosidl_typesupport_fastrtps_c.dir/rosidl_typesupport_fastrtps_c/dh_gripper_msgs/msg/detail/gripper_rot_state__type_support_c.cpp.o[0m
[2.814s] [ 72%] [32mBuilding CXX object CMakeFiles/dh_gripper_msgs__rosidl_typesupport_fastrtps_c.dir/rosidl_typesupport_fastrtps_c/dh_gripper_msgs/msg/detail/gripper_state__type_support_c.cpp.o[0m
[2.831s] [ 72%] Built target dh_gripper_msgs__rosidl_typesupport_introspection_c
[2.890s] [ 74%] [32m[1mLinking CXX shared library libdh_gripper_msgs__rosidl_typesupport_introspection_cpp.so[0m
[2.974s] [ 74%] Built target dh_gripper_msgs__rosidl_typesupport_introspection_cpp
[3.016s] [ 76%] [32m[1mLinking CXX shared library libdh_gripper_msgs__rosidl_typesupport_fastrtps_cpp.so[0m
[3.094s] [ 76%] Built target dh_gripper_msgs__rosidl_typesupport_fastrtps_cpp
[3.108s] [ 78%] [32m[1mLinking CXX shared library libdh_gripper_msgs__rosidl_typesupport_fastrtps_c.so[0m
[3.196s] [ 78%] Built target dh_gripper_msgs__rosidl_typesupport_fastrtps_c
[3.235s] [ 78%] Built target dh_gripper_msgs
[3.280s] [ 80%] [34m[1mGenerating Python code for ROS interfaces[0m
[3.657s] [ 80%] Built target dh_gripper_msgs__py
[3.687s] [ 81%] [32mBuilding C object CMakeFiles/dh_gripper_msgs__rosidl_generator_py.dir/rosidl_generator_py/dh_gripper_msgs/msg/_gripper_ctrl_s.c.o[0m
[3.689s] [ 83%] [32mBuilding C object CMakeFiles/dh_gripper_msgs__rosidl_generator_py.dir/rosidl_generator_py/dh_gripper_msgs/msg/_gripper_state_s.c.o[0m
[3.690s] [ 85%] [32mBuilding C object CMakeFiles/dh_gripper_msgs__rosidl_generator_py.dir/rosidl_generator_py/dh_gripper_msgs/msg/_gripper_rot_state_s.c.o[0m
[3.691s] [ 87%] [32mBuilding C object CMakeFiles/dh_gripper_msgs__rosidl_generator_py.dir/rosidl_generator_py/dh_gripper_msgs/msg/_gripper_rot_ctrl_s.c.o[0m
[3.780s] [ 89%] [32m[1mLinking C shared library rosidl_generator_py/dh_gripper_msgs/libdh_gripper_msgs__rosidl_generator_py.so[0m
[3.840s] [ 89%] Built target dh_gripper_msgs__rosidl_generator_py
[3.880s] [ 90%] [32mBuilding C object CMakeFiles/dh_gripper_msgs__rosidl_typesupport_c__pyext.dir/rosidl_generator_py/dh_gripper_msgs/_dh_gripper_msgs_s.ep.rosidl_typesupport_c.c.o[0m
[3.883s] [ 92%] [32mBuilding C object CMakeFiles/dh_gripper_msgs__rosidl_typesupport_fastrtps_c__pyext.dir/rosidl_generator_py/dh_gripper_msgs/_dh_gripper_msgs_s.ep.rosidl_typesupport_fastrtps_c.c.o[0m
[3.883s] [ 94%] [32mBuilding C object CMakeFiles/dh_gripper_msgs__rosidl_typesupport_introspection_c__pyext.dir/rosidl_generator_py/dh_gripper_msgs/_dh_gripper_msgs_s.ep.rosidl_typesupport_introspection_c.c.o[0m
[3.959s] [ 96%] [32m[1mLinking C shared library rosidl_generator_py/dh_gripper_msgs/dh_gripper_msgs_s__rosidl_typesupport_introspection_c.cpython-310-x86_64-linux-gnu.so[0m
[3.959s] [ 98%] [32m[1mLinking C shared library rosidl_generator_py/dh_gripper_msgs/dh_gripper_msgs_s__rosidl_typesupport_fastrtps_c.cpython-310-x86_64-linux-gnu.so[0m
[3.968s] [100%] [32m[1mLinking C shared library rosidl_generator_py/dh_gripper_msgs/dh_gripper_msgs_s__rosidl_typesupport_c.cpython-310-x86_64-linux-gnu.so[0m
[3.999s] [100%] Built target dh_gripper_msgs__rosidl_typesupport_fastrtps_c__pyext
[3.999s] [100%] Built target dh_gripper_msgs__rosidl_typesupport_introspection_c__pyext
[4.020s] [100%] Built target dh_gripper_msgs__rosidl_typesupport_c__pyext
[4.041s] Invoked command in '/home/jim/dh_gripper_ws/build/dh_gripper_msgs' returned '0': CMAKE_PREFIX_PATH=${CMAKE_PREFIX_PATH}:/home/jim/dh_gripper_ws/install/dh_gripper_driver:/home/jim/ws_moveit2/install/moveit_configs_utils:/home/jim/ws_moveit2/install/launch_param_builder:/home/jim/tactile_ws/install/tactile_sensor_ros2:/opt/ros/humble /usr/bin/cmake --build /home/jim/dh_gripper_ws/build/dh_gripper_msgs -- -j16 -l16
[4.055s] Invoking command in '/home/jim/dh_gripper_ws/build/dh_gripper_msgs': CMAKE_PREFIX_PATH=${CMAKE_PREFIX_PATH}:/home/jim/dh_gripper_ws/install/dh_gripper_driver:/home/jim/ws_moveit2/install/moveit_configs_utils:/home/jim/ws_moveit2/install/launch_param_builder:/home/jim/tactile_ws/install/tactile_sensor_ros2:/opt/ros/humble /usr/bin/cmake --install /home/jim/dh_gripper_ws/build/dh_gripper_msgs
[4.066s] -- Install configuration: ""
[4.066s] -- Installing: /home/jim/dh_gripper_ws/install/dh_gripper_msgs/share/ament_index/resource_index/rosidl_interfaces/dh_gripper_msgs
[4.066s] -- Installing: /home/jim/dh_gripper_ws/install/dh_gripper_msgs/include/dh_gripper_msgs/dh_gripper_msgs
[4.066s] -- Installing: /home/jim/dh_gripper_ws/install/dh_gripper_msgs/include/dh_gripper_msgs/dh_gripper_msgs/msg
[4.066s] -- Installing: /home/jim/dh_gripper_ws/install/dh_gripper_msgs/include/dh_gripper_msgs/dh_gripper_msgs/msg/gripper_rot_state.h
[4.066s] -- Installing: /home/jim/dh_gripper_ws/install/dh_gripper_msgs/include/dh_gripper_msgs/dh_gripper_msgs/msg/gripper_state.h
[4.066s] -- Installing: /home/jim/dh_gripper_ws/install/dh_gripper_msgs/include/dh_gripper_msgs/dh_gripper_msgs/msg/rosidl_generator_c__visibility_control.h
[4.066s] -- Installing: /home/jim/dh_gripper_ws/install/dh_gripper_msgs/include/dh_gripper_msgs/dh_gripper_msgs/msg/gripper_rot_ctrl.h
[4.067s] -- Installing: /home/jim/dh_gripper_ws/install/dh_gripper_msgs/include/dh_gripper_msgs/dh_gripper_msgs/msg/gripper_ctrl.h
[4.067s] -- Installing: /home/jim/dh_gripper_ws/install/dh_gripper_msgs/include/dh_gripper_msgs/dh_gripper_msgs/msg/detail
[4.067s] -- Installing: /home/jim/dh_gripper_ws/install/dh_gripper_msgs/include/dh_gripper_msgs/dh_gripper_msgs/msg/detail/gripper_rot_ctrl__functions.h
[4.067s] -- Installing: /home/jim/dh_gripper_ws/install/dh_gripper_msgs/include/dh_gripper_msgs/dh_gripper_msgs/msg/detail/gripper_ctrl__struct.h
[4.067s] -- Installing: /home/jim/dh_gripper_ws/install/dh_gripper_msgs/include/dh_gripper_msgs/dh_gripper_msgs/msg/detail/gripper_ctrl__functions.h
[4.067s] -- Installing: /home/jim/dh_gripper_ws/install/dh_gripper_msgs/include/dh_gripper_msgs/dh_gripper_msgs/msg/detail/gripper_ctrl__functions.c
[4.067s] -- Installing: /home/jim/dh_gripper_ws/install/dh_gripper_msgs/include/dh_gripper_msgs/dh_gripper_msgs/msg/detail/gripper_rot_state__functions.h
[4.067s] -- Installing: /home/jim/dh_gripper_ws/install/dh_gripper_msgs/include/dh_gripper_msgs/dh_gripper_msgs/msg/detail/gripper_rot_ctrl__struct.h
[4.067s] -- Installing: /home/jim/dh_gripper_ws/install/dh_gripper_msgs/include/dh_gripper_msgs/dh_gripper_msgs/msg/detail/gripper_state__struct.h
[4.067s] -- Installing: /home/jim/dh_gripper_ws/install/dh_gripper_msgs/include/dh_gripper_msgs/dh_gripper_msgs/msg/detail/gripper_rot_state__functions.c
[4.067s] -- Installing: /home/jim/dh_gripper_ws/install/dh_gripper_msgs/include/dh_gripper_msgs/dh_gripper_msgs/msg/detail/gripper_ctrl__type_support.h
[4.067s] -- Installing: /home/jim/dh_gripper_ws/install/dh_gripper_msgs/include/dh_gripper_msgs/dh_gripper_msgs/msg/detail/gripper_rot_state__type_support.h
[4.067s] -- Installing: /home/jim/dh_gripper_ws/install/dh_gripper_msgs/include/dh_gripper_msgs/dh_gripper_msgs/msg/detail/gripper_state__type_support.h
[4.067s] -- Installing: /home/jim/dh_gripper_ws/install/dh_gripper_msgs/include/dh_gripper_msgs/dh_gripper_msgs/msg/detail/gripper_rot_ctrl__functions.c
[4.067s] -- Installing: /home/jim/dh_gripper_ws/install/dh_gripper_msgs/include/dh_gripper_msgs/dh_gripper_msgs/msg/detail/gripper_rot_state__struct.h
[4.067s] -- Installing: /home/jim/dh_gripper_ws/install/dh_gripper_msgs/include/dh_gripper_msgs/dh_gripper_msgs/msg/detail/gripper_state__functions.h
[4.067s] -- Installing: /home/jim/dh_gripper_ws/install/dh_gripper_msgs/include/dh_gripper_msgs/dh_gripper_msgs/msg/detail/gripper_rot_ctrl__type_support.h
[4.067s] -- Installing: /home/jim/dh_gripper_ws/install/dh_gripper_msgs/include/dh_gripper_msgs/dh_gripper_msgs/msg/detail/gripper_state__functions.c
[4.067s] -- Installing: /home/jim/dh_gripper_ws/install/dh_gripper_msgs/share/dh_gripper_msgs/environment/library_path.sh
[4.067s] -- Installing: /home/jim/dh_gripper_ws/install/dh_gripper_msgs/share/dh_gripper_msgs/environment/library_path.dsv
[4.067s] -- Installing: /home/jim/dh_gripper_ws/install/dh_gripper_msgs/lib/libdh_gripper_msgs__rosidl_generator_c.so
[4.068s] -- Set runtime path of "/home/jim/dh_gripper_ws/install/dh_gripper_msgs/lib/libdh_gripper_msgs__rosidl_generator_c.so" to ""
[4.068s] -- Up-to-date: /home/jim/dh_gripper_ws/install/dh_gripper_msgs/include/dh_gripper_msgs/dh_gripper_msgs
[4.068s] -- Up-to-date: /home/jim/dh_gripper_ws/install/dh_gripper_msgs/include/dh_gripper_msgs/dh_gripper_msgs/msg
[4.068s] -- Installing: /home/jim/dh_gripper_ws/install/dh_gripper_msgs/include/dh_gripper_msgs/dh_gripper_msgs/msg/rosidl_typesupport_fastrtps_c__visibility_control.h
[4.068s] -- Up-to-date: /home/jim/dh_gripper_ws/install/dh_gripper_msgs/include/dh_gripper_msgs/dh_gripper_msgs/msg/detail
[4.068s] -- Installing: /home/jim/dh_gripper_ws/install/dh_gripper_msgs/include/dh_gripper_msgs/dh_gripper_msgs/msg/detail/gripper_rot_ctrl__rosidl_typesupport_fastrtps_c.h
[4.068s] -- Installing: /home/jim/dh_gripper_ws/install/dh_gripper_msgs/include/dh_gripper_msgs/dh_gripper_msgs/msg/detail/gripper_rot_state__rosidl_typesupport_fastrtps_c.h
[4.069s] -- Installing: /home/jim/dh_gripper_ws/install/dh_gripper_msgs/include/dh_gripper_msgs/dh_gripper_msgs/msg/detail/gripper_state__rosidl_typesupport_fastrtps_c.h
[4.069s] -- Installing: /home/jim/dh_gripper_ws/install/dh_gripper_msgs/include/dh_gripper_msgs/dh_gripper_msgs/msg/detail/gripper_ctrl__rosidl_typesupport_fastrtps_c.h
[4.069s] -- Installing: /home/jim/dh_gripper_ws/install/dh_gripper_msgs/lib/libdh_gripper_msgs__rosidl_typesupport_fastrtps_c.so
[4.069s] -- Set runtime path of "/home/jim/dh_gripper_ws/install/dh_gripper_msgs/lib/libdh_gripper_msgs__rosidl_typesupport_fastrtps_c.so" to ""
[4.069s] -- Up-to-date: /home/jim/dh_gripper_ws/install/dh_gripper_msgs/include/dh_gripper_msgs/dh_gripper_msgs
[4.069s] -- Up-to-date: /home/jim/dh_gripper_ws/install/dh_gripper_msgs/include/dh_gripper_msgs/dh_gripper_msgs/msg
[4.069s] -- Installing: /home/jim/dh_gripper_ws/install/dh_gripper_msgs/include/dh_gripper_msgs/dh_gripper_msgs/msg/rosidl_typesupport_introspection_c__visibility_control.h
[4.069s] -- Up-to-date: /home/jim/dh_gripper_ws/install/dh_gripper_msgs/include/dh_gripper_msgs/dh_gripper_msgs/msg/detail
[4.069s] -- Installing: /home/jim/dh_gripper_ws/install/dh_gripper_msgs/include/dh_gripper_msgs/dh_gripper_msgs/msg/detail/gripper_rot_state__rosidl_typesupport_introspection_c.h
[4.070s] -- Installing: /home/jim/dh_gripper_ws/install/dh_gripper_msgs/include/dh_gripper_msgs/dh_gripper_msgs/msg/detail/gripper_state__rosidl_typesupport_introspection_c.h
[4.070s] -- Installing: /home/jim/dh_gripper_ws/install/dh_gripper_msgs/include/dh_gripper_msgs/dh_gripper_msgs/msg/detail/gripper_ctrl__rosidl_typesupport_introspection_c.h
[4.070s] -- Installing: /home/jim/dh_gripper_ws/install/dh_gripper_msgs/include/dh_gripper_msgs/dh_gripper_msgs/msg/detail/gripper_rot_state__type_support.c
[4.070s] -- Installing: /home/jim/dh_gripper_ws/install/dh_gripper_msgs/include/dh_gripper_msgs/dh_gripper_msgs/msg/detail/gripper_rot_ctrl__type_support.c
[4.070s] -- Installing: /home/jim/dh_gripper_ws/install/dh_gripper_msgs/include/dh_gripper_msgs/dh_gripper_msgs/msg/detail/gripper_ctrl__type_support.c
[4.070s] -- Installing: /home/jim/dh_gripper_ws/install/dh_gripper_msgs/include/dh_gripper_msgs/dh_gripper_msgs/msg/detail/gripper_rot_ctrl__rosidl_typesupport_introspection_c.h
[4.070s] -- Installing: /home/jim/dh_gripper_ws/install/dh_gripper_msgs/include/dh_gripper_msgs/dh_gripper_msgs/msg/detail/gripper_state__type_support.c
[4.070s] -- Installing: /home/jim/dh_gripper_ws/install/dh_gripper_msgs/lib/libdh_gripper_msgs__rosidl_typesupport_introspection_c.so
[4.070s] -- Set runtime path of "/home/jim/dh_gripper_ws/install/dh_gripper_msgs/lib/libdh_gripper_msgs__rosidl_typesupport_introspection_c.so" to ""
[4.070s] -- Installing: /home/jim/dh_gripper_ws/install/dh_gripper_msgs/lib/libdh_gripper_msgs__rosidl_typesupport_c.so
[4.070s] -- Set runtime path of "/home/jim/dh_gripper_ws/install/dh_gripper_msgs/lib/libdh_gripper_msgs__rosidl_typesupport_c.so" to ""
[4.071s] -- Up-to-date: /home/jim/dh_gripper_ws/install/dh_gripper_msgs/include/dh_gripper_msgs/dh_gripper_msgs
[4.071s] -- Up-to-date: /home/jim/dh_gripper_ws/install/dh_gripper_msgs/include/dh_gripper_msgs/dh_gripper_msgs/msg
[4.071s] -- Installing: /home/jim/dh_gripper_ws/install/dh_gripper_msgs/include/dh_gripper_msgs/dh_gripper_msgs/msg/rosidl_generator_cpp__visibility_control.hpp
[4.071s] -- Installing: /home/jim/dh_gripper_ws/install/dh_gripper_msgs/include/dh_gripper_msgs/dh_gripper_msgs/msg/gripper_state.hpp
[4.071s] -- Installing: /home/jim/dh_gripper_ws/install/dh_gripper_msgs/include/dh_gripper_msgs/dh_gripper_msgs/msg/gripper_rot_state.hpp
[4.071s] -- Up-to-date: /home/jim/dh_gripper_ws/install/dh_gripper_msgs/include/dh_gripper_msgs/dh_gripper_msgs/msg/detail
[4.071s] -- Installing: /home/jim/dh_gripper_ws/install/dh_gripper_msgs/include/dh_gripper_msgs/dh_gripper_msgs/msg/detail/gripper_rot_ctrl__builder.hpp
[4.071s] -- Installing: /home/jim/dh_gripper_ws/install/dh_gripper_msgs/include/dh_gripper_msgs/dh_gripper_msgs/msg/detail/gripper_state__type_support.hpp
[4.071s] -- Installing: /home/jim/dh_gripper_ws/install/dh_gripper_msgs/include/dh_gripper_msgs/dh_gripper_msgs/msg/detail/gripper_ctrl__struct.hpp
[4.071s] -- Installing: /home/jim/dh_gripper_ws/install/dh_gripper_msgs/include/dh_gripper_msgs/dh_gripper_msgs/msg/detail/gripper_rot_ctrl__type_support.hpp
[4.072s] -- Installing: /home/jim/dh_gripper_ws/install/dh_gripper_msgs/include/dh_gripper_msgs/dh_gripper_msgs/msg/detail/gripper_state__builder.hpp
[4.072s] -- Installing: /home/jim/dh_gripper_ws/install/dh_gripper_msgs/include/dh_gripper_msgs/dh_gripper_msgs/msg/detail/gripper_state__traits.hpp
[4.072s] -- Installing: /home/jim/dh_gripper_ws/install/dh_gripper_msgs/include/dh_gripper_msgs/dh_gripper_msgs/msg/detail/gripper_rot_ctrl__struct.hpp
[4.072s] -- Installing: /home/jim/dh_gripper_ws/install/dh_gripper_msgs/include/dh_gripper_msgs/dh_gripper_msgs/msg/detail/gripper_state__struct.hpp
[4.072s] -- Installing: /home/jim/dh_gripper_ws/install/dh_gripper_msgs/include/dh_gripper_msgs/dh_gripper_msgs/msg/detail/gripper_ctrl__traits.hpp
[4.072s] -- Installing: /home/jim/dh_gripper_ws/install/dh_gripper_msgs/include/dh_gripper_msgs/dh_gripper_msgs/msg/detail/gripper_rot_state__type_support.hpp
[4.072s] -- Installing: /home/jim/dh_gripper_ws/install/dh_gripper_msgs/include/dh_gripper_msgs/dh_gripper_msgs/msg/detail/gripper_ctrl__builder.hpp
[4.072s] -- Installing: /home/jim/dh_gripper_ws/install/dh_gripper_msgs/include/dh_gripper_msgs/dh_gripper_msgs/msg/detail/gripper_rot_ctrl__traits.hpp
[4.072s] -- Installing: /home/jim/dh_gripper_ws/install/dh_gripper_msgs/include/dh_gripper_msgs/dh_gripper_msgs/msg/detail/gripper_rot_state__traits.hpp
[4.072s] -- Installing: /home/jim/dh_gripper_ws/install/dh_gripper_msgs/include/dh_gripper_msgs/dh_gripper_msgs/msg/detail/gripper_rot_state__struct.hpp
[4.072s] -- Installing: /home/jim/dh_gripper_ws/install/dh_gripper_msgs/include/dh_gripper_msgs/dh_gripper_msgs/msg/detail/gripper_rot_state__builder.hpp
[4.072s] -- Installing: /home/jim/dh_gripper_ws/install/dh_gripper_msgs/include/dh_gripper_msgs/dh_gripper_msgs/msg/detail/gripper_ctrl__type_support.hpp
[4.073s] -- Installing: /home/jim/dh_gripper_ws/install/dh_gripper_msgs/include/dh_gripper_msgs/dh_gripper_msgs/msg/gripper_ctrl.hpp
[4.073s] -- Installing: /home/jim/dh_gripper_ws/install/dh_gripper_msgs/include/dh_gripper_msgs/dh_gripper_msgs/msg/gripper_rot_ctrl.hpp
[4.073s] -- Up-to-date: /home/jim/dh_gripper_ws/install/dh_gripper_msgs/include/dh_gripper_msgs/dh_gripper_msgs
[4.073s] -- Up-to-date: /home/jim/dh_gripper_ws/install/dh_gripper_msgs/include/dh_gripper_msgs/dh_gripper_msgs/msg
[4.073s] -- Installing: /home/jim/dh_gripper_ws/install/dh_gripper_msgs/include/dh_gripper_msgs/dh_gripper_msgs/msg/rosidl_typesupport_fastrtps_cpp__visibility_control.h
[4.073s] -- Up-to-date: /home/jim/dh_gripper_ws/install/dh_gripper_msgs/include/dh_gripper_msgs/dh_gripper_msgs/msg/detail
[4.073s] -- Installing: /home/jim/dh_gripper_ws/install/dh_gripper_msgs/include/dh_gripper_msgs/dh_gripper_msgs/msg/detail/gripper_state__rosidl_typesupport_fastrtps_cpp.hpp
[4.073s] -- Installing: /home/jim/dh_gripper_ws/install/dh_gripper_msgs/include/dh_gripper_msgs/dh_gripper_msgs/msg/detail/gripper_ctrl__rosidl_typesupport_fastrtps_cpp.hpp
[4.073s] -- Installing: /home/jim/dh_gripper_ws/install/dh_gripper_msgs/include/dh_gripper_msgs/dh_gripper_msgs/msg/detail/gripper_rot_ctrl__rosidl_typesupport_fastrtps_cpp.hpp
[4.073s] -- Installing: /home/jim/dh_gripper_ws/install/dh_gripper_msgs/include/dh_gripper_msgs/dh_gripper_msgs/msg/detail/gripper_rot_state__rosidl_typesupport_fastrtps_cpp.hpp
[4.073s] -- Installing: /home/jim/dh_gripper_ws/install/dh_gripper_msgs/include/dh_gripper_msgs/dh_gripper_msgs/msg/detail/dds_fastrtps
[4.073s] -- Installing: /home/jim/dh_gripper_ws/install/dh_gripper_msgs/lib/libdh_gripper_msgs__rosidl_typesupport_fastrtps_cpp.so
[4.074s] -- Set runtime path of "/home/jim/dh_gripper_ws/install/dh_gripper_msgs/lib/libdh_gripper_msgs__rosidl_typesupport_fastrtps_cpp.so" to ""
[4.074s] -- Up-to-date: /home/jim/dh_gripper_ws/install/dh_gripper_msgs/include/dh_gripper_msgs/dh_gripper_msgs
[4.074s] -- Up-to-date: /home/jim/dh_gripper_ws/install/dh_gripper_msgs/include/dh_gripper_msgs/dh_gripper_msgs/msg
[4.074s] -- Up-to-date: /home/jim/dh_gripper_ws/install/dh_gripper_msgs/include/dh_gripper_msgs/dh_gripper_msgs/msg/detail
[4.074s] -- Installing: /home/jim/dh_gripper_ws/install/dh_gripper_msgs/include/dh_gripper_msgs/dh_gripper_msgs/msg/detail/gripper_rot_state__type_support.cpp
[4.074s] -- Installing: /home/jim/dh_gripper_ws/install/dh_gripper_msgs/include/dh_gripper_msgs/dh_gripper_msgs/msg/detail/gripper_rot_ctrl__type_support.cpp
[4.074s] -- Installing: /home/jim/dh_gripper_ws/install/dh_gripper_msgs/include/dh_gripper_msgs/dh_gripper_msgs/msg/detail/gripper_rot_state__rosidl_typesupport_introspection_cpp.hpp
[4.074s] -- Installing: /home/jim/dh_gripper_ws/install/dh_gripper_msgs/include/dh_gripper_msgs/dh_gripper_msgs/msg/detail/gripper_rot_ctrl__rosidl_typesupport_introspection_cpp.hpp
[4.074s] -- Installing: /home/jim/dh_gripper_ws/install/dh_gripper_msgs/include/dh_gripper_msgs/dh_gripper_msgs/msg/detail/gripper_ctrl__type_support.cpp
[4.074s] -- Installing: /home/jim/dh_gripper_ws/install/dh_gripper_msgs/include/dh_gripper_msgs/dh_gripper_msgs/msg/detail/gripper_state__type_support.cpp
[4.074s] -- Installing: /home/jim/dh_gripper_ws/install/dh_gripper_msgs/include/dh_gripper_msgs/dh_gripper_msgs/msg/detail/gripper_ctrl__rosidl_typesupport_introspection_cpp.hpp
[4.074s] -- Installing: /home/jim/dh_gripper_ws/install/dh_gripper_msgs/include/dh_gripper_msgs/dh_gripper_msgs/msg/detail/gripper_state__rosidl_typesupport_introspection_cpp.hpp
[4.074s] -- Installing: /home/jim/dh_gripper_ws/install/dh_gripper_msgs/lib/libdh_gripper_msgs__rosidl_typesupport_introspection_cpp.so
[4.075s] -- Set runtime path of "/home/jim/dh_gripper_ws/install/dh_gripper_msgs/lib/libdh_gripper_msgs__rosidl_typesupport_introspection_cpp.so" to ""
[4.075s] -- Installing: /home/jim/dh_gripper_ws/install/dh_gripper_msgs/lib/libdh_gripper_msgs__rosidl_typesupport_cpp.so
[4.075s] -- Set runtime path of "/home/jim/dh_gripper_ws/install/dh_gripper_msgs/lib/libdh_gripper_msgs__rosidl_typesupport_cpp.so" to ""
[4.075s] -- Installing: /home/jim/dh_gripper_ws/install/dh_gripper_msgs/share/dh_gripper_msgs/environment/pythonpath.sh
[4.075s] -- Installing: /home/jim/dh_gripper_ws/install/dh_gripper_msgs/share/dh_gripper_msgs/environment/pythonpath.dsv
[4.075s] -- Installing: /home/jim/dh_gripper_ws/install/dh_gripper_msgs/local/lib/python3.10/dist-packages/dh_gripper_msgs-0.0.1-py3.10.egg-info
[4.075s] -- Installing: /home/jim/dh_gripper_ws/install/dh_gripper_msgs/local/lib/python3.10/dist-packages/dh_gripper_msgs-0.0.1-py3.10.egg-info/dependency_links.txt
[4.075s] -- Installing: /home/jim/dh_gripper_ws/install/dh_gripper_msgs/local/lib/python3.10/dist-packages/dh_gripper_msgs-0.0.1-py3.10.egg-info/PKG-INFO
[4.075s] -- Installing: /home/jim/dh_gripper_ws/install/dh_gripper_msgs/local/lib/python3.10/dist-packages/dh_gripper_msgs-0.0.1-py3.10.egg-info/SOURCES.txt
[4.075s] -- Installing: /home/jim/dh_gripper_ws/install/dh_gripper_msgs/local/lib/python3.10/dist-packages/dh_gripper_msgs-0.0.1-py3.10.egg-info/top_level.txt
[4.075s] -- Installing: /home/jim/dh_gripper_ws/install/dh_gripper_msgs/local/lib/python3.10/dist-packages/dh_gripper_msgs
[4.075s] -- Installing: /home/jim/dh_gripper_ws/install/dh_gripper_msgs/local/lib/python3.10/dist-packages/dh_gripper_msgs/dh_gripper_msgs_s__rosidl_typesupport_introspection_c.cpython-310-x86_64-linux-gnu.so
[4.075s] -- Installing: /home/jim/dh_gripper_ws/install/dh_gripper_msgs/local/lib/python3.10/dist-packages/dh_gripper_msgs/msg
[4.075s] -- Installing: /home/jim/dh_gripper_ws/install/dh_gripper_msgs/local/lib/python3.10/dist-packages/dh_gripper_msgs/msg/_gripper_ctrl_s.c
[4.076s] -- Installing: /home/jim/dh_gripper_ws/install/dh_gripper_msgs/local/lib/python3.10/dist-packages/dh_gripper_msgs/msg/_gripper_rot_state_s.c
[4.076s] -- Installing: /home/jim/dh_gripper_ws/install/dh_gripper_msgs/local/lib/python3.10/dist-packages/dh_gripper_msgs/msg/_gripper_rot_ctrl_s.c
[4.076s] -- Installing: /home/jim/dh_gripper_ws/install/dh_gripper_msgs/local/lib/python3.10/dist-packages/dh_gripper_msgs/msg/_gripper_state_s.c
[4.076s] -- Installing: /home/jim/dh_gripper_ws/install/dh_gripper_msgs/local/lib/python3.10/dist-packages/dh_gripper_msgs/msg/__init__.py
[4.076s] -- Installing: /home/jim/dh_gripper_ws/install/dh_gripper_msgs/local/lib/python3.10/dist-packages/dh_gripper_msgs/msg/_gripper_rot_ctrl.py
[4.076s] -- Installing: /home/jim/dh_gripper_ws/install/dh_gripper_msgs/local/lib/python3.10/dist-packages/dh_gripper_msgs/msg/_gripper_rot_state.py
[4.076s] -- Installing: /home/jim/dh_gripper_ws/install/dh_gripper_msgs/local/lib/python3.10/dist-packages/dh_gripper_msgs/msg/_gripper_ctrl.py
[4.076s] -- Installing: /home/jim/dh_gripper_ws/install/dh_gripper_msgs/local/lib/python3.10/dist-packages/dh_gripper_msgs/msg/_gripper_state.py
[4.076s] -- Installing: /home/jim/dh_gripper_ws/install/dh_gripper_msgs/local/lib/python3.10/dist-packages/dh_gripper_msgs/__init__.py
[4.076s] -- Installing: /home/jim/dh_gripper_ws/install/dh_gripper_msgs/local/lib/python3.10/dist-packages/dh_gripper_msgs/libdh_gripper_msgs__rosidl_generator_py.so
[4.076s] -- Installing: /home/jim/dh_gripper_ws/install/dh_gripper_msgs/local/lib/python3.10/dist-packages/dh_gripper_msgs/dh_gripper_msgs_s__rosidl_typesupport_fastrtps_c.cpython-310-x86_64-linux-gnu.so
[4.076s] -- Installing: /home/jim/dh_gripper_ws/install/dh_gripper_msgs/local/lib/python3.10/dist-packages/dh_gripper_msgs/_dh_gripper_msgs_s.ep.rosidl_typesupport_introspection_c.c
[4.076s] -- Installing: /home/jim/dh_gripper_ws/install/dh_gripper_msgs/local/lib/python3.10/dist-packages/dh_gripper_msgs/_dh_gripper_msgs_s.ep.rosidl_typesupport_c.c
[4.077s] -- Installing: /home/jim/dh_gripper_ws/install/dh_gripper_msgs/local/lib/python3.10/dist-packages/dh_gripper_msgs/dh_gripper_msgs_s__rosidl_typesupport_c.cpython-310-x86_64-linux-gnu.so
[4.077s] -- Installing: /home/jim/dh_gripper_ws/install/dh_gripper_msgs/local/lib/python3.10/dist-packages/dh_gripper_msgs/_dh_gripper_msgs_s.ep.rosidl_typesupport_fastrtps_c.c
[4.102s] Listing '/home/jim/dh_gripper_ws/install/dh_gripper_msgs/local/lib/python3.10/dist-packages/dh_gripper_msgs'...
[4.102s] Compiling '/home/jim/dh_gripper_ws/install/dh_gripper_msgs/local/lib/python3.10/dist-packages/dh_gripper_msgs/__init__.py'...
[4.102s] Listing '/home/jim/dh_gripper_ws/install/dh_gripper_msgs/local/lib/python3.10/dist-packages/dh_gripper_msgs/msg'...
[4.102s] Compiling '/home/jim/dh_gripper_ws/install/dh_gripper_msgs/local/lib/python3.10/dist-packages/dh_gripper_msgs/msg/__init__.py'...
[4.102s] Compiling '/home/jim/dh_gripper_ws/install/dh_gripper_msgs/local/lib/python3.10/dist-packages/dh_gripper_msgs/msg/_gripper_ctrl.py'...
[4.102s] Compiling '/home/jim/dh_gripper_ws/install/dh_gripper_msgs/local/lib/python3.10/dist-packages/dh_gripper_msgs/msg/_gripper_rot_ctrl.py'...
[4.102s] Compiling '/home/jim/dh_gripper_ws/install/dh_gripper_msgs/local/lib/python3.10/dist-packages/dh_gripper_msgs/msg/_gripper_rot_state.py'...
[4.103s] Compiling '/home/jim/dh_gripper_ws/install/dh_gripper_msgs/local/lib/python3.10/dist-packages/dh_gripper_msgs/msg/_gripper_state.py'...
[4.106s] -- Installing: /home/jim/dh_gripper_ws/install/dh_gripper_msgs/local/lib/python3.10/dist-packages/dh_gripper_msgs/dh_gripper_msgs_s__rosidl_typesupport_fastrtps_c.cpython-310-x86_64-linux-gnu.so
[4.106s] -- Set runtime path of "/home/jim/dh_gripper_ws/install/dh_gripper_msgs/local/lib/python3.10/dist-packages/dh_gripper_msgs/dh_gripper_msgs_s__rosidl_typesupport_fastrtps_c.cpython-310-x86_64-linux-gnu.so" to ""
[4.106s] -- Installing: /home/jim/dh_gripper_ws/install/dh_gripper_msgs/local/lib/python3.10/dist-packages/dh_gripper_msgs/dh_gripper_msgs_s__rosidl_typesupport_introspection_c.cpython-310-x86_64-linux-gnu.so
[4.106s] -- Set runtime path of "/home/jim/dh_gripper_ws/install/dh_gripper_msgs/local/lib/python3.10/dist-packages/dh_gripper_msgs/dh_gripper_msgs_s__rosidl_typesupport_introspection_c.cpython-310-x86_64-linux-gnu.so" to ""
[4.106s] -- Installing: /home/jim/dh_gripper_ws/install/dh_gripper_msgs/local/lib/python3.10/dist-packages/dh_gripper_msgs/dh_gripper_msgs_s__rosidl_typesupport_c.cpython-310-x86_64-linux-gnu.so
[4.106s] -- Set runtime path of "/home/jim/dh_gripper_ws/install/dh_gripper_msgs/local/lib/python3.10/dist-packages/dh_gripper_msgs/dh_gripper_msgs_s__rosidl_typesupport_c.cpython-310-x86_64-linux-gnu.so" to ""
[4.106s] -- Installing: /home/jim/dh_gripper_ws/install/dh_gripper_msgs/lib/libdh_gripper_msgs__rosidl_generator_py.so
[4.107s] -- Set runtime path of "/home/jim/dh_gripper_ws/install/dh_gripper_msgs/lib/libdh_gripper_msgs__rosidl_generator_py.so" to ""
[4.107s] -- Installing: /home/jim/dh_gripper_ws/install/dh_gripper_msgs/share/dh_gripper_msgs/msg/GripperCtrl.idl
[4.107s] -- Installing: /home/jim/dh_gripper_ws/install/dh_gripper_msgs/share/dh_gripper_msgs/msg/GripperState.idl
[4.107s] -- Installing: /home/jim/dh_gripper_ws/install/dh_gripper_msgs/share/dh_gripper_msgs/msg/GripperRotCtrl.idl
[4.107s] -- Installing: /home/jim/dh_gripper_ws/install/dh_gripper_msgs/share/dh_gripper_msgs/msg/GripperRotState.idl
[4.107s] -- Installing: /home/jim/dh_gripper_ws/install/dh_gripper_msgs/share/dh_gripper_msgs/msg/GripperCtrl.msg
[4.107s] -- Installing: /home/jim/dh_gripper_ws/install/dh_gripper_msgs/share/dh_gripper_msgs/msg/GripperState.msg
[4.107s] -- Installing: /home/jim/dh_gripper_ws/install/dh_gripper_msgs/share/dh_gripper_msgs/msg/GripperRotCtrl.msg
[4.107s] -- Installing: /home/jim/dh_gripper_ws/install/dh_gripper_msgs/share/dh_gripper_msgs/msg/GripperRotState.msg
[4.108s] -- Installing: /home/jim/dh_gripper_ws/install/dh_gripper_msgs/share/ament_index/resource_index/package_run_dependencies/dh_gripper_msgs
[4.108s] -- Installing: /home/jim/dh_gripper_ws/install/dh_gripper_msgs/share/ament_index/resource_index/parent_prefix_path/dh_gripper_msgs
[4.108s] -- Installing: /home/jim/dh_gripper_ws/install/dh_gripper_msgs/share/dh_gripper_msgs/environment/ament_prefix_path.sh
[4.108s] -- Installing: /home/jim/dh_gripper_ws/install/dh_gripper_msgs/share/dh_gripper_msgs/environment/ament_prefix_path.dsv
[4.108s] -- Installing: /home/jim/dh_gripper_ws/install/dh_gripper_msgs/share/dh_gripper_msgs/environment/path.sh
[4.108s] -- Installing: /home/jim/dh_gripper_ws/install/dh_gripper_msgs/share/dh_gripper_msgs/environment/path.dsv
[4.108s] -- Installing: /home/jim/dh_gripper_ws/install/dh_gripper_msgs/share/dh_gripper_msgs/local_setup.bash
[4.108s] -- Installing: /home/jim/dh_gripper_ws/install/dh_gripper_msgs/share/dh_gripper_msgs/local_setup.sh
[4.108s] -- Installing: /home/jim/dh_gripper_ws/install/dh_gripper_msgs/share/dh_gripper_msgs/local_setup.zsh
[4.108s] -- Installing: /home/jim/dh_gripper_ws/install/dh_gripper_msgs/share/dh_gripper_msgs/local_setup.dsv
[4.109s] -- Installing: /home/jim/dh_gripper_ws/install/dh_gripper_msgs/share/dh_gripper_msgs/package.dsv
[4.109s] -- Installing: /home/jim/dh_gripper_ws/install/dh_gripper_msgs/share/ament_index/resource_index/packages/dh_gripper_msgs
[4.109s] -- Installing: /home/jim/dh_gripper_ws/install/dh_gripper_msgs/share/dh_gripper_msgs/cmake/export_dh_gripper_msgs__rosidl_generator_cExport.cmake
[4.109s] -- Installing: /home/jim/dh_gripper_ws/install/dh_gripper_msgs/share/dh_gripper_msgs/cmake/export_dh_gripper_msgs__rosidl_generator_cExport-noconfig.cmake
[4.109s] -- Installing: /home/jim/dh_gripper_ws/install/dh_gripper_msgs/share/dh_gripper_msgs/cmake/export_dh_gripper_msgs__rosidl_typesupport_fastrtps_cExport.cmake
[4.109s] -- Installing: /home/jim/dh_gripper_ws/install/dh_gripper_msgs/share/dh_gripper_msgs/cmake/export_dh_gripper_msgs__rosidl_typesupport_fastrtps_cExport-noconfig.cmake
[4.109s] -- Installing: /home/jim/dh_gripper_ws/install/dh_gripper_msgs/share/dh_gripper_msgs/cmake/dh_gripper_msgs__rosidl_typesupport_introspection_cExport.cmake
[4.109s] -- Installing: /home/jim/dh_gripper_ws/install/dh_gripper_msgs/share/dh_gripper_msgs/cmake/dh_gripper_msgs__rosidl_typesupport_introspection_cExport-noconfig.cmake
[4.109s] -- Installing: /home/jim/dh_gripper_ws/install/dh_gripper_msgs/share/dh_gripper_msgs/cmake/dh_gripper_msgs__rosidl_typesupport_cExport.cmake
[4.109s] -- Installing: /home/jim/dh_gripper_ws/install/dh_gripper_msgs/share/dh_gripper_msgs/cmake/dh_gripper_msgs__rosidl_typesupport_cExport-noconfig.cmake
[4.109s] -- Installing: /home/jim/dh_gripper_ws/install/dh_gripper_msgs/share/dh_gripper_msgs/cmake/export_dh_gripper_msgs__rosidl_generator_cppExport.cmake
[4.109s] -- Installing: /home/jim/dh_gripper_ws/install/dh_gripper_msgs/share/dh_gripper_msgs/cmake/export_dh_gripper_msgs__rosidl_typesupport_fastrtps_cppExport.cmake
[4.110s] -- Installing: /home/jim/dh_gripper_ws/install/dh_gripper_msgs/share/dh_gripper_msgs/cmake/export_dh_gripper_msgs__rosidl_typesupport_fastrtps_cppExport-noconfig.cmake
[4.110s] -- Installing: /home/jim/dh_gripper_ws/install/dh_gripper_msgs/share/dh_gripper_msgs/cmake/dh_gripper_msgs__rosidl_typesupport_introspection_cppExport.cmake
[4.110s] -- Installing: /home/jim/dh_gripper_ws/install/dh_gripper_msgs/share/dh_gripper_msgs/cmake/dh_gripper_msgs__rosidl_typesupport_introspection_cppExport-noconfig.cmake
[4.110s] -- Installing: /home/jim/dh_gripper_ws/install/dh_gripper_msgs/share/dh_gripper_msgs/cmake/dh_gripper_msgs__rosidl_typesupport_cppExport.cmake
[4.110s] -- Installing: /home/jim/dh_gripper_ws/install/dh_gripper_msgs/share/dh_gripper_msgs/cmake/dh_gripper_msgs__rosidl_typesupport_cppExport-noconfig.cmake
[4.110s] -- Installing: /home/jim/dh_gripper_ws/install/dh_gripper_msgs/share/dh_gripper_msgs/cmake/export_dh_gripper_msgs__rosidl_generator_pyExport.cmake
[4.110s] -- Installing: /home/jim/dh_gripper_ws/install/dh_gripper_msgs/share/dh_gripper_msgs/cmake/export_dh_gripper_msgs__rosidl_generator_pyExport-noconfig.cmake
[4.110s] -- Installing: /home/jim/dh_gripper_ws/install/dh_gripper_msgs/share/dh_gripper_msgs/cmake/rosidl_cmake-extras.cmake
[4.110s] -- Installing: /home/jim/dh_gripper_ws/install/dh_gripper_msgs/share/dh_gripper_msgs/cmake/ament_cmake_export_dependencies-extras.cmake
[4.110s] -- Installing: /home/jim/dh_gripper_ws/install/dh_gripper_msgs/share/dh_gripper_msgs/cmake/ament_cmake_export_include_directories-extras.cmake
[4.110s] -- Installing: /home/jim/dh_gripper_ws/install/dh_gripper_msgs/share/dh_gripper_msgs/cmake/ament_cmake_export_libraries-extras.cmake
[4.110s] -- Installing: /home/jim/dh_gripper_ws/install/dh_gripper_msgs/share/dh_gripper_msgs/cmake/ament_cmake_export_targets-extras.cmake
[4.111s] -- Installing: /home/jim/dh_gripper_ws/install/dh_gripper_msgs/share/dh_gripper_msgs/cmake/rosidl_cmake_export_typesupport_targets-extras.cmake
[4.111s] -- Installing: /home/jim/dh_gripper_ws/install/dh_gripper_msgs/share/dh_gripper_msgs/cmake/rosidl_cmake_export_typesupport_libraries-extras.cmake
[4.111s] -- Installing: /home/jim/dh_gripper_ws/install/dh_gripper_msgs/share/dh_gripper_msgs/cmake/dh_gripper_msgsConfig.cmake
[4.111s] -- Installing: /home/jim/dh_gripper_ws/install/dh_gripper_msgs/share/dh_gripper_msgs/cmake/dh_gripper_msgsConfig-version.cmake
[4.111s] -- Installing: /home/jim/dh_gripper_ws/install/dh_gripper_msgs/share/dh_gripper_msgs/package.xml
[4.112s] Invoked command in '/home/jim/dh_gripper_ws/build/dh_gripper_msgs' returned '0': CMAKE_PREFIX_PATH=${CMAKE_PREFIX_PATH}:/home/jim/dh_gripper_ws/install/dh_gripper_driver:/home/jim/ws_moveit2/install/moveit_configs_utils:/home/jim/ws_moveit2/install/launch_param_builder:/home/jim/tactile_ws/install/tactile_sensor_ros2:/opt/ros/humble /usr/bin/cmake --install /home/jim/dh_gripper_ws/build/dh_gripper_msgs
