[0.082s] DEBUG:colcon:Command line arguments: ['/usr/bin/colcon', 'build', '--packages-select', 'dh_gripper_msgs']
[0.083s] DEBUG:colcon:Parsed command line arguments: Namespace(log_base=None, log_level=None, verb_name='build', build_base='build', install_base='install', merge_install=False, symlink_install=False, test_result_base=None, continue_on_error=False, executor='parallel', parallel_workers=16, event_handlers=None, ignore_user_meta=False, metas=['./colcon.meta'], base_paths=['.'], packages_ignore=None, packages_ignore_regex=None, paths=None, packages_up_to=None, packages_up_to_regex=None, packages_above=None, packages_above_and_dependencies=None, packages_above_depth=None, packages_select_by_dep=None, packages_skip_by_dep=None, packages_skip_up_to=None, packages_select_build_failed=False, packages_skip_build_finished=False, packages_select_test_failures=False, packages_skip_test_passed=False, packages_select=['dh_gripper_msgs'], packages_skip=None, packages_select_regex=None, packages_skip_regex=None, packages_start=None, packages_end=None, allow_overriding=[], cmake_args=None, cmake_target=None, cmake_target_skip_unavailable=False, cmake_clean_cache=False, cmake_clean_first=False, cmake_force_configure=False, ament_cmake_args=None, catkin_cmake_args=None, catkin_skip_building_tests=False, mixin_files=None, mixin=None, verb_parser=<colcon_mixin.mixin.mixin_argument.MixinArgumentDecorator object at 0x7ffa52999840>, verb_extension=<colcon_core.verb.build.BuildVerb object at 0x7ffa52999390>, main=<bound method BuildVerb.main of <colcon_core.verb.build.BuildVerb object at 0x7ffa52999390>>, mixin_verb=('build',))
[0.199s] Level 1:colcon.colcon_core.package_discovery:discover_packages(colcon_meta) check parameters
[0.199s] Level 1:colcon.colcon_core.package_discovery:discover_packages(recursive) check parameters
[0.199s] Level 1:colcon.colcon_core.package_discovery:discover_packages(ignore) check parameters
[0.199s] Level 1:colcon.colcon_core.package_discovery:discover_packages(path) check parameters
[0.199s] Level 1:colcon.colcon_core.package_discovery:discover_packages(colcon_meta) discover
[0.199s] Level 1:colcon.colcon_core.package_discovery:discover_packages(recursive) discover
[0.199s] INFO:colcon.colcon_core.package_discovery:Crawling recursively for packages in '/home/jim/dh_gripper_ws'
[0.199s] Level 1:colcon.colcon_core.package_identification:_identify(.) by extensions ['ignore', 'ignore_ament_install']
[0.199s] Level 1:colcon.colcon_core.package_identification:_identify(.) by extension 'ignore'
[0.199s] Level 1:colcon.colcon_core.package_identification:_identify(.) by extension 'ignore_ament_install'
[0.199s] Level 1:colcon.colcon_core.package_identification:_identify(.) by extensions ['colcon_pkg']
[0.199s] Level 1:colcon.colcon_core.package_identification:_identify(.) by extension 'colcon_pkg'
[0.199s] Level 1:colcon.colcon_core.package_identification:_identify(.) by extensions ['colcon_meta']
[0.199s] Level 1:colcon.colcon_core.package_identification:_identify(.) by extension 'colcon_meta'
[0.199s] Level 1:colcon.colcon_core.package_identification:_identify(.) by extensions ['ros']
[0.199s] Level 1:colcon.colcon_core.package_identification:_identify(.) by extension 'ros'
[0.213s] Level 1:colcon.colcon_core.package_identification:_identify(.) by extensions ['cmake', 'python']
[0.213s] Level 1:colcon.colcon_core.package_identification:_identify(.) by extension 'cmake'
[0.213s] Level 1:colcon.colcon_core.package_identification:_identify(.) by extension 'python'
[0.213s] Level 1:colcon.colcon_core.package_identification:_identify(.) by extensions ['python_setup_py']
[0.213s] Level 1:colcon.colcon_core.package_identification:_identify(.) by extension 'python_setup_py'
[0.213s] Level 1:colcon.colcon_core.package_identification:_identify(build) by extensions ['ignore', 'ignore_ament_install']
[0.213s] Level 1:colcon.colcon_core.package_identification:_identify(build) by extension 'ignore'
[0.213s] Level 1:colcon.colcon_core.package_identification:_identify(build) ignored
[0.213s] Level 1:colcon.colcon_core.package_identification:_identify(install) by extensions ['ignore', 'ignore_ament_install']
[0.213s] Level 1:colcon.colcon_core.package_identification:_identify(install) by extension 'ignore'
[0.213s] Level 1:colcon.colcon_core.package_identification:_identify(install) ignored
[0.213s] Level 1:colcon.colcon_core.package_identification:_identify(log) by extensions ['ignore', 'ignore_ament_install']
[0.213s] Level 1:colcon.colcon_core.package_identification:_identify(log) by extension 'ignore'
[0.213s] Level 1:colcon.colcon_core.package_identification:_identify(log) ignored
[0.213s] Level 1:colcon.colcon_core.package_identification:_identify(src) by extensions ['ignore', 'ignore_ament_install']
[0.213s] Level 1:colcon.colcon_core.package_identification:_identify(src) by extension 'ignore'
[0.213s] Level 1:colcon.colcon_core.package_identification:_identify(src) by extension 'ignore_ament_install'
[0.213s] Level 1:colcon.colcon_core.package_identification:_identify(src) by extensions ['colcon_pkg']
[0.213s] Level 1:colcon.colcon_core.package_identification:_identify(src) by extension 'colcon_pkg'
[0.213s] Level 1:colcon.colcon_core.package_identification:_identify(src) by extensions ['colcon_meta']
[0.213s] Level 1:colcon.colcon_core.package_identification:_identify(src) by extension 'colcon_meta'
[0.214s] Level 1:colcon.colcon_core.package_identification:_identify(src) by extensions ['ros']
[0.214s] Level 1:colcon.colcon_core.package_identification:_identify(src) by extension 'ros'
[0.214s] Level 1:colcon.colcon_core.package_identification:_identify(src) by extensions ['cmake', 'python']
[0.214s] Level 1:colcon.colcon_core.package_identification:_identify(src) by extension 'cmake'
[0.214s] Level 1:colcon.colcon_core.package_identification:_identify(src) by extension 'python'
[0.214s] Level 1:colcon.colcon_core.package_identification:_identify(src) by extensions ['python_setup_py']
[0.214s] Level 1:colcon.colcon_core.package_identification:_identify(src) by extension 'python_setup_py'
[0.214s] Level 1:colcon.colcon_core.package_identification:_identify(src/dh_gripper_msgs) by extensions ['ignore', 'ignore_ament_install']
[0.214s] Level 1:colcon.colcon_core.package_identification:_identify(src/dh_gripper_msgs) by extension 'ignore'
[0.214s] Level 1:colcon.colcon_core.package_identification:_identify(src/dh_gripper_msgs) by extension 'ignore_ament_install'
[0.214s] Level 1:colcon.colcon_core.package_identification:_identify(src/dh_gripper_msgs) by extensions ['colcon_pkg']
[0.214s] Level 1:colcon.colcon_core.package_identification:_identify(src/dh_gripper_msgs) by extension 'colcon_pkg'
[0.214s] Level 1:colcon.colcon_core.package_identification:_identify(src/dh_gripper_msgs) by extensions ['colcon_meta']
[0.214s] Level 1:colcon.colcon_core.package_identification:_identify(src/dh_gripper_msgs) by extension 'colcon_meta'
[0.214s] Level 1:colcon.colcon_core.package_identification:_identify(src/dh_gripper_msgs) by extensions ['ros']
[0.214s] Level 1:colcon.colcon_core.package_identification:_identify(src/dh_gripper_msgs) by extension 'ros'
[0.216s] DEBUG:colcon.colcon_core.package_identification:Package 'src/dh_gripper_msgs' with type 'ros.ament_cmake' and name 'dh_gripper_msgs'
[0.216s] Level 1:colcon.colcon_core.package_discovery:discover_packages(recursive) using defaults
[0.216s] Level 1:colcon.colcon_core.package_discovery:discover_packages(ignore) discover
[0.216s] Level 1:colcon.colcon_core.package_discovery:discover_packages(ignore) using defaults
[0.216s] Level 1:colcon.colcon_core.package_discovery:discover_packages(path) discover
[0.216s] Level 1:colcon.colcon_core.package_discovery:discover_packages(path) using defaults
[0.229s] Level 1:colcon.colcon_core.package_discovery:discover_packages(prefix_path) check parameters
[0.229s] Level 1:colcon.colcon_core.package_discovery:discover_packages(prefix_path) discover
[0.232s] DEBUG:colcon.colcon_installed_package_information.package_discovery:Found 55 installed packages in /home/jim/ws_moveit2/install
[0.233s] DEBUG:colcon.colcon_installed_package_information.package_discovery:Found 1 installed packages in /home/jim/tactile_ws/install
[0.234s] DEBUG:colcon.colcon_installed_package_information.package_discovery:Found 475 installed packages in /opt/ros/humble
[0.236s] Level 1:colcon.colcon_core.package_discovery:discover_packages(prefix_path) using defaults
[0.268s] Level 5:colcon.colcon_core.verb:set package 'dh_gripper_msgs' build argument 'cmake_args' from command line to 'None'
[0.268s] Level 5:colcon.colcon_core.verb:set package 'dh_gripper_msgs' build argument 'cmake_target' from command line to 'None'
[0.269s] Level 5:colcon.colcon_core.verb:set package 'dh_gripper_msgs' build argument 'cmake_target_skip_unavailable' from command line to 'False'
[0.269s] Level 5:colcon.colcon_core.verb:set package 'dh_gripper_msgs' build argument 'cmake_clean_cache' from command line to 'False'
[0.269s] Level 5:colcon.colcon_core.verb:set package 'dh_gripper_msgs' build argument 'cmake_clean_first' from command line to 'False'
[0.269s] Level 5:colcon.colcon_core.verb:set package 'dh_gripper_msgs' build argument 'cmake_force_configure' from command line to 'False'
[0.269s] Level 5:colcon.colcon_core.verb:set package 'dh_gripper_msgs' build argument 'ament_cmake_args' from command line to 'None'
[0.269s] Level 5:colcon.colcon_core.verb:set package 'dh_gripper_msgs' build argument 'catkin_cmake_args' from command line to 'None'
[0.269s] Level 5:colcon.colcon_core.verb:set package 'dh_gripper_msgs' build argument 'catkin_skip_building_tests' from command line to 'False'
[0.269s] DEBUG:colcon.colcon_core.verb:Building package 'dh_gripper_msgs' with the following arguments: {'ament_cmake_args': None, 'build_base': '/home/jim/dh_gripper_ws/build/dh_gripper_msgs', 'catkin_cmake_args': None, 'catkin_skip_building_tests': False, 'cmake_args': None, 'cmake_clean_cache': False, 'cmake_clean_first': False, 'cmake_force_configure': False, 'cmake_target': None, 'cmake_target_skip_unavailable': False, 'install_base': '/home/jim/dh_gripper_ws/install/dh_gripper_msgs', 'merge_install': False, 'path': '/home/jim/dh_gripper_ws/src/dh_gripper_msgs', 'symlink_install': False, 'test_result_base': None}
[0.269s] INFO:colcon.colcon_core.executor:Executing jobs using 'parallel' executor
[0.269s] DEBUG:colcon.colcon_parallel_executor.executor.parallel:run_until_complete
[0.270s] INFO:colcon.colcon_ros.task.ament_cmake.build:Building ROS package in '/home/jim/dh_gripper_ws/src/dh_gripper_msgs' with build type 'ament_cmake'
[0.270s] INFO:colcon.colcon_cmake.task.cmake.build:Building CMake package in '/home/jim/dh_gripper_ws/src/dh_gripper_msgs'
[0.271s] INFO:colcon.colcon_core.plugin_system:Skipping extension 'colcon_core.shell.bat': Not used on non-Windows systems
[0.271s] INFO:colcon.colcon_core.shell:Skip shell extension 'powershell' for command environment: Not usable outside of PowerShell
[0.271s] DEBUG:colcon.colcon_core.shell:Skip shell extension 'dsv' for command environment
[0.282s] DEBUG:colcon.colcon_core.event_handler.log_command:Invoking command in '/home/jim/dh_gripper_ws/build/dh_gripper_msgs': CMAKE_PREFIX_PATH=${CMAKE_PREFIX_PATH}:/home/jim/ws_moveit2/install/moveit_configs_utils:/home/jim/ws_moveit2/install/launch_param_builder:/home/jim/tactile_ws/install/tactile_sensor_ros2:/opt/ros/humble /usr/bin/cmake /home/jim/dh_gripper_ws/src/dh_gripper_msgs -DCMAKE_INSTALL_PREFIX=/home/jim/dh_gripper_ws/install/dh_gripper_msgs
[2.115s] DEBUG:colcon.colcon_core.event_handler.log_command:Invoked command in '/home/jim/dh_gripper_ws/build/dh_gripper_msgs' returned '0': CMAKE_PREFIX_PATH=${CMAKE_PREFIX_PATH}:/home/jim/ws_moveit2/install/moveit_configs_utils:/home/jim/ws_moveit2/install/launch_param_builder:/home/jim/tactile_ws/install/tactile_sensor_ros2:/opt/ros/humble /usr/bin/cmake /home/jim/dh_gripper_ws/src/dh_gripper_msgs -DCMAKE_INSTALL_PREFIX=/home/jim/dh_gripper_ws/install/dh_gripper_msgs
[2.117s] DEBUG:colcon.colcon_core.event_handler.log_command:Invoking command in '/home/jim/dh_gripper_ws/build/dh_gripper_msgs': CMAKE_PREFIX_PATH=${CMAKE_PREFIX_PATH}:/home/jim/ws_moveit2/install/moveit_configs_utils:/home/jim/ws_moveit2/install/launch_param_builder:/home/jim/tactile_ws/install/tactile_sensor_ros2:/opt/ros/humble /usr/bin/cmake --build /home/jim/dh_gripper_ws/build/dh_gripper_msgs -- -j16 -l16
[4.334s] DEBUG:colcon.colcon_core.event_handler.log_command:Invoked command in '/home/jim/dh_gripper_ws/build/dh_gripper_msgs' returned '0': CMAKE_PREFIX_PATH=${CMAKE_PREFIX_PATH}:/home/jim/ws_moveit2/install/moveit_configs_utils:/home/jim/ws_moveit2/install/launch_param_builder:/home/jim/tactile_ws/install/tactile_sensor_ros2:/opt/ros/humble /usr/bin/cmake --build /home/jim/dh_gripper_ws/build/dh_gripper_msgs -- -j16 -l16
[4.348s] DEBUG:colcon.colcon_core.event_handler.log_command:Invoking command in '/home/jim/dh_gripper_ws/build/dh_gripper_msgs': CMAKE_PREFIX_PATH=${CMAKE_PREFIX_PATH}:/home/jim/ws_moveit2/install/moveit_configs_utils:/home/jim/ws_moveit2/install/launch_param_builder:/home/jim/tactile_ws/install/tactile_sensor_ros2:/opt/ros/humble /usr/bin/cmake --install /home/jim/dh_gripper_ws/build/dh_gripper_msgs
[4.410s] Level 1:colcon.colcon_core.environment:create_environment_scripts_only(dh_gripper_msgs)
[4.411s] DEBUG:colcon.colcon_core.event_handler.log_command:Invoked command in '/home/jim/dh_gripper_ws/build/dh_gripper_msgs' returned '0': CMAKE_PREFIX_PATH=${CMAKE_PREFIX_PATH}:/home/jim/ws_moveit2/install/moveit_configs_utils:/home/jim/ws_moveit2/install/launch_param_builder:/home/jim/tactile_ws/install/tactile_sensor_ros2:/opt/ros/humble /usr/bin/cmake --install /home/jim/dh_gripper_ws/build/dh_gripper_msgs
[4.414s] Level 1:colcon.colcon_core.environment:checking '/home/jim/dh_gripper_ws/install/dh_gripper_msgs' for CMake module files
[4.415s] Level 1:colcon.colcon_core.environment:checking '/home/jim/dh_gripper_ws/install/dh_gripper_msgs' for CMake config files
[4.415s] Level 1:colcon.colcon_core.shell:create_environment_hook('dh_gripper_msgs', 'cmake_prefix_path')
[4.415s] INFO:colcon.colcon_core.shell:Creating environment hook '/home/jim/dh_gripper_ws/install/dh_gripper_msgs/share/dh_gripper_msgs/hook/cmake_prefix_path.ps1'
[4.416s] INFO:colcon.colcon_core.shell:Creating environment descriptor '/home/jim/dh_gripper_ws/install/dh_gripper_msgs/share/dh_gripper_msgs/hook/cmake_prefix_path.dsv'
[4.416s] INFO:colcon.colcon_core.shell:Creating environment hook '/home/jim/dh_gripper_ws/install/dh_gripper_msgs/share/dh_gripper_msgs/hook/cmake_prefix_path.sh'
[4.417s] Level 1:colcon.colcon_core.environment:checking '/home/jim/dh_gripper_ws/install/dh_gripper_msgs/lib'
[4.417s] Level 1:colcon.colcon_core.shell:create_environment_hook('dh_gripper_msgs', 'ld_library_path_lib')
[4.417s] INFO:colcon.colcon_core.shell:Creating environment hook '/home/jim/dh_gripper_ws/install/dh_gripper_msgs/share/dh_gripper_msgs/hook/ld_library_path_lib.ps1'
[4.417s] INFO:colcon.colcon_core.shell:Creating environment descriptor '/home/jim/dh_gripper_ws/install/dh_gripper_msgs/share/dh_gripper_msgs/hook/ld_library_path_lib.dsv'
[4.418s] INFO:colcon.colcon_core.shell:Creating environment hook '/home/jim/dh_gripper_ws/install/dh_gripper_msgs/share/dh_gripper_msgs/hook/ld_library_path_lib.sh'
[4.418s] Level 1:colcon.colcon_core.environment:checking '/home/jim/dh_gripper_ws/install/dh_gripper_msgs/bin'
[4.418s] Level 1:colcon.colcon_core.environment:checking '/home/jim/dh_gripper_ws/install/dh_gripper_msgs/lib/pkgconfig/dh_gripper_msgs.pc'
[4.418s] Level 1:colcon.colcon_core.environment:checking '/home/jim/dh_gripper_ws/install/dh_gripper_msgs/lib/python3.10/site-packages'
[4.418s] Level 1:colcon.colcon_core.environment:checking '/home/jim/dh_gripper_ws/install/dh_gripper_msgs/bin'
[4.418s] INFO:colcon.colcon_core.shell:Creating package script '/home/jim/dh_gripper_ws/install/dh_gripper_msgs/share/dh_gripper_msgs/package.ps1'
[4.419s] INFO:colcon.colcon_core.shell:Creating package descriptor '/home/jim/dh_gripper_ws/install/dh_gripper_msgs/share/dh_gripper_msgs/package.dsv'
[4.419s] INFO:colcon.colcon_core.shell:Creating package script '/home/jim/dh_gripper_ws/install/dh_gripper_msgs/share/dh_gripper_msgs/package.sh'
[4.420s] INFO:colcon.colcon_core.shell:Creating package script '/home/jim/dh_gripper_ws/install/dh_gripper_msgs/share/dh_gripper_msgs/package.bash'
[4.420s] INFO:colcon.colcon_core.shell:Creating package script '/home/jim/dh_gripper_ws/install/dh_gripper_msgs/share/dh_gripper_msgs/package.zsh'
[4.420s] Level 1:colcon.colcon_core.environment:create_file_with_runtime_dependencies(/home/jim/dh_gripper_ws/install/dh_gripper_msgs/share/colcon-core/packages/dh_gripper_msgs)
[4.421s] Level 1:colcon.colcon_core.environment:create_environment_scripts_only(dh_gripper_msgs)
[4.421s] Level 1:colcon.colcon_core.environment:checking '/home/jim/dh_gripper_ws/install/dh_gripper_msgs' for CMake module files
[4.421s] Level 1:colcon.colcon_core.environment:checking '/home/jim/dh_gripper_ws/install/dh_gripper_msgs' for CMake config files
[4.422s] Level 1:colcon.colcon_core.shell:create_environment_hook('dh_gripper_msgs', 'cmake_prefix_path')
[4.422s] INFO:colcon.colcon_core.shell:Creating environment hook '/home/jim/dh_gripper_ws/install/dh_gripper_msgs/share/dh_gripper_msgs/hook/cmake_prefix_path.ps1'
[4.422s] INFO:colcon.colcon_core.shell:Creating environment descriptor '/home/jim/dh_gripper_ws/install/dh_gripper_msgs/share/dh_gripper_msgs/hook/cmake_prefix_path.dsv'
[4.422s] INFO:colcon.colcon_core.shell:Creating environment hook '/home/jim/dh_gripper_ws/install/dh_gripper_msgs/share/dh_gripper_msgs/hook/cmake_prefix_path.sh'
[4.423s] Level 1:colcon.colcon_core.environment:checking '/home/jim/dh_gripper_ws/install/dh_gripper_msgs/lib'
[4.423s] Level 1:colcon.colcon_core.shell:create_environment_hook('dh_gripper_msgs', 'ld_library_path_lib')
[4.423s] INFO:colcon.colcon_core.shell:Creating environment hook '/home/jim/dh_gripper_ws/install/dh_gripper_msgs/share/dh_gripper_msgs/hook/ld_library_path_lib.ps1'
[4.423s] INFO:colcon.colcon_core.shell:Creating environment descriptor '/home/jim/dh_gripper_ws/install/dh_gripper_msgs/share/dh_gripper_msgs/hook/ld_library_path_lib.dsv'
[4.423s] INFO:colcon.colcon_core.shell:Creating environment hook '/home/jim/dh_gripper_ws/install/dh_gripper_msgs/share/dh_gripper_msgs/hook/ld_library_path_lib.sh'
[4.423s] Level 1:colcon.colcon_core.environment:checking '/home/jim/dh_gripper_ws/install/dh_gripper_msgs/bin'
[4.423s] Level 1:colcon.colcon_core.environment:checking '/home/jim/dh_gripper_ws/install/dh_gripper_msgs/lib/pkgconfig/dh_gripper_msgs.pc'
[4.424s] Level 1:colcon.colcon_core.environment:checking '/home/jim/dh_gripper_ws/install/dh_gripper_msgs/lib/python3.10/site-packages'
[4.424s] Level 1:colcon.colcon_core.environment:checking '/home/jim/dh_gripper_ws/install/dh_gripper_msgs/bin'
[4.424s] INFO:colcon.colcon_core.shell:Creating package script '/home/jim/dh_gripper_ws/install/dh_gripper_msgs/share/dh_gripper_msgs/package.ps1'
[4.424s] INFO:colcon.colcon_core.shell:Creating package descriptor '/home/jim/dh_gripper_ws/install/dh_gripper_msgs/share/dh_gripper_msgs/package.dsv'
[4.425s] INFO:colcon.colcon_core.shell:Creating package script '/home/jim/dh_gripper_ws/install/dh_gripper_msgs/share/dh_gripper_msgs/package.sh'
[4.425s] INFO:colcon.colcon_core.shell:Creating package script '/home/jim/dh_gripper_ws/install/dh_gripper_msgs/share/dh_gripper_msgs/package.bash'
[4.425s] INFO:colcon.colcon_core.shell:Creating package script '/home/jim/dh_gripper_ws/install/dh_gripper_msgs/share/dh_gripper_msgs/package.zsh'
[4.425s] Level 1:colcon.colcon_core.environment:create_file_with_runtime_dependencies(/home/jim/dh_gripper_ws/install/dh_gripper_msgs/share/colcon-core/packages/dh_gripper_msgs)
[4.426s] DEBUG:colcon.colcon_parallel_executor.executor.parallel:closing loop
[4.426s] DEBUG:colcon.colcon_parallel_executor.executor.parallel:loop closed
[4.426s] DEBUG:colcon.colcon_parallel_executor.executor.parallel:run_until_complete finished with '0'
[4.426s] DEBUG:colcon.colcon_core.event_reactor:joining thread
[4.430s] INFO:colcon.colcon_core.plugin_system:Skipping extension 'colcon_notification.desktop_notification.terminal_notifier': Not used on non-Darwin systems
[4.430s] INFO:colcon.colcon_core.plugin_system:Skipping extension 'colcon_notification.desktop_notification.win32': Not used on non-Windows systems
[4.430s] INFO:colcon.colcon_notification.desktop_notification:Sending desktop notification using 'notify2'
[4.441s] DEBUG:colcon.colcon_core.event_reactor:joined thread
[4.441s] INFO:colcon.colcon_core.shell:Creating prefix script '/home/jim/dh_gripper_ws/install/local_setup.ps1'
[4.442s] INFO:colcon.colcon_core.shell:Creating prefix util module '/home/jim/dh_gripper_ws/install/_local_setup_util_ps1.py'
[4.443s] INFO:colcon.colcon_core.shell:Creating prefix chain script '/home/jim/dh_gripper_ws/install/setup.ps1'
[4.445s] INFO:colcon.colcon_core.shell:Creating prefix script '/home/jim/dh_gripper_ws/install/local_setup.sh'
[4.445s] INFO:colcon.colcon_core.shell:Creating prefix util module '/home/jim/dh_gripper_ws/install/_local_setup_util_sh.py'
[4.446s] INFO:colcon.colcon_core.shell:Creating prefix chain script '/home/jim/dh_gripper_ws/install/setup.sh'
[4.447s] INFO:colcon.colcon_core.shell:Creating prefix script '/home/jim/dh_gripper_ws/install/local_setup.bash'
[4.448s] INFO:colcon.colcon_core.shell:Creating prefix chain script '/home/jim/dh_gripper_ws/install/setup.bash'
[4.449s] INFO:colcon.colcon_core.shell:Creating prefix script '/home/jim/dh_gripper_ws/install/local_setup.zsh'
[4.449s] INFO:colcon.colcon_core.shell:Creating prefix chain script '/home/jim/dh_gripper_ws/install/setup.zsh'
