[0.013s] Invoking command in '/home/jim/dh_gripper_ws/build/dh_gripper_msgs': CMAKE_PREFIX_PATH=${CMAKE_PREFIX_PATH}:/home/jim/dh_gripper_ws/install/dh_gripper_driver:/home/jim/ws_moveit2/install/moveit_configs_utils:/home/jim/ws_moveit2/install/launch_param_builder:/home/jim/tactile_ws/install/tactile_sensor_ros2:/opt/ros/humble /usr/bin/cmake --build /home/jim/dh_gripper_ws/build/dh_gripper_msgs -- -j16 -l16
[0.096s] [  1%] Built target dh_gripper_msgs__cpp
[0.097s] [ 12%] Built target dh_gripper_msgs__rosidl_generator_c
[0.103s] [ 12%] Built target ament_cmake_python_copy_dh_gripper_msgs
[0.161s] [ 23%] Built target dh_gripper_msgs__rosidl_typesupport_cpp
[0.163s] [ 34%] Built target dh_gripper_msgs__rosidl_typesupport_c
[0.167s] [ 45%] Built target dh_gripper_msgs__rosidl_typesupport_introspection_cpp
[0.168s] [ 56%] Built target dh_gripper_msgs__rosidl_typesupport_fastrtps_c
[0.169s] [ 67%] Built target dh_gripper_msgs__rosidl_typesupport_fastrtps_cpp
[0.171s] [ 78%] Built target dh_gripper_msgs__rosidl_typesupport_introspection_c
[0.198s] [ 78%] Built target dh_gripper_msgs
[0.228s] [ 80%] Built target dh_gripper_msgs__py
[0.263s] [ 89%] Built target dh_gripper_msgs__rosidl_generator_py
[0.291s] [ 92%] Built target dh_gripper_msgs__rosidl_typesupport_c__pyext
[0.295s] [ 96%] Built target dh_gripper_msgs__rosidl_typesupport_introspection_c__pyext
[0.295s] [100%] Built target dh_gripper_msgs__rosidl_typesupport_fastrtps_c__pyext
[0.323s] running egg_info
[0.323s] writing dh_gripper_msgs.egg-info/PKG-INFO
[0.323s] writing dependency_links to dh_gripper_msgs.egg-info/dependency_links.txt
[0.323s] writing top-level names to dh_gripper_msgs.egg-info/top_level.txt
[0.325s] reading manifest file 'dh_gripper_msgs.egg-info/SOURCES.txt'
[0.325s] writing manifest file 'dh_gripper_msgs.egg-info/SOURCES.txt'
[0.350s] [100%] Built target ament_cmake_python_build_dh_gripper_msgs_egg
[0.360s] Invoked command in '/home/jim/dh_gripper_ws/build/dh_gripper_msgs' returned '0': CMAKE_PREFIX_PATH=${CMAKE_PREFIX_PATH}:/home/jim/dh_gripper_ws/install/dh_gripper_driver:/home/jim/ws_moveit2/install/moveit_configs_utils:/home/jim/ws_moveit2/install/launch_param_builder:/home/jim/tactile_ws/install/tactile_sensor_ros2:/opt/ros/humble /usr/bin/cmake --build /home/jim/dh_gripper_ws/build/dh_gripper_msgs -- -j16 -l16
[0.370s] Invoking command in '/home/jim/dh_gripper_ws/build/dh_gripper_msgs': CMAKE_PREFIX_PATH=${CMAKE_PREFIX_PATH}:/home/jim/dh_gripper_ws/install/dh_gripper_driver:/home/jim/ws_moveit2/install/moveit_configs_utils:/home/jim/ws_moveit2/install/launch_param_builder:/home/jim/tactile_ws/install/tactile_sensor_ros2:/opt/ros/humble /usr/bin/cmake --install /home/jim/dh_gripper_ws/build/dh_gripper_msgs
[0.379s] -- Install configuration: ""
[0.379s] -- Up-to-date: /home/jim/dh_gripper_ws/install/dh_gripper_msgs/share/ament_index/resource_index/rosidl_interfaces/dh_gripper_msgs
[0.379s] -- Up-to-date: /home/jim/dh_gripper_ws/install/dh_gripper_msgs/include/dh_gripper_msgs/dh_gripper_msgs
[0.379s] -- Up-to-date: /home/jim/dh_gripper_ws/install/dh_gripper_msgs/include/dh_gripper_msgs/dh_gripper_msgs/msg
[0.379s] -- Up-to-date: /home/jim/dh_gripper_ws/install/dh_gripper_msgs/include/dh_gripper_msgs/dh_gripper_msgs/msg/gripper_rot_state.h
[0.379s] -- Up-to-date: /home/jim/dh_gripper_ws/install/dh_gripper_msgs/include/dh_gripper_msgs/dh_gripper_msgs/msg/gripper_state.h
[0.379s] -- Up-to-date: /home/jim/dh_gripper_ws/install/dh_gripper_msgs/include/dh_gripper_msgs/dh_gripper_msgs/msg/rosidl_generator_c__visibility_control.h
[0.379s] -- Up-to-date: /home/jim/dh_gripper_ws/install/dh_gripper_msgs/include/dh_gripper_msgs/dh_gripper_msgs/msg/gripper_rot_ctrl.h
[0.379s] -- Up-to-date: /home/jim/dh_gripper_ws/install/dh_gripper_msgs/include/dh_gripper_msgs/dh_gripper_msgs/msg/gripper_ctrl.h
[0.380s] -- Up-to-date: /home/jim/dh_gripper_ws/install/dh_gripper_msgs/include/dh_gripper_msgs/dh_gripper_msgs/msg/detail
[0.380s] -- Up-to-date: /home/jim/dh_gripper_ws/install/dh_gripper_msgs/include/dh_gripper_msgs/dh_gripper_msgs/msg/detail/gripper_rot_ctrl__functions.h
[0.380s] -- Up-to-date: /home/jim/dh_gripper_ws/install/dh_gripper_msgs/include/dh_gripper_msgs/dh_gripper_msgs/msg/detail/gripper_ctrl__struct.h
[0.380s] -- Up-to-date: /home/jim/dh_gripper_ws/install/dh_gripper_msgs/include/dh_gripper_msgs/dh_gripper_msgs/msg/detail/gripper_ctrl__functions.h
[0.380s] -- Up-to-date: /home/jim/dh_gripper_ws/install/dh_gripper_msgs/include/dh_gripper_msgs/dh_gripper_msgs/msg/detail/gripper_ctrl__functions.c
[0.380s] -- Up-to-date: /home/jim/dh_gripper_ws/install/dh_gripper_msgs/include/dh_gripper_msgs/dh_gripper_msgs/msg/detail/gripper_rot_state__functions.h
[0.380s] -- Up-to-date: /home/jim/dh_gripper_ws/install/dh_gripper_msgs/include/dh_gripper_msgs/dh_gripper_msgs/msg/detail/gripper_rot_ctrl__struct.h
[0.380s] -- Up-to-date: /home/jim/dh_gripper_ws/install/dh_gripper_msgs/include/dh_gripper_msgs/dh_gripper_msgs/msg/detail/gripper_state__struct.h
[0.380s] -- Up-to-date: /home/jim/dh_gripper_ws/install/dh_gripper_msgs/include/dh_gripper_msgs/dh_gripper_msgs/msg/detail/gripper_rot_state__functions.c
[0.380s] -- Up-to-date: /home/jim/dh_gripper_ws/install/dh_gripper_msgs/include/dh_gripper_msgs/dh_gripper_msgs/msg/detail/gripper_ctrl__type_support.h
[0.380s] -- Up-to-date: /home/jim/dh_gripper_ws/install/dh_gripper_msgs/include/dh_gripper_msgs/dh_gripper_msgs/msg/detail/gripper_rot_state__type_support.h
[0.380s] -- Up-to-date: /home/jim/dh_gripper_ws/install/dh_gripper_msgs/include/dh_gripper_msgs/dh_gripper_msgs/msg/detail/gripper_state__type_support.h
[0.380s] -- Up-to-date: /home/jim/dh_gripper_ws/install/dh_gripper_msgs/include/dh_gripper_msgs/dh_gripper_msgs/msg/detail/gripper_rot_ctrl__functions.c
[0.380s] -- Up-to-date: /home/jim/dh_gripper_ws/install/dh_gripper_msgs/include/dh_gripper_msgs/dh_gripper_msgs/msg/detail/gripper_rot_state__struct.h
[0.380s] -- Up-to-date: /home/jim/dh_gripper_ws/install/dh_gripper_msgs/include/dh_gripper_msgs/dh_gripper_msgs/msg/detail/gripper_state__functions.h
[0.381s] -- Up-to-date: /home/jim/dh_gripper_ws/install/dh_gripper_msgs/include/dh_gripper_msgs/dh_gripper_msgs/msg/detail/gripper_rot_ctrl__type_support.h
[0.381s] -- Up-to-date: /home/jim/dh_gripper_ws/install/dh_gripper_msgs/include/dh_gripper_msgs/dh_gripper_msgs/msg/detail/gripper_state__functions.c
[0.381s] -- Up-to-date: /home/jim/dh_gripper_ws/install/dh_gripper_msgs/share/dh_gripper_msgs/environment/library_path.sh
[0.381s] -- Up-to-date: /home/jim/dh_gripper_ws/install/dh_gripper_msgs/share/dh_gripper_msgs/environment/library_path.dsv
[0.381s] -- Up-to-date: /home/jim/dh_gripper_ws/install/dh_gripper_msgs/lib/libdh_gripper_msgs__rosidl_generator_c.so
[0.381s] -- Up-to-date: /home/jim/dh_gripper_ws/install/dh_gripper_msgs/include/dh_gripper_msgs/dh_gripper_msgs
[0.381s] -- Up-to-date: /home/jim/dh_gripper_ws/install/dh_gripper_msgs/include/dh_gripper_msgs/dh_gripper_msgs/msg
[0.381s] -- Up-to-date: /home/jim/dh_gripper_ws/install/dh_gripper_msgs/include/dh_gripper_msgs/dh_gripper_msgs/msg/rosidl_typesupport_fastrtps_c__visibility_control.h
[0.381s] -- Up-to-date: /home/jim/dh_gripper_ws/install/dh_gripper_msgs/include/dh_gripper_msgs/dh_gripper_msgs/msg/detail
[0.381s] -- Up-to-date: /home/jim/dh_gripper_ws/install/dh_gripper_msgs/include/dh_gripper_msgs/dh_gripper_msgs/msg/detail/gripper_rot_ctrl__rosidl_typesupport_fastrtps_c.h
[0.381s] -- Up-to-date: /home/jim/dh_gripper_ws/install/dh_gripper_msgs/include/dh_gripper_msgs/dh_gripper_msgs/msg/detail/gripper_rot_state__rosidl_typesupport_fastrtps_c.h
[0.381s] -- Up-to-date: /home/jim/dh_gripper_ws/install/dh_gripper_msgs/include/dh_gripper_msgs/dh_gripper_msgs/msg/detail/gripper_state__rosidl_typesupport_fastrtps_c.h
[0.381s] -- Up-to-date: /home/jim/dh_gripper_ws/install/dh_gripper_msgs/include/dh_gripper_msgs/dh_gripper_msgs/msg/detail/gripper_ctrl__rosidl_typesupport_fastrtps_c.h
[0.381s] -- Up-to-date: /home/jim/dh_gripper_ws/install/dh_gripper_msgs/lib/libdh_gripper_msgs__rosidl_typesupport_fastrtps_c.so
[0.381s] -- Up-to-date: /home/jim/dh_gripper_ws/install/dh_gripper_msgs/include/dh_gripper_msgs/dh_gripper_msgs
[0.381s] -- Up-to-date: /home/jim/dh_gripper_ws/install/dh_gripper_msgs/include/dh_gripper_msgs/dh_gripper_msgs/msg
[0.381s] -- Up-to-date: /home/jim/dh_gripper_ws/install/dh_gripper_msgs/include/dh_gripper_msgs/dh_gripper_msgs/msg/rosidl_typesupport_introspection_c__visibility_control.h
[0.381s] -- Up-to-date: /home/jim/dh_gripper_ws/install/dh_gripper_msgs/include/dh_gripper_msgs/dh_gripper_msgs/msg/detail
[0.381s] -- Up-to-date: /home/jim/dh_gripper_ws/install/dh_gripper_msgs/include/dh_gripper_msgs/dh_gripper_msgs/msg/detail/gripper_rot_state__rosidl_typesupport_introspection_c.h
[0.382s] -- Up-to-date: /home/jim/dh_gripper_ws/install/dh_gripper_msgs/include/dh_gripper_msgs/dh_gripper_msgs/msg/detail/gripper_state__rosidl_typesupport_introspection_c.h
[0.382s] -- Up-to-date: /home/jim/dh_gripper_ws/install/dh_gripper_msgs/include/dh_gripper_msgs/dh_gripper_msgs/msg/detail/gripper_ctrl__rosidl_typesupport_introspection_c.h
[0.382s] -- Up-to-date: /home/jim/dh_gripper_ws/install/dh_gripper_msgs/include/dh_gripper_msgs/dh_gripper_msgs/msg/detail/gripper_rot_state__type_support.c
[0.382s] -- Up-to-date: /home/jim/dh_gripper_ws/install/dh_gripper_msgs/include/dh_gripper_msgs/dh_gripper_msgs/msg/detail/gripper_rot_ctrl__type_support.c
[0.382s] -- Up-to-date: /home/jim/dh_gripper_ws/install/dh_gripper_msgs/include/dh_gripper_msgs/dh_gripper_msgs/msg/detail/gripper_ctrl__type_support.c
[0.382s] -- Up-to-date: /home/jim/dh_gripper_ws/install/dh_gripper_msgs/include/dh_gripper_msgs/dh_gripper_msgs/msg/detail/gripper_rot_ctrl__rosidl_typesupport_introspection_c.h
[0.382s] -- Up-to-date: /home/jim/dh_gripper_ws/install/dh_gripper_msgs/include/dh_gripper_msgs/dh_gripper_msgs/msg/detail/gripper_state__type_support.c
[0.382s] -- Up-to-date: /home/jim/dh_gripper_ws/install/dh_gripper_msgs/lib/libdh_gripper_msgs__rosidl_typesupport_introspection_c.so
[0.382s] -- Up-to-date: /home/jim/dh_gripper_ws/install/dh_gripper_msgs/lib/libdh_gripper_msgs__rosidl_typesupport_c.so
[0.382s] -- Up-to-date: /home/jim/dh_gripper_ws/install/dh_gripper_msgs/include/dh_gripper_msgs/dh_gripper_msgs
[0.382s] -- Up-to-date: /home/jim/dh_gripper_ws/install/dh_gripper_msgs/include/dh_gripper_msgs/dh_gripper_msgs/msg
[0.382s] -- Up-to-date: /home/jim/dh_gripper_ws/install/dh_gripper_msgs/include/dh_gripper_msgs/dh_gripper_msgs/msg/rosidl_generator_cpp__visibility_control.hpp
[0.382s] -- Up-to-date: /home/jim/dh_gripper_ws/install/dh_gripper_msgs/include/dh_gripper_msgs/dh_gripper_msgs/msg/gripper_state.hpp
[0.382s] -- Up-to-date: /home/jim/dh_gripper_ws/install/dh_gripper_msgs/include/dh_gripper_msgs/dh_gripper_msgs/msg/gripper_rot_state.hpp
[0.383s] -- Up-to-date: /home/jim/dh_gripper_ws/install/dh_gripper_msgs/include/dh_gripper_msgs/dh_gripper_msgs/msg/detail
[0.383s] -- Up-to-date: /home/jim/dh_gripper_ws/install/dh_gripper_msgs/include/dh_gripper_msgs/dh_gripper_msgs/msg/detail/gripper_rot_ctrl__builder.hpp
[0.383s] -- Up-to-date: /home/jim/dh_gripper_ws/install/dh_gripper_msgs/include/dh_gripper_msgs/dh_gripper_msgs/msg/detail/gripper_state__type_support.hpp
[0.383s] -- Up-to-date: /home/jim/dh_gripper_ws/install/dh_gripper_msgs/include/dh_gripper_msgs/dh_gripper_msgs/msg/detail/gripper_ctrl__struct.hpp
[0.383s] -- Up-to-date: /home/jim/dh_gripper_ws/install/dh_gripper_msgs/include/dh_gripper_msgs/dh_gripper_msgs/msg/detail/gripper_rot_ctrl__type_support.hpp
[0.383s] -- Up-to-date: /home/jim/dh_gripper_ws/install/dh_gripper_msgs/include/dh_gripper_msgs/dh_gripper_msgs/msg/detail/gripper_state__builder.hpp
[0.383s] -- Up-to-date: /home/jim/dh_gripper_ws/install/dh_gripper_msgs/include/dh_gripper_msgs/dh_gripper_msgs/msg/detail/gripper_state__traits.hpp
[0.383s] -- Up-to-date: /home/jim/dh_gripper_ws/install/dh_gripper_msgs/include/dh_gripper_msgs/dh_gripper_msgs/msg/detail/gripper_rot_ctrl__struct.hpp
[0.383s] -- Up-to-date: /home/jim/dh_gripper_ws/install/dh_gripper_msgs/include/dh_gripper_msgs/dh_gripper_msgs/msg/detail/gripper_state__struct.hpp
[0.383s] -- Up-to-date: /home/jim/dh_gripper_ws/install/dh_gripper_msgs/include/dh_gripper_msgs/dh_gripper_msgs/msg/detail/gripper_ctrl__traits.hpp
[0.383s] -- Up-to-date: /home/jim/dh_gripper_ws/install/dh_gripper_msgs/include/dh_gripper_msgs/dh_gripper_msgs/msg/detail/gripper_rot_state__type_support.hpp
[0.383s] -- Up-to-date: /home/jim/dh_gripper_ws/install/dh_gripper_msgs/include/dh_gripper_msgs/dh_gripper_msgs/msg/detail/gripper_ctrl__builder.hpp
[0.383s] -- Up-to-date: /home/jim/dh_gripper_ws/install/dh_gripper_msgs/include/dh_gripper_msgs/dh_gripper_msgs/msg/detail/gripper_rot_ctrl__traits.hpp
[0.383s] -- Up-to-date: /home/jim/dh_gripper_ws/install/dh_gripper_msgs/include/dh_gripper_msgs/dh_gripper_msgs/msg/detail/gripper_rot_state__traits.hpp
[0.383s] -- Up-to-date: /home/jim/dh_gripper_ws/install/dh_gripper_msgs/include/dh_gripper_msgs/dh_gripper_msgs/msg/detail/gripper_rot_state__struct.hpp
[0.383s] -- Up-to-date: /home/jim/dh_gripper_ws/install/dh_gripper_msgs/include/dh_gripper_msgs/dh_gripper_msgs/msg/detail/gripper_rot_state__builder.hpp
[0.383s] -- Up-to-date: /home/jim/dh_gripper_ws/install/dh_gripper_msgs/include/dh_gripper_msgs/dh_gripper_msgs/msg/detail/gripper_ctrl__type_support.hpp
[0.383s] -- Up-to-date: /home/jim/dh_gripper_ws/install/dh_gripper_msgs/include/dh_gripper_msgs/dh_gripper_msgs/msg/gripper_ctrl.hpp
[0.383s] -- Up-to-date: /home/jim/dh_gripper_ws/install/dh_gripper_msgs/include/dh_gripper_msgs/dh_gripper_msgs/msg/gripper_rot_ctrl.hpp
[0.383s] -- Up-to-date: /home/jim/dh_gripper_ws/install/dh_gripper_msgs/include/dh_gripper_msgs/dh_gripper_msgs
[0.383s] -- Up-to-date: /home/jim/dh_gripper_ws/install/dh_gripper_msgs/include/dh_gripper_msgs/dh_gripper_msgs/msg
[0.383s] -- Up-to-date: /home/jim/dh_gripper_ws/install/dh_gripper_msgs/include/dh_gripper_msgs/dh_gripper_msgs/msg/rosidl_typesupport_fastrtps_cpp__visibility_control.h
[0.383s] -- Up-to-date: /home/jim/dh_gripper_ws/install/dh_gripper_msgs/include/dh_gripper_msgs/dh_gripper_msgs/msg/detail
[0.384s] -- Up-to-date: /home/jim/dh_gripper_ws/install/dh_gripper_msgs/include/dh_gripper_msgs/dh_gripper_msgs/msg/detail/gripper_state__rosidl_typesupport_fastrtps_cpp.hpp
[0.384s] -- Up-to-date: /home/jim/dh_gripper_ws/install/dh_gripper_msgs/include/dh_gripper_msgs/dh_gripper_msgs/msg/detail/gripper_ctrl__rosidl_typesupport_fastrtps_cpp.hpp
[0.384s] -- Up-to-date: /home/jim/dh_gripper_ws/install/dh_gripper_msgs/include/dh_gripper_msgs/dh_gripper_msgs/msg/detail/gripper_rot_ctrl__rosidl_typesupport_fastrtps_cpp.hpp
[0.384s] -- Up-to-date: /home/jim/dh_gripper_ws/install/dh_gripper_msgs/include/dh_gripper_msgs/dh_gripper_msgs/msg/detail/gripper_rot_state__rosidl_typesupport_fastrtps_cpp.hpp
[0.384s] -- Up-to-date: /home/jim/dh_gripper_ws/install/dh_gripper_msgs/include/dh_gripper_msgs/dh_gripper_msgs/msg/detail/dds_fastrtps
[0.384s] -- Up-to-date: /home/jim/dh_gripper_ws/install/dh_gripper_msgs/lib/libdh_gripper_msgs__rosidl_typesupport_fastrtps_cpp.so
[0.384s] -- Up-to-date: /home/jim/dh_gripper_ws/install/dh_gripper_msgs/include/dh_gripper_msgs/dh_gripper_msgs
[0.384s] -- Up-to-date: /home/jim/dh_gripper_ws/install/dh_gripper_msgs/include/dh_gripper_msgs/dh_gripper_msgs/msg
[0.384s] -- Up-to-date: /home/jim/dh_gripper_ws/install/dh_gripper_msgs/include/dh_gripper_msgs/dh_gripper_msgs/msg/detail
[0.384s] -- Up-to-date: /home/jim/dh_gripper_ws/install/dh_gripper_msgs/include/dh_gripper_msgs/dh_gripper_msgs/msg/detail/gripper_rot_state__type_support.cpp
[0.384s] -- Up-to-date: /home/jim/dh_gripper_ws/install/dh_gripper_msgs/include/dh_gripper_msgs/dh_gripper_msgs/msg/detail/gripper_rot_ctrl__type_support.cpp
[0.384s] -- Up-to-date: /home/jim/dh_gripper_ws/install/dh_gripper_msgs/include/dh_gripper_msgs/dh_gripper_msgs/msg/detail/gripper_rot_state__rosidl_typesupport_introspection_cpp.hpp
[0.384s] -- Up-to-date: /home/jim/dh_gripper_ws/install/dh_gripper_msgs/include/dh_gripper_msgs/dh_gripper_msgs/msg/detail/gripper_rot_ctrl__rosidl_typesupport_introspection_cpp.hpp
[0.384s] -- Up-to-date: /home/jim/dh_gripper_ws/install/dh_gripper_msgs/include/dh_gripper_msgs/dh_gripper_msgs/msg/detail/gripper_ctrl__type_support.cpp
[0.384s] -- Up-to-date: /home/jim/dh_gripper_ws/install/dh_gripper_msgs/include/dh_gripper_msgs/dh_gripper_msgs/msg/detail/gripper_state__type_support.cpp
[0.384s] -- Up-to-date: /home/jim/dh_gripper_ws/install/dh_gripper_msgs/include/dh_gripper_msgs/dh_gripper_msgs/msg/detail/gripper_ctrl__rosidl_typesupport_introspection_cpp.hpp
[0.384s] -- Up-to-date: /home/jim/dh_gripper_ws/install/dh_gripper_msgs/include/dh_gripper_msgs/dh_gripper_msgs/msg/detail/gripper_state__rosidl_typesupport_introspection_cpp.hpp
[0.384s] -- Up-to-date: /home/jim/dh_gripper_ws/install/dh_gripper_msgs/lib/libdh_gripper_msgs__rosidl_typesupport_introspection_cpp.so
[0.384s] -- Up-to-date: /home/jim/dh_gripper_ws/install/dh_gripper_msgs/lib/libdh_gripper_msgs__rosidl_typesupport_cpp.so
[0.384s] -- Up-to-date: /home/jim/dh_gripper_ws/install/dh_gripper_msgs/share/dh_gripper_msgs/environment/pythonpath.sh
[0.384s] -- Up-to-date: /home/jim/dh_gripper_ws/install/dh_gripper_msgs/share/dh_gripper_msgs/environment/pythonpath.dsv
[0.384s] -- Up-to-date: /home/jim/dh_gripper_ws/install/dh_gripper_msgs/local/lib/python3.10/dist-packages/dh_gripper_msgs-0.0.1-py3.10.egg-info
[0.384s] -- Installing: /home/jim/dh_gripper_ws/install/dh_gripper_msgs/local/lib/python3.10/dist-packages/dh_gripper_msgs-0.0.1-py3.10.egg-info/dependency_links.txt
[0.384s] -- Installing: /home/jim/dh_gripper_ws/install/dh_gripper_msgs/local/lib/python3.10/dist-packages/dh_gripper_msgs-0.0.1-py3.10.egg-info/PKG-INFO
[0.385s] -- Installing: /home/jim/dh_gripper_ws/install/dh_gripper_msgs/local/lib/python3.10/dist-packages/dh_gripper_msgs-0.0.1-py3.10.egg-info/SOURCES.txt
[0.385s] -- Installing: /home/jim/dh_gripper_ws/install/dh_gripper_msgs/local/lib/python3.10/dist-packages/dh_gripper_msgs-0.0.1-py3.10.egg-info/top_level.txt
[0.385s] -- Up-to-date: /home/jim/dh_gripper_ws/install/dh_gripper_msgs/local/lib/python3.10/dist-packages/dh_gripper_msgs
[0.385s] -- Up-to-date: /home/jim/dh_gripper_ws/install/dh_gripper_msgs/local/lib/python3.10/dist-packages/dh_gripper_msgs/dh_gripper_msgs_s__rosidl_typesupport_introspection_c.cpython-310-x86_64-linux-gnu.so
[0.385s] -- Up-to-date: /home/jim/dh_gripper_ws/install/dh_gripper_msgs/local/lib/python3.10/dist-packages/dh_gripper_msgs/msg
[0.385s] -- Up-to-date: /home/jim/dh_gripper_ws/install/dh_gripper_msgs/local/lib/python3.10/dist-packages/dh_gripper_msgs/msg/_gripper_ctrl_s.c
[0.385s] -- Up-to-date: /home/jim/dh_gripper_ws/install/dh_gripper_msgs/local/lib/python3.10/dist-packages/dh_gripper_msgs/msg/_gripper_rot_state_s.c
[0.385s] -- Up-to-date: /home/jim/dh_gripper_ws/install/dh_gripper_msgs/local/lib/python3.10/dist-packages/dh_gripper_msgs/msg/_gripper_rot_ctrl_s.c
[0.385s] -- Up-to-date: /home/jim/dh_gripper_ws/install/dh_gripper_msgs/local/lib/python3.10/dist-packages/dh_gripper_msgs/msg/_gripper_state_s.c
[0.385s] -- Up-to-date: /home/jim/dh_gripper_ws/install/dh_gripper_msgs/local/lib/python3.10/dist-packages/dh_gripper_msgs/msg/__init__.py
[0.385s] -- Up-to-date: /home/jim/dh_gripper_ws/install/dh_gripper_msgs/local/lib/python3.10/dist-packages/dh_gripper_msgs/msg/_gripper_rot_ctrl.py
[0.385s] -- Up-to-date: /home/jim/dh_gripper_ws/install/dh_gripper_msgs/local/lib/python3.10/dist-packages/dh_gripper_msgs/msg/_gripper_rot_state.py
[0.385s] -- Up-to-date: /home/jim/dh_gripper_ws/install/dh_gripper_msgs/local/lib/python3.10/dist-packages/dh_gripper_msgs/msg/_gripper_ctrl.py
[0.385s] -- Up-to-date: /home/jim/dh_gripper_ws/install/dh_gripper_msgs/local/lib/python3.10/dist-packages/dh_gripper_msgs/msg/_gripper_state.py
[0.385s] -- Up-to-date: /home/jim/dh_gripper_ws/install/dh_gripper_msgs/local/lib/python3.10/dist-packages/dh_gripper_msgs/__init__.py
[0.385s] -- Up-to-date: /home/jim/dh_gripper_ws/install/dh_gripper_msgs/local/lib/python3.10/dist-packages/dh_gripper_msgs/libdh_gripper_msgs__rosidl_generator_py.so
[0.385s] -- Up-to-date: /home/jim/dh_gripper_ws/install/dh_gripper_msgs/local/lib/python3.10/dist-packages/dh_gripper_msgs/dh_gripper_msgs_s__rosidl_typesupport_fastrtps_c.cpython-310-x86_64-linux-gnu.so
[0.385s] -- Up-to-date: /home/jim/dh_gripper_ws/install/dh_gripper_msgs/local/lib/python3.10/dist-packages/dh_gripper_msgs/_dh_gripper_msgs_s.ep.rosidl_typesupport_introspection_c.c
[0.385s] -- Up-to-date: /home/jim/dh_gripper_ws/install/dh_gripper_msgs/local/lib/python3.10/dist-packages/dh_gripper_msgs/_dh_gripper_msgs_s.ep.rosidl_typesupport_c.c
[0.385s] -- Up-to-date: /home/jim/dh_gripper_ws/install/dh_gripper_msgs/local/lib/python3.10/dist-packages/dh_gripper_msgs/dh_gripper_msgs_s__rosidl_typesupport_c.cpython-310-x86_64-linux-gnu.so
[0.385s] -- Up-to-date: /home/jim/dh_gripper_ws/install/dh_gripper_msgs/local/lib/python3.10/dist-packages/dh_gripper_msgs/_dh_gripper_msgs_s.ep.rosidl_typesupport_fastrtps_c.c
[0.412s] Listing '/home/jim/dh_gripper_ws/install/dh_gripper_msgs/local/lib/python3.10/dist-packages/dh_gripper_msgs'...
[0.413s] Listing '/home/jim/dh_gripper_ws/install/dh_gripper_msgs/local/lib/python3.10/dist-packages/dh_gripper_msgs/msg'...
[0.416s] -- Up-to-date: /home/jim/dh_gripper_ws/install/dh_gripper_msgs/local/lib/python3.10/dist-packages/dh_gripper_msgs/dh_gripper_msgs_s__rosidl_typesupport_fastrtps_c.cpython-310-x86_64-linux-gnu.so
[0.416s] -- Up-to-date: /home/jim/dh_gripper_ws/install/dh_gripper_msgs/local/lib/python3.10/dist-packages/dh_gripper_msgs/dh_gripper_msgs_s__rosidl_typesupport_introspection_c.cpython-310-x86_64-linux-gnu.so
[0.416s] -- Up-to-date: /home/jim/dh_gripper_ws/install/dh_gripper_msgs/local/lib/python3.10/dist-packages/dh_gripper_msgs/dh_gripper_msgs_s__rosidl_typesupport_c.cpython-310-x86_64-linux-gnu.so
[0.416s] -- Up-to-date: /home/jim/dh_gripper_ws/install/dh_gripper_msgs/lib/libdh_gripper_msgs__rosidl_generator_py.so
[0.416s] -- Up-to-date: /home/jim/dh_gripper_ws/install/dh_gripper_msgs/share/dh_gripper_msgs/msg/GripperCtrl.idl
[0.417s] -- Up-to-date: /home/jim/dh_gripper_ws/install/dh_gripper_msgs/share/dh_gripper_msgs/msg/GripperState.idl
[0.417s] -- Up-to-date: /home/jim/dh_gripper_ws/install/dh_gripper_msgs/share/dh_gripper_msgs/msg/GripperRotCtrl.idl
[0.417s] -- Up-to-date: /home/jim/dh_gripper_ws/install/dh_gripper_msgs/share/dh_gripper_msgs/msg/GripperRotState.idl
[0.417s] -- Up-to-date: /home/jim/dh_gripper_ws/install/dh_gripper_msgs/share/dh_gripper_msgs/msg/GripperCtrl.msg
[0.417s] -- Up-to-date: /home/jim/dh_gripper_ws/install/dh_gripper_msgs/share/dh_gripper_msgs/msg/GripperState.msg
[0.417s] -- Up-to-date: /home/jim/dh_gripper_ws/install/dh_gripper_msgs/share/dh_gripper_msgs/msg/GripperRotCtrl.msg
[0.417s] -- Up-to-date: /home/jim/dh_gripper_ws/install/dh_gripper_msgs/share/dh_gripper_msgs/msg/GripperRotState.msg
[0.417s] -- Up-to-date: /home/jim/dh_gripper_ws/install/dh_gripper_msgs/share/ament_index/resource_index/package_run_dependencies/dh_gripper_msgs
[0.417s] -- Up-to-date: /home/jim/dh_gripper_ws/install/dh_gripper_msgs/share/ament_index/resource_index/parent_prefix_path/dh_gripper_msgs
[0.417s] -- Up-to-date: /home/jim/dh_gripper_ws/install/dh_gripper_msgs/share/dh_gripper_msgs/environment/ament_prefix_path.sh
[0.417s] -- Up-to-date: /home/jim/dh_gripper_ws/install/dh_gripper_msgs/share/dh_gripper_msgs/environment/ament_prefix_path.dsv
[0.417s] -- Up-to-date: /home/jim/dh_gripper_ws/install/dh_gripper_msgs/share/dh_gripper_msgs/environment/path.sh
[0.417s] -- Up-to-date: /home/jim/dh_gripper_ws/install/dh_gripper_msgs/share/dh_gripper_msgs/environment/path.dsv
[0.417s] -- Up-to-date: /home/jim/dh_gripper_ws/install/dh_gripper_msgs/share/dh_gripper_msgs/local_setup.bash
[0.417s] -- Up-to-date: /home/jim/dh_gripper_ws/install/dh_gripper_msgs/share/dh_gripper_msgs/local_setup.sh
[0.417s] -- Up-to-date: /home/jim/dh_gripper_ws/install/dh_gripper_msgs/share/dh_gripper_msgs/local_setup.zsh
[0.417s] -- Up-to-date: /home/jim/dh_gripper_ws/install/dh_gripper_msgs/share/dh_gripper_msgs/local_setup.dsv
[0.417s] -- Installing: /home/jim/dh_gripper_ws/install/dh_gripper_msgs/share/dh_gripper_msgs/package.dsv
[0.417s] -- Up-to-date: /home/jim/dh_gripper_ws/install/dh_gripper_msgs/share/ament_index/resource_index/packages/dh_gripper_msgs
[0.417s] -- Up-to-date: /home/jim/dh_gripper_ws/install/dh_gripper_msgs/share/dh_gripper_msgs/cmake/export_dh_gripper_msgs__rosidl_generator_cExport.cmake
[0.417s] -- Up-to-date: /home/jim/dh_gripper_ws/install/dh_gripper_msgs/share/dh_gripper_msgs/cmake/export_dh_gripper_msgs__rosidl_generator_cExport-noconfig.cmake
[0.417s] -- Up-to-date: /home/jim/dh_gripper_ws/install/dh_gripper_msgs/share/dh_gripper_msgs/cmake/export_dh_gripper_msgs__rosidl_typesupport_fastrtps_cExport.cmake
[0.417s] -- Up-to-date: /home/jim/dh_gripper_ws/install/dh_gripper_msgs/share/dh_gripper_msgs/cmake/export_dh_gripper_msgs__rosidl_typesupport_fastrtps_cExport-noconfig.cmake
[0.417s] -- Up-to-date: /home/jim/dh_gripper_ws/install/dh_gripper_msgs/share/dh_gripper_msgs/cmake/dh_gripper_msgs__rosidl_typesupport_introspection_cExport.cmake
[0.418s] -- Up-to-date: /home/jim/dh_gripper_ws/install/dh_gripper_msgs/share/dh_gripper_msgs/cmake/dh_gripper_msgs__rosidl_typesupport_introspection_cExport-noconfig.cmake
[0.418s] -- Up-to-date: /home/jim/dh_gripper_ws/install/dh_gripper_msgs/share/dh_gripper_msgs/cmake/dh_gripper_msgs__rosidl_typesupport_cExport.cmake
[0.418s] -- Up-to-date: /home/jim/dh_gripper_ws/install/dh_gripper_msgs/share/dh_gripper_msgs/cmake/dh_gripper_msgs__rosidl_typesupport_cExport-noconfig.cmake
[0.418s] -- Up-to-date: /home/jim/dh_gripper_ws/install/dh_gripper_msgs/share/dh_gripper_msgs/cmake/export_dh_gripper_msgs__rosidl_generator_cppExport.cmake
[0.418s] -- Up-to-date: /home/jim/dh_gripper_ws/install/dh_gripper_msgs/share/dh_gripper_msgs/cmake/export_dh_gripper_msgs__rosidl_typesupport_fastrtps_cppExport.cmake
[0.418s] -- Up-to-date: /home/jim/dh_gripper_ws/install/dh_gripper_msgs/share/dh_gripper_msgs/cmake/export_dh_gripper_msgs__rosidl_typesupport_fastrtps_cppExport-noconfig.cmake
[0.418s] -- Up-to-date: /home/jim/dh_gripper_ws/install/dh_gripper_msgs/share/dh_gripper_msgs/cmake/dh_gripper_msgs__rosidl_typesupport_introspection_cppExport.cmake
[0.418s] -- Up-to-date: /home/jim/dh_gripper_ws/install/dh_gripper_msgs/share/dh_gripper_msgs/cmake/dh_gripper_msgs__rosidl_typesupport_introspection_cppExport-noconfig.cmake
[0.418s] -- Up-to-date: /home/jim/dh_gripper_ws/install/dh_gripper_msgs/share/dh_gripper_msgs/cmake/dh_gripper_msgs__rosidl_typesupport_cppExport.cmake
[0.418s] -- Up-to-date: /home/jim/dh_gripper_ws/install/dh_gripper_msgs/share/dh_gripper_msgs/cmake/dh_gripper_msgs__rosidl_typesupport_cppExport-noconfig.cmake
[0.418s] -- Up-to-date: /home/jim/dh_gripper_ws/install/dh_gripper_msgs/share/dh_gripper_msgs/cmake/export_dh_gripper_msgs__rosidl_generator_pyExport.cmake
[0.418s] -- Up-to-date: /home/jim/dh_gripper_ws/install/dh_gripper_msgs/share/dh_gripper_msgs/cmake/export_dh_gripper_msgs__rosidl_generator_pyExport-noconfig.cmake
[0.418s] -- Up-to-date: /home/jim/dh_gripper_ws/install/dh_gripper_msgs/share/dh_gripper_msgs/cmake/rosidl_cmake-extras.cmake
[0.418s] -- Up-to-date: /home/jim/dh_gripper_ws/install/dh_gripper_msgs/share/dh_gripper_msgs/cmake/ament_cmake_export_dependencies-extras.cmake
[0.418s] -- Up-to-date: /home/jim/dh_gripper_ws/install/dh_gripper_msgs/share/dh_gripper_msgs/cmake/ament_cmake_export_include_directories-extras.cmake
[0.418s] -- Up-to-date: /home/jim/dh_gripper_ws/install/dh_gripper_msgs/share/dh_gripper_msgs/cmake/ament_cmake_export_libraries-extras.cmake
[0.418s] -- Up-to-date: /home/jim/dh_gripper_ws/install/dh_gripper_msgs/share/dh_gripper_msgs/cmake/ament_cmake_export_targets-extras.cmake
[0.418s] -- Up-to-date: /home/jim/dh_gripper_ws/install/dh_gripper_msgs/share/dh_gripper_msgs/cmake/rosidl_cmake_export_typesupport_targets-extras.cmake
[0.418s] -- Up-to-date: /home/jim/dh_gripper_ws/install/dh_gripper_msgs/share/dh_gripper_msgs/cmake/rosidl_cmake_export_typesupport_libraries-extras.cmake
[0.418s] -- Up-to-date: /home/jim/dh_gripper_ws/install/dh_gripper_msgs/share/dh_gripper_msgs/cmake/dh_gripper_msgsConfig.cmake
[0.418s] -- Up-to-date: /home/jim/dh_gripper_ws/install/dh_gripper_msgs/share/dh_gripper_msgs/cmake/dh_gripper_msgsConfig-version.cmake
[0.418s] -- Up-to-date: /home/jim/dh_gripper_ws/install/dh_gripper_msgs/share/dh_gripper_msgs/package.xml
[0.420s] Invoked command in '/home/jim/dh_gripper_ws/build/dh_gripper_msgs' returned '0': CMAKE_PREFIX_PATH=${CMAKE_PREFIX_PATH}:/home/jim/dh_gripper_ws/install/dh_gripper_driver:/home/jim/ws_moveit2/install/moveit_configs_utils:/home/jim/ws_moveit2/install/launch_param_builder:/home/jim/tactile_ws/install/tactile_sensor_ros2:/opt/ros/humble /usr/bin/cmake --install /home/jim/dh_gripper_ws/build/dh_gripper_msgs
