[0.016s] Invoking command in '/home/jim/dh_gripper_ws/build/dh_gripper_description': CMAKE_PREFIX_PATH=${CMAKE_PREFIX_PATH}:/home/jim/dh_gripper_ws/install/dh_gripper_driver:/home/jim/ws_moveit2/install/moveit_configs_utils:/home/jim/ws_moveit2/install/launch_param_builder:/home/jim/tactile_ws/install/tactile_sensor_ros2:/opt/ros/humble /usr/bin/cmake /home/jim/dh_gripper_ws/src/dh_gripper_description -DCMAKE_INSTALL_PREFIX=/home/jim/dh_gripper_ws/install/dh_gripper_description
[0.098s] -- The C compiler identification is GNU 11.4.0
[0.168s] -- The CXX compiler identification is GNU 11.4.0
[0.175s] -- Detecting C compiler ABI info
[0.290s] -- Detecting C compiler ABI info - done
[0.303s] -- Check for working C compiler: /usr/bin/cc - skipped
[0.303s] -- Detecting C compile features
[0.303s] -- Detecting C compile features - done
[0.306s] -- Detecting CXX compiler ABI info
[0.413s] -- Detecting CXX compiler ABI info - done
[0.419s] -- Check for working CXX compiler: /usr/bin/c++ - skipped
[0.419s] -- Detecting CXX compile features
[0.419s] -- Detecting CXX compile features - done
[0.427s] -- Found ament_cmake: 1.3.12 (/opt/ros/humble/share/ament_cmake/cmake)
[0.582s] -- Found Python3: /usr/bin/python3 (found version "3.10.12") found components: Interpreter 
[0.747s] -- Configuring done
[0.749s] -- Generating done
[0.750s] -- Build files have been written to: /home/jim/dh_gripper_ws/build/dh_gripper_description
[0.754s] Invoked command in '/home/jim/dh_gripper_ws/build/dh_gripper_description' returned '0': CMAKE_PREFIX_PATH=${CMAKE_PREFIX_PATH}:/home/jim/dh_gripper_ws/install/dh_gripper_driver:/home/jim/ws_moveit2/install/moveit_configs_utils:/home/jim/ws_moveit2/install/launch_param_builder:/home/jim/tactile_ws/install/tactile_sensor_ros2:/opt/ros/humble /usr/bin/cmake /home/jim/dh_gripper_ws/src/dh_gripper_description -DCMAKE_INSTALL_PREFIX=/home/jim/dh_gripper_ws/install/dh_gripper_description
[0.755s] Invoking command in '/home/jim/dh_gripper_ws/build/dh_gripper_description': CMAKE_PREFIX_PATH=${CMAKE_PREFIX_PATH}:/home/jim/dh_gripper_ws/install/dh_gripper_driver:/home/jim/ws_moveit2/install/moveit_configs_utils:/home/jim/ws_moveit2/install/launch_param_builder:/home/jim/tactile_ws/install/tactile_sensor_ros2:/opt/ros/humble /usr/bin/cmake --build /home/jim/dh_gripper_ws/build/dh_gripper_description -- -j16 -l16
[0.812s] Invoked command in '/home/jim/dh_gripper_ws/build/dh_gripper_description' returned '0': CMAKE_PREFIX_PATH=${CMAKE_PREFIX_PATH}:/home/jim/dh_gripper_ws/install/dh_gripper_driver:/home/jim/ws_moveit2/install/moveit_configs_utils:/home/jim/ws_moveit2/install/launch_param_builder:/home/jim/tactile_ws/install/tactile_sensor_ros2:/opt/ros/humble /usr/bin/cmake --build /home/jim/dh_gripper_ws/build/dh_gripper_description -- -j16 -l16
[0.814s] Invoking command in '/home/jim/dh_gripper_ws/build/dh_gripper_description': CMAKE_PREFIX_PATH=${CMAKE_PREFIX_PATH}:/home/jim/dh_gripper_ws/install/dh_gripper_driver:/home/jim/ws_moveit2/install/moveit_configs_utils:/home/jim/ws_moveit2/install/launch_param_builder:/home/jim/tactile_ws/install/tactile_sensor_ros2:/opt/ros/humble /usr/bin/cmake --install /home/jim/dh_gripper_ws/build/dh_gripper_description
[0.830s] -- Install configuration: ""
[0.830s] -- Installing: /home/jim/dh_gripper_ws/install/dh_gripper_description/share/dh_gripper_description/launch
[0.830s] -- Installing: /home/jim/dh_gripper_ws/install/dh_gripper_description/share/dh_gripper_description/launch/dh_gripper_bringup.launch.py
[0.830s] -- Installing: /home/jim/dh_gripper_ws/install/dh_gripper_description/share/dh_gripper_description/meshes
[0.831s] -- Installing: /home/jim/dh_gripper_ws/install/dh_gripper_description/share/dh_gripper_description/meshes/visual
[0.831s] -- Installing: /home/jim/dh_gripper_ws/install/dh_gripper_description/share/dh_gripper_description/meshes/visual/base_link.STL
[0.831s] -- Installing: /home/jim/dh_gripper_ws/install/dh_gripper_description/share/dh_gripper_description/meshes/visual/rod_Link.STL
[0.831s] -- Installing: /home/jim/dh_gripper_ws/install/dh_gripper_description/share/dh_gripper_description/meshes/visual/distal_phalanx_Link.STL
[0.832s] -- Installing: /home/jim/dh_gripper_ws/install/dh_gripper_description/share/dh_gripper_description/meshes/visual/proximal_phalanx_Link.STL
[0.832s] -- Installing: /home/jim/dh_gripper_ws/install/dh_gripper_description/share/dh_gripper_description/meshes/visual/crank_Link.STL
[0.832s] -- Installing: /home/jim/dh_gripper_ws/install/dh_gripper_description/share/dh_gripper_description/urdf
[0.832s] -- Installing: /home/jim/dh_gripper_ws/install/dh_gripper_description/share/dh_gripper_description/urdf/ag95_gripper.urdf.xacro
[0.832s] -- Installing: /home/jim/dh_gripper_ws/install/dh_gripper_description/share/ament_index/resource_index/package_run_dependencies/dh_gripper_description
[0.833s] -- Installing: /home/jim/dh_gripper_ws/install/dh_gripper_description/share/ament_index/resource_index/parent_prefix_path/dh_gripper_description
[0.833s] -- Installing: /home/jim/dh_gripper_ws/install/dh_gripper_description/share/dh_gripper_description/environment/ament_prefix_path.sh
[0.833s] -- Installing: /home/jim/dh_gripper_ws/install/dh_gripper_description/share/dh_gripper_description/environment/ament_prefix_path.dsv
[0.833s] -- Installing: /home/jim/dh_gripper_ws/install/dh_gripper_description/share/dh_gripper_description/environment/path.sh
[0.833s] -- Installing: /home/jim/dh_gripper_ws/install/dh_gripper_description/share/dh_gripper_description/environment/path.dsv
[0.834s] -- Installing: /home/jim/dh_gripper_ws/install/dh_gripper_description/share/dh_gripper_description/local_setup.bash
[0.834s] -- Installing: /home/jim/dh_gripper_ws/install/dh_gripper_description/share/dh_gripper_description/local_setup.sh
[0.834s] -- Installing: /home/jim/dh_gripper_ws/install/dh_gripper_description/share/dh_gripper_description/local_setup.zsh
[0.834s] -- Installing: /home/jim/dh_gripper_ws/install/dh_gripper_description/share/dh_gripper_description/local_setup.dsv
[0.834s] -- Installing: /home/jim/dh_gripper_ws/install/dh_gripper_description/share/dh_gripper_description/package.dsv
[0.835s] -- Installing: /home/jim/dh_gripper_ws/install/dh_gripper_description/share/ament_index/resource_index/packages/dh_gripper_description
[0.835s] -- Installing: /home/jim/dh_gripper_ws/install/dh_gripper_description/share/dh_gripper_description/cmake/dh_gripper_descriptionConfig.cmake
[0.835s] -- Installing: /home/jim/dh_gripper_ws/install/dh_gripper_description/share/dh_gripper_description/cmake/dh_gripper_descriptionConfig-version.cmake
[0.835s] -- Installing: /home/jim/dh_gripper_ws/install/dh_gripper_description/share/dh_gripper_description/package.xml
[0.837s] Invoked command in '/home/jim/dh_gripper_ws/build/dh_gripper_description' returned '0': CMAKE_PREFIX_PATH=${CMAKE_PREFIX_PATH}:/home/jim/dh_gripper_ws/install/dh_gripper_driver:/home/jim/ws_moveit2/install/moveit_configs_utils:/home/jim/ws_moveit2/install/launch_param_builder:/home/jim/tactile_ws/install/tactile_sensor_ros2:/opt/ros/humble /usr/bin/cmake --install /home/jim/dh_gripper_ws/build/dh_gripper_description
