[0.080s] DEBUG:colcon:Command line arguments: ['/usr/bin/colcon', 'build']
[0.080s] DEBUG:colcon:Parsed command line arguments: Namespace(log_base=None, log_level=None, verb_name='build', build_base='build', install_base='install', merge_install=False, symlink_install=False, test_result_base=None, continue_on_error=False, executor='parallel', parallel_workers=16, event_handlers=None, ignore_user_meta=False, metas=['./colcon.meta'], base_paths=['.'], packages_ignore=None, packages_ignore_regex=None, paths=None, packages_up_to=None, packages_up_to_regex=None, packages_above=None, packages_above_and_dependencies=None, packages_above_depth=None, packages_select_by_dep=None, packages_skip_by_dep=None, packages_skip_up_to=None, packages_select_build_failed=False, packages_skip_build_finished=False, packages_select_test_failures=False, packages_skip_test_passed=False, packages_select=None, packages_skip=None, packages_select_regex=None, packages_skip_regex=None, packages_start=None, packages_end=None, allow_overriding=[], cmake_args=None, cmake_target=None, cmake_target_skip_unavailable=False, cmake_clean_cache=False, cmake_clean_first=False, cmake_force_configure=False, ament_cmake_args=None, catkin_cmake_args=None, catkin_skip_building_tests=False, mixin_files=None, mixin=None, verb_parser=<colcon_mixin.mixin.mixin_argument.MixinArgumentDecorator object at 0x7127fd291d80>, verb_extension=<colcon_core.verb.build.BuildVerb object at 0x7127fd2918d0>, main=<bound method BuildVerb.main of <colcon_core.verb.build.BuildVerb object at 0x7127fd2918d0>>, mixin_verb=('build',))
[0.194s] Level 1:colcon.colcon_core.package_discovery:discover_packages(colcon_meta) check parameters
[0.194s] Level 1:colcon.colcon_core.package_discovery:discover_packages(recursive) check parameters
[0.194s] Level 1:colcon.colcon_core.package_discovery:discover_packages(ignore) check parameters
[0.194s] Level 1:colcon.colcon_core.package_discovery:discover_packages(path) check parameters
[0.194s] Level 1:colcon.colcon_core.package_discovery:discover_packages(colcon_meta) discover
[0.194s] Level 1:colcon.colcon_core.package_discovery:discover_packages(recursive) discover
[0.194s] INFO:colcon.colcon_core.package_discovery:Crawling recursively for packages in '/home/jim/dh_gripper_ws'
[0.195s] Level 1:colcon.colcon_core.package_identification:_identify(.) by extensions ['ignore', 'ignore_ament_install']
[0.195s] Level 1:colcon.colcon_core.package_identification:_identify(.) by extension 'ignore'
[0.195s] Level 1:colcon.colcon_core.package_identification:_identify(.) by extension 'ignore_ament_install'
[0.195s] Level 1:colcon.colcon_core.package_identification:_identify(.) by extensions ['colcon_pkg']
[0.195s] Level 1:colcon.colcon_core.package_identification:_identify(.) by extension 'colcon_pkg'
[0.195s] Level 1:colcon.colcon_core.package_identification:_identify(.) by extensions ['colcon_meta']
[0.195s] Level 1:colcon.colcon_core.package_identification:_identify(.) by extension 'colcon_meta'
[0.195s] Level 1:colcon.colcon_core.package_identification:_identify(.) by extensions ['ros']
[0.195s] Level 1:colcon.colcon_core.package_identification:_identify(.) by extension 'ros'
[0.208s] Level 1:colcon.colcon_core.package_identification:_identify(.) by extensions ['cmake', 'python']
[0.208s] Level 1:colcon.colcon_core.package_identification:_identify(.) by extension 'cmake'
[0.208s] Level 1:colcon.colcon_core.package_identification:_identify(.) by extension 'python'
[0.208s] Level 1:colcon.colcon_core.package_identification:_identify(.) by extensions ['python_setup_py']
[0.208s] Level 1:colcon.colcon_core.package_identification:_identify(.) by extension 'python_setup_py'
[0.208s] Level 1:colcon.colcon_core.package_identification:_identify(build) by extensions ['ignore', 'ignore_ament_install']
[0.208s] Level 1:colcon.colcon_core.package_identification:_identify(build) by extension 'ignore'
[0.208s] Level 1:colcon.colcon_core.package_identification:_identify(build) ignored
[0.208s] Level 1:colcon.colcon_core.package_identification:_identify(install) by extensions ['ignore', 'ignore_ament_install']
[0.208s] Level 1:colcon.colcon_core.package_identification:_identify(install) by extension 'ignore'
[0.208s] Level 1:colcon.colcon_core.package_identification:_identify(install) ignored
[0.208s] Level 1:colcon.colcon_core.package_identification:_identify(log) by extensions ['ignore', 'ignore_ament_install']
[0.208s] Level 1:colcon.colcon_core.package_identification:_identify(log) by extension 'ignore'
[0.208s] Level 1:colcon.colcon_core.package_identification:_identify(log) ignored
[0.208s] Level 1:colcon.colcon_core.package_identification:_identify(src) by extensions ['ignore', 'ignore_ament_install']
[0.208s] Level 1:colcon.colcon_core.package_identification:_identify(src) by extension 'ignore'
[0.208s] Level 1:colcon.colcon_core.package_identification:_identify(src) by extension 'ignore_ament_install'
[0.208s] Level 1:colcon.colcon_core.package_identification:_identify(src) by extensions ['colcon_pkg']
[0.208s] Level 1:colcon.colcon_core.package_identification:_identify(src) by extension 'colcon_pkg'
[0.208s] Level 1:colcon.colcon_core.package_identification:_identify(src) by extensions ['colcon_meta']
[0.208s] Level 1:colcon.colcon_core.package_identification:_identify(src) by extension 'colcon_meta'
[0.208s] Level 1:colcon.colcon_core.package_identification:_identify(src) by extensions ['ros']
[0.209s] Level 1:colcon.colcon_core.package_identification:_identify(src) by extension 'ros'
[0.209s] Level 1:colcon.colcon_core.package_identification:_identify(src) by extensions ['cmake', 'python']
[0.209s] Level 1:colcon.colcon_core.package_identification:_identify(src) by extension 'cmake'
[0.209s] Level 1:colcon.colcon_core.package_identification:_identify(src) by extension 'python'
[0.209s] Level 1:colcon.colcon_core.package_identification:_identify(src) by extensions ['python_setup_py']
[0.209s] Level 1:colcon.colcon_core.package_identification:_identify(src) by extension 'python_setup_py'
[0.209s] Level 1:colcon.colcon_core.package_identification:_identify(src/dh_gripper_description) by extensions ['ignore', 'ignore_ament_install']
[0.209s] Level 1:colcon.colcon_core.package_identification:_identify(src/dh_gripper_description) by extension 'ignore'
[0.209s] Level 1:colcon.colcon_core.package_identification:_identify(src/dh_gripper_description) by extension 'ignore_ament_install'
[0.209s] Level 1:colcon.colcon_core.package_identification:_identify(src/dh_gripper_description) by extensions ['colcon_pkg']
[0.209s] Level 1:colcon.colcon_core.package_identification:_identify(src/dh_gripper_description) by extension 'colcon_pkg'
[0.209s] Level 1:colcon.colcon_core.package_identification:_identify(src/dh_gripper_description) by extensions ['colcon_meta']
[0.209s] Level 1:colcon.colcon_core.package_identification:_identify(src/dh_gripper_description) by extension 'colcon_meta'
[0.209s] Level 1:colcon.colcon_core.package_identification:_identify(src/dh_gripper_description) by extensions ['ros']
[0.209s] Level 1:colcon.colcon_core.package_identification:_identify(src/dh_gripper_description) by extension 'ros'
[0.211s] DEBUG:colcon.colcon_core.package_identification:Package 'src/dh_gripper_description' with type 'ros.ament_cmake' and name 'dh_gripper_description'
[0.211s] Level 1:colcon.colcon_core.package_identification:_identify(src/dh_gripper_driver) by extensions ['ignore', 'ignore_ament_install']
[0.211s] Level 1:colcon.colcon_core.package_identification:_identify(src/dh_gripper_driver) by extension 'ignore'
[0.211s] Level 1:colcon.colcon_core.package_identification:_identify(src/dh_gripper_driver) by extension 'ignore_ament_install'
[0.211s] Level 1:colcon.colcon_core.package_identification:_identify(src/dh_gripper_driver) by extensions ['colcon_pkg']
[0.211s] Level 1:colcon.colcon_core.package_identification:_identify(src/dh_gripper_driver) by extension 'colcon_pkg'
[0.211s] Level 1:colcon.colcon_core.package_identification:_identify(src/dh_gripper_driver) by extensions ['colcon_meta']
[0.211s] Level 1:colcon.colcon_core.package_identification:_identify(src/dh_gripper_driver) by extension 'colcon_meta'
[0.211s] Level 1:colcon.colcon_core.package_identification:_identify(src/dh_gripper_driver) by extensions ['ros']
[0.211s] Level 1:colcon.colcon_core.package_identification:_identify(src/dh_gripper_driver) by extension 'ros'
[0.211s] DEBUG:colcon.colcon_core.package_identification:Package 'src/dh_gripper_driver' with type 'ros.ament_python' and name 'dh_gripper_driver'
[0.211s] Level 1:colcon.colcon_core.package_identification:_identify(src/dh_gripper_msgs) by extensions ['ignore', 'ignore_ament_install']
[0.212s] Level 1:colcon.colcon_core.package_identification:_identify(src/dh_gripper_msgs) by extension 'ignore'
[0.212s] Level 1:colcon.colcon_core.package_identification:_identify(src/dh_gripper_msgs) by extension 'ignore_ament_install'
[0.212s] Level 1:colcon.colcon_core.package_identification:_identify(src/dh_gripper_msgs) by extensions ['colcon_pkg']
[0.212s] Level 1:colcon.colcon_core.package_identification:_identify(src/dh_gripper_msgs) by extension 'colcon_pkg'
[0.212s] Level 1:colcon.colcon_core.package_identification:_identify(src/dh_gripper_msgs) by extensions ['colcon_meta']
[0.212s] Level 1:colcon.colcon_core.package_identification:_identify(src/dh_gripper_msgs) by extension 'colcon_meta'
[0.212s] Level 1:colcon.colcon_core.package_identification:_identify(src/dh_gripper_msgs) by extensions ['ros']
[0.212s] Level 1:colcon.colcon_core.package_identification:_identify(src/dh_gripper_msgs) by extension 'ros'
[0.212s] DEBUG:colcon.colcon_core.package_identification:Package 'src/dh_gripper_msgs' with type 'ros.ament_cmake' and name 'dh_gripper_msgs'
[0.212s] Level 1:colcon.colcon_core.package_discovery:discover_packages(recursive) using defaults
[0.212s] Level 1:colcon.colcon_core.package_discovery:discover_packages(ignore) discover
[0.212s] Level 1:colcon.colcon_core.package_discovery:discover_packages(ignore) using defaults
[0.212s] Level 1:colcon.colcon_core.package_discovery:discover_packages(path) discover
[0.212s] Level 1:colcon.colcon_core.package_discovery:discover_packages(path) using defaults
[0.226s] Level 1:colcon.colcon_core.package_discovery:discover_packages(prefix_path) check parameters
[0.226s] Level 1:colcon.colcon_core.package_discovery:discover_packages(prefix_path) discover
[0.228s] DEBUG:colcon.colcon_installed_package_information.package_discovery:Found 2 installed packages in /home/jim/dh_gripper_ws/install
[0.229s] DEBUG:colcon.colcon_installed_package_information.package_discovery:Found 55 installed packages in /home/jim/ws_moveit2/install
[0.229s] DEBUG:colcon.colcon_installed_package_information.package_discovery:Found 1 installed packages in /home/jim/tactile_ws/install
[0.230s] DEBUG:colcon.colcon_installed_package_information.package_discovery:Found 475 installed packages in /opt/ros/humble
[0.233s] Level 1:colcon.colcon_core.package_discovery:discover_packages(prefix_path) using defaults
[0.265s] Level 5:colcon.colcon_core.verb:set package 'dh_gripper_msgs' build argument 'cmake_args' from command line to 'None'
[0.265s] Level 5:colcon.colcon_core.verb:set package 'dh_gripper_msgs' build argument 'cmake_target' from command line to 'None'
[0.265s] Level 5:colcon.colcon_core.verb:set package 'dh_gripper_msgs' build argument 'cmake_target_skip_unavailable' from command line to 'False'
[0.265s] Level 5:colcon.colcon_core.verb:set package 'dh_gripper_msgs' build argument 'cmake_clean_cache' from command line to 'False'
[0.265s] Level 5:colcon.colcon_core.verb:set package 'dh_gripper_msgs' build argument 'cmake_clean_first' from command line to 'False'
[0.265s] Level 5:colcon.colcon_core.verb:set package 'dh_gripper_msgs' build argument 'cmake_force_configure' from command line to 'False'
[0.265s] Level 5:colcon.colcon_core.verb:set package 'dh_gripper_msgs' build argument 'ament_cmake_args' from command line to 'None'
[0.265s] Level 5:colcon.colcon_core.verb:set package 'dh_gripper_msgs' build argument 'catkin_cmake_args' from command line to 'None'
[0.265s] Level 5:colcon.colcon_core.verb:set package 'dh_gripper_msgs' build argument 'catkin_skip_building_tests' from command line to 'False'
[0.265s] DEBUG:colcon.colcon_core.verb:Building package 'dh_gripper_msgs' with the following arguments: {'ament_cmake_args': None, 'build_base': '/home/jim/dh_gripper_ws/build/dh_gripper_msgs', 'catkin_cmake_args': None, 'catkin_skip_building_tests': False, 'cmake_args': None, 'cmake_clean_cache': False, 'cmake_clean_first': False, 'cmake_force_configure': False, 'cmake_target': None, 'cmake_target_skip_unavailable': False, 'install_base': '/home/jim/dh_gripper_ws/install/dh_gripper_msgs', 'merge_install': False, 'path': '/home/jim/dh_gripper_ws/src/dh_gripper_msgs', 'symlink_install': False, 'test_result_base': None}
[0.266s] Level 5:colcon.colcon_core.verb:set package 'dh_gripper_driver' build argument 'cmake_args' from command line to 'None'
[0.266s] Level 5:colcon.colcon_core.verb:set package 'dh_gripper_driver' build argument 'cmake_target' from command line to 'None'
[0.266s] Level 5:colcon.colcon_core.verb:set package 'dh_gripper_driver' build argument 'cmake_target_skip_unavailable' from command line to 'False'
[0.266s] Level 5:colcon.colcon_core.verb:set package 'dh_gripper_driver' build argument 'cmake_clean_cache' from command line to 'False'
[0.266s] Level 5:colcon.colcon_core.verb:set package 'dh_gripper_driver' build argument 'cmake_clean_first' from command line to 'False'
[0.266s] Level 5:colcon.colcon_core.verb:set package 'dh_gripper_driver' build argument 'cmake_force_configure' from command line to 'False'
[0.266s] Level 5:colcon.colcon_core.verb:set package 'dh_gripper_driver' build argument 'ament_cmake_args' from command line to 'None'
[0.266s] Level 5:colcon.colcon_core.verb:set package 'dh_gripper_driver' build argument 'catkin_cmake_args' from command line to 'None'
[0.266s] Level 5:colcon.colcon_core.verb:set package 'dh_gripper_driver' build argument 'catkin_skip_building_tests' from command line to 'False'
[0.266s] DEBUG:colcon.colcon_core.verb:Building package 'dh_gripper_driver' with the following arguments: {'ament_cmake_args': None, 'build_base': '/home/jim/dh_gripper_ws/build/dh_gripper_driver', 'catkin_cmake_args': None, 'catkin_skip_building_tests': False, 'cmake_args': None, 'cmake_clean_cache': False, 'cmake_clean_first': False, 'cmake_force_configure': False, 'cmake_target': None, 'cmake_target_skip_unavailable': False, 'install_base': '/home/jim/dh_gripper_ws/install/dh_gripper_driver', 'merge_install': False, 'path': '/home/jim/dh_gripper_ws/src/dh_gripper_driver', 'symlink_install': False, 'test_result_base': None}
[0.266s] Level 5:colcon.colcon_core.verb:set package 'dh_gripper_description' build argument 'cmake_args' from command line to 'None'
[0.266s] Level 5:colcon.colcon_core.verb:set package 'dh_gripper_description' build argument 'cmake_target' from command line to 'None'
[0.266s] Level 5:colcon.colcon_core.verb:set package 'dh_gripper_description' build argument 'cmake_target_skip_unavailable' from command line to 'False'
[0.266s] Level 5:colcon.colcon_core.verb:set package 'dh_gripper_description' build argument 'cmake_clean_cache' from command line to 'False'
[0.266s] Level 5:colcon.colcon_core.verb:set package 'dh_gripper_description' build argument 'cmake_clean_first' from command line to 'False'
[0.266s] Level 5:colcon.colcon_core.verb:set package 'dh_gripper_description' build argument 'cmake_force_configure' from command line to 'False'
[0.266s] Level 5:colcon.colcon_core.verb:set package 'dh_gripper_description' build argument 'ament_cmake_args' from command line to 'None'
[0.266s] Level 5:colcon.colcon_core.verb:set package 'dh_gripper_description' build argument 'catkin_cmake_args' from command line to 'None'
[0.266s] Level 5:colcon.colcon_core.verb:set package 'dh_gripper_description' build argument 'catkin_skip_building_tests' from command line to 'False'
[0.266s] DEBUG:colcon.colcon_core.verb:Building package 'dh_gripper_description' with the following arguments: {'ament_cmake_args': None, 'build_base': '/home/jim/dh_gripper_ws/build/dh_gripper_description', 'catkin_cmake_args': None, 'catkin_skip_building_tests': False, 'cmake_args': None, 'cmake_clean_cache': False, 'cmake_clean_first': False, 'cmake_force_configure': False, 'cmake_target': None, 'cmake_target_skip_unavailable': False, 'install_base': '/home/jim/dh_gripper_ws/install/dh_gripper_description', 'merge_install': False, 'path': '/home/jim/dh_gripper_ws/src/dh_gripper_description', 'symlink_install': False, 'test_result_base': None}
[0.266s] INFO:colcon.colcon_core.executor:Executing jobs using 'parallel' executor
[0.267s] DEBUG:colcon.colcon_parallel_executor.executor.parallel:run_until_complete
[0.267s] INFO:colcon.colcon_ros.task.ament_cmake.build:Building ROS package in '/home/jim/dh_gripper_ws/src/dh_gripper_msgs' with build type 'ament_cmake'
[0.267s] INFO:colcon.colcon_cmake.task.cmake.build:Building CMake package in '/home/jim/dh_gripper_ws/src/dh_gripper_msgs'
[0.268s] INFO:colcon.colcon_core.plugin_system:Skipping extension 'colcon_core.shell.bat': Not used on non-Windows systems
[0.269s] INFO:colcon.colcon_core.shell:Skip shell extension 'powershell' for command environment: Not usable outside of PowerShell
[0.269s] DEBUG:colcon.colcon_core.shell:Skip shell extension 'dsv' for command environment
[0.281s] DEBUG:colcon.colcon_core.event_handler.log_command:Invoking command in '/home/jim/dh_gripper_ws/build/dh_gripper_msgs': CMAKE_PREFIX_PATH=${CMAKE_PREFIX_PATH}:/home/jim/dh_gripper_ws/install/dh_gripper_driver:/home/jim/ws_moveit2/install/moveit_configs_utils:/home/jim/ws_moveit2/install/launch_param_builder:/home/jim/tactile_ws/install/tactile_sensor_ros2:/opt/ros/humble /usr/bin/cmake --build /home/jim/dh_gripper_ws/build/dh_gripper_msgs -- -j16 -l16
[0.616s] DEBUG:colcon.colcon_core.event_handler.log_command:Invoked command in '/home/jim/dh_gripper_ws/build/dh_gripper_msgs' returned '0': CMAKE_PREFIX_PATH=${CMAKE_PREFIX_PATH}:/home/jim/dh_gripper_ws/install/dh_gripper_driver:/home/jim/ws_moveit2/install/moveit_configs_utils:/home/jim/ws_moveit2/install/launch_param_builder:/home/jim/tactile_ws/install/tactile_sensor_ros2:/opt/ros/humble /usr/bin/cmake --build /home/jim/dh_gripper_ws/build/dh_gripper_msgs -- -j16 -l16
[0.629s] DEBUG:colcon.colcon_core.event_handler.log_command:Invoking command in '/home/jim/dh_gripper_ws/build/dh_gripper_msgs': CMAKE_PREFIX_PATH=${CMAKE_PREFIX_PATH}:/home/jim/dh_gripper_ws/install/dh_gripper_driver:/home/jim/ws_moveit2/install/moveit_configs_utils:/home/jim/ws_moveit2/install/launch_param_builder:/home/jim/tactile_ws/install/tactile_sensor_ros2:/opt/ros/humble /usr/bin/cmake --install /home/jim/dh_gripper_ws/build/dh_gripper_msgs
[0.684s] Level 1:colcon.colcon_core.environment:create_environment_scripts_only(dh_gripper_msgs)
[0.686s] DEBUG:colcon.colcon_core.event_handler.log_command:Invoked command in '/home/jim/dh_gripper_ws/build/dh_gripper_msgs' returned '0': CMAKE_PREFIX_PATH=${CMAKE_PREFIX_PATH}:/home/jim/dh_gripper_ws/install/dh_gripper_driver:/home/jim/ws_moveit2/install/moveit_configs_utils:/home/jim/ws_moveit2/install/launch_param_builder:/home/jim/tactile_ws/install/tactile_sensor_ros2:/opt/ros/humble /usr/bin/cmake --install /home/jim/dh_gripper_ws/build/dh_gripper_msgs
[0.689s] Level 1:colcon.colcon_core.environment:checking '/home/jim/dh_gripper_ws/install/dh_gripper_msgs' for CMake module files
[0.690s] Level 1:colcon.colcon_core.environment:checking '/home/jim/dh_gripper_ws/install/dh_gripper_msgs' for CMake config files
[0.690s] Level 1:colcon.colcon_core.shell:create_environment_hook('dh_gripper_msgs', 'cmake_prefix_path')
[0.691s] INFO:colcon.colcon_core.shell:Creating environment hook '/home/jim/dh_gripper_ws/install/dh_gripper_msgs/share/dh_gripper_msgs/hook/cmake_prefix_path.ps1'
[0.692s] INFO:colcon.colcon_core.shell:Creating environment descriptor '/home/jim/dh_gripper_ws/install/dh_gripper_msgs/share/dh_gripper_msgs/hook/cmake_prefix_path.dsv'
[0.692s] INFO:colcon.colcon_core.shell:Creating environment hook '/home/jim/dh_gripper_ws/install/dh_gripper_msgs/share/dh_gripper_msgs/hook/cmake_prefix_path.sh'
[0.693s] Level 1:colcon.colcon_core.environment:checking '/home/jim/dh_gripper_ws/install/dh_gripper_msgs/lib'
[0.693s] Level 1:colcon.colcon_core.shell:create_environment_hook('dh_gripper_msgs', 'ld_library_path_lib')
[0.694s] INFO:colcon.colcon_core.shell:Creating environment hook '/home/jim/dh_gripper_ws/install/dh_gripper_msgs/share/dh_gripper_msgs/hook/ld_library_path_lib.ps1'
[0.694s] INFO:colcon.colcon_core.shell:Creating environment descriptor '/home/jim/dh_gripper_ws/install/dh_gripper_msgs/share/dh_gripper_msgs/hook/ld_library_path_lib.dsv'
[0.694s] INFO:colcon.colcon_core.shell:Creating environment hook '/home/jim/dh_gripper_ws/install/dh_gripper_msgs/share/dh_gripper_msgs/hook/ld_library_path_lib.sh'
[0.695s] Level 1:colcon.colcon_core.environment:checking '/home/jim/dh_gripper_ws/install/dh_gripper_msgs/bin'
[0.695s] Level 1:colcon.colcon_core.environment:checking '/home/jim/dh_gripper_ws/install/dh_gripper_msgs/lib/pkgconfig/dh_gripper_msgs.pc'
[0.695s] Level 1:colcon.colcon_core.environment:checking '/home/jim/dh_gripper_ws/install/dh_gripper_msgs/lib/python3.10/site-packages'
[0.695s] Level 1:colcon.colcon_core.environment:checking '/home/jim/dh_gripper_ws/install/dh_gripper_msgs/bin'
[0.695s] INFO:colcon.colcon_core.shell:Creating package script '/home/jim/dh_gripper_ws/install/dh_gripper_msgs/share/dh_gripper_msgs/package.ps1'
[0.696s] INFO:colcon.colcon_core.shell:Creating package descriptor '/home/jim/dh_gripper_ws/install/dh_gripper_msgs/share/dh_gripper_msgs/package.dsv'
[0.697s] INFO:colcon.colcon_core.shell:Creating package script '/home/jim/dh_gripper_ws/install/dh_gripper_msgs/share/dh_gripper_msgs/package.sh'
[0.698s] INFO:colcon.colcon_core.shell:Creating package script '/home/jim/dh_gripper_ws/install/dh_gripper_msgs/share/dh_gripper_msgs/package.bash'
[0.698s] INFO:colcon.colcon_core.shell:Creating package script '/home/jim/dh_gripper_ws/install/dh_gripper_msgs/share/dh_gripper_msgs/package.zsh'
[0.699s] Level 1:colcon.colcon_core.environment:create_file_with_runtime_dependencies(/home/jim/dh_gripper_ws/install/dh_gripper_msgs/share/colcon-core/packages/dh_gripper_msgs)
[0.700s] Level 1:colcon.colcon_core.environment:create_environment_scripts_only(dh_gripper_msgs)
[0.700s] Level 1:colcon.colcon_core.environment:checking '/home/jim/dh_gripper_ws/install/dh_gripper_msgs' for CMake module files
[0.701s] Level 1:colcon.colcon_core.environment:checking '/home/jim/dh_gripper_ws/install/dh_gripper_msgs' for CMake config files
[0.701s] Level 1:colcon.colcon_core.shell:create_environment_hook('dh_gripper_msgs', 'cmake_prefix_path')
[0.701s] INFO:colcon.colcon_core.shell:Creating environment hook '/home/jim/dh_gripper_ws/install/dh_gripper_msgs/share/dh_gripper_msgs/hook/cmake_prefix_path.ps1'
[0.702s] INFO:colcon.colcon_core.shell:Creating environment descriptor '/home/jim/dh_gripper_ws/install/dh_gripper_msgs/share/dh_gripper_msgs/hook/cmake_prefix_path.dsv'
[0.702s] INFO:colcon.colcon_core.shell:Creating environment hook '/home/jim/dh_gripper_ws/install/dh_gripper_msgs/share/dh_gripper_msgs/hook/cmake_prefix_path.sh'
[0.703s] Level 1:colcon.colcon_core.environment:checking '/home/jim/dh_gripper_ws/install/dh_gripper_msgs/lib'
[0.703s] Level 1:colcon.colcon_core.shell:create_environment_hook('dh_gripper_msgs', 'ld_library_path_lib')
[0.703s] INFO:colcon.colcon_core.shell:Creating environment hook '/home/jim/dh_gripper_ws/install/dh_gripper_msgs/share/dh_gripper_msgs/hook/ld_library_path_lib.ps1'
[0.704s] INFO:colcon.colcon_core.shell:Creating environment descriptor '/home/jim/dh_gripper_ws/install/dh_gripper_msgs/share/dh_gripper_msgs/hook/ld_library_path_lib.dsv'
[0.704s] INFO:colcon.colcon_core.shell:Creating environment hook '/home/jim/dh_gripper_ws/install/dh_gripper_msgs/share/dh_gripper_msgs/hook/ld_library_path_lib.sh'
[0.705s] Level 1:colcon.colcon_core.environment:checking '/home/jim/dh_gripper_ws/install/dh_gripper_msgs/bin'
[0.705s] Level 1:colcon.colcon_core.environment:checking '/home/jim/dh_gripper_ws/install/dh_gripper_msgs/lib/pkgconfig/dh_gripper_msgs.pc'
[0.705s] Level 1:colcon.colcon_core.environment:checking '/home/jim/dh_gripper_ws/install/dh_gripper_msgs/lib/python3.10/site-packages'
[0.705s] Level 1:colcon.colcon_core.environment:checking '/home/jim/dh_gripper_ws/install/dh_gripper_msgs/bin'
[0.706s] INFO:colcon.colcon_core.shell:Creating package script '/home/jim/dh_gripper_ws/install/dh_gripper_msgs/share/dh_gripper_msgs/package.ps1'
[0.706s] INFO:colcon.colcon_core.shell:Creating package descriptor '/home/jim/dh_gripper_ws/install/dh_gripper_msgs/share/dh_gripper_msgs/package.dsv'
[0.707s] INFO:colcon.colcon_core.shell:Creating package script '/home/jim/dh_gripper_ws/install/dh_gripper_msgs/share/dh_gripper_msgs/package.sh'
[0.707s] INFO:colcon.colcon_core.shell:Creating package script '/home/jim/dh_gripper_ws/install/dh_gripper_msgs/share/dh_gripper_msgs/package.bash'
[0.707s] INFO:colcon.colcon_core.shell:Creating package script '/home/jim/dh_gripper_ws/install/dh_gripper_msgs/share/dh_gripper_msgs/package.zsh'
[0.707s] Level 1:colcon.colcon_core.environment:create_file_with_runtime_dependencies(/home/jim/dh_gripper_ws/install/dh_gripper_msgs/share/colcon-core/packages/dh_gripper_msgs)
[0.708s] INFO:colcon.colcon_ros.task.ament_python.build:Building ROS package in '/home/jim/dh_gripper_ws/src/dh_gripper_driver' with build type 'ament_python'
[0.708s] Level 1:colcon.colcon_core.shell:create_environment_hook('dh_gripper_driver', 'ament_prefix_path')
[0.708s] INFO:colcon.colcon_core.shell:Creating environment hook '/home/jim/dh_gripper_ws/install/dh_gripper_driver/share/dh_gripper_driver/hook/ament_prefix_path.ps1'
[0.709s] INFO:colcon.colcon_core.shell:Creating environment descriptor '/home/jim/dh_gripper_ws/install/dh_gripper_driver/share/dh_gripper_driver/hook/ament_prefix_path.dsv'
[0.709s] INFO:colcon.colcon_core.shell:Creating environment hook '/home/jim/dh_gripper_ws/install/dh_gripper_driver/share/dh_gripper_driver/hook/ament_prefix_path.sh'
[0.709s] INFO:colcon.colcon_core.shell:Skip shell extension 'powershell' for command environment: Not usable outside of PowerShell
[0.709s] DEBUG:colcon.colcon_core.shell:Skip shell extension 'dsv' for command environment
[0.911s] INFO:colcon.colcon_core.task.python.build:Building Python package in '/home/jim/dh_gripper_ws/src/dh_gripper_driver'
[0.911s] INFO:colcon.colcon_core.shell:Skip shell extension 'powershell' for command environment: Not usable outside of PowerShell
[0.911s] DEBUG:colcon.colcon_core.shell:Skip shell extension 'dsv' for command environment
[1.170s] DEBUG:colcon.colcon_core.event_handler.log_command:Invoking command in '/home/jim/dh_gripper_ws/src/dh_gripper_driver': PYTHONPATH=/home/jim/dh_gripper_ws/build/dh_gripper_driver/prefix_override:/usr/lib/python3/dist-packages/colcon_core/task/python/colcon_distutils_commands:/home/jim/dh_gripper_ws/install/dh_gripper_driver/lib/python3.10/site-packages:${PYTHONPATH} /usr/bin/python3 -W ignore:setup.py install is deprecated -W ignore:easy_install command is deprecated setup.py egg_info --egg-base ../../build/dh_gripper_driver build --build-base /home/jim/dh_gripper_ws/build/dh_gripper_driver/build install --record /home/jim/dh_gripper_ws/build/dh_gripper_driver/install.log --single-version-externally-managed install_data
[1.372s] Level 1:colcon.colcon_core.environment:checking '/home/jim/dh_gripper_ws/install/dh_gripper_driver' for CMake module files
[1.372s] DEBUG:colcon.colcon_core.event_handler.log_command:Invoked command in '/home/jim/dh_gripper_ws/src/dh_gripper_driver' returned '0': PYTHONPATH=/home/jim/dh_gripper_ws/build/dh_gripper_driver/prefix_override:/usr/lib/python3/dist-packages/colcon_core/task/python/colcon_distutils_commands:/home/jim/dh_gripper_ws/install/dh_gripper_driver/lib/python3.10/site-packages:${PYTHONPATH} /usr/bin/python3 -W ignore:setup.py install is deprecated -W ignore:easy_install command is deprecated setup.py egg_info --egg-base ../../build/dh_gripper_driver build --build-base /home/jim/dh_gripper_ws/build/dh_gripper_driver/build install --record /home/jim/dh_gripper_ws/build/dh_gripper_driver/install.log --single-version-externally-managed install_data
[1.373s] Level 1:colcon.colcon_core.environment:checking '/home/jim/dh_gripper_ws/install/dh_gripper_driver' for CMake config files
[1.373s] Level 1:colcon.colcon_core.environment:checking '/home/jim/dh_gripper_ws/install/dh_gripper_driver/lib'
[1.373s] Level 1:colcon.colcon_core.environment:checking '/home/jim/dh_gripper_ws/install/dh_gripper_driver/bin'
[1.373s] Level 1:colcon.colcon_core.environment:checking '/home/jim/dh_gripper_ws/install/dh_gripper_driver/lib/pkgconfig/dh_gripper_driver.pc'
[1.373s] Level 1:colcon.colcon_core.environment:checking '/home/jim/dh_gripper_ws/install/dh_gripper_driver/lib/python3.10/site-packages'
[1.373s] Level 1:colcon.colcon_core.shell:create_environment_hook('dh_gripper_driver', 'pythonpath')
[1.373s] INFO:colcon.colcon_core.shell:Creating environment hook '/home/jim/dh_gripper_ws/install/dh_gripper_driver/share/dh_gripper_driver/hook/pythonpath.ps1'
[1.374s] INFO:colcon.colcon_core.shell:Creating environment descriptor '/home/jim/dh_gripper_ws/install/dh_gripper_driver/share/dh_gripper_driver/hook/pythonpath.dsv'
[1.374s] INFO:colcon.colcon_core.shell:Creating environment hook '/home/jim/dh_gripper_ws/install/dh_gripper_driver/share/dh_gripper_driver/hook/pythonpath.sh'
[1.374s] Level 1:colcon.colcon_core.environment:checking '/home/jim/dh_gripper_ws/install/dh_gripper_driver/bin'
[1.374s] Level 1:colcon.colcon_core.environment:create_environment_scripts_only(dh_gripper_driver)
[1.374s] INFO:colcon.colcon_core.shell:Creating package script '/home/jim/dh_gripper_ws/install/dh_gripper_driver/share/dh_gripper_driver/package.ps1'
[1.375s] INFO:colcon.colcon_core.shell:Creating package descriptor '/home/jim/dh_gripper_ws/install/dh_gripper_driver/share/dh_gripper_driver/package.dsv'
[1.375s] INFO:colcon.colcon_core.shell:Creating package script '/home/jim/dh_gripper_ws/install/dh_gripper_driver/share/dh_gripper_driver/package.sh'
[1.375s] INFO:colcon.colcon_core.shell:Creating package script '/home/jim/dh_gripper_ws/install/dh_gripper_driver/share/dh_gripper_driver/package.bash'
[1.375s] INFO:colcon.colcon_core.shell:Creating package script '/home/jim/dh_gripper_ws/install/dh_gripper_driver/share/dh_gripper_driver/package.zsh'
[1.376s] Level 1:colcon.colcon_core.environment:create_file_with_runtime_dependencies(/home/jim/dh_gripper_ws/install/dh_gripper_driver/share/colcon-core/packages/dh_gripper_driver)
[1.376s] INFO:colcon.colcon_ros.task.ament_cmake.build:Building ROS package in '/home/jim/dh_gripper_ws/src/dh_gripper_description' with build type 'ament_cmake'
[1.376s] INFO:colcon.colcon_cmake.task.cmake.build:Building CMake package in '/home/jim/dh_gripper_ws/src/dh_gripper_description'
[1.376s] INFO:colcon.colcon_core.shell:Skip shell extension 'powershell' for command environment: Not usable outside of PowerShell
[1.376s] DEBUG:colcon.colcon_core.shell:Skip shell extension 'dsv' for command environment
[1.393s] DEBUG:colcon.colcon_core.event_handler.log_command:Invoking command in '/home/jim/dh_gripper_ws/build/dh_gripper_description': CMAKE_PREFIX_PATH=${CMAKE_PREFIX_PATH}:/home/jim/dh_gripper_ws/install/dh_gripper_driver:/home/jim/ws_moveit2/install/moveit_configs_utils:/home/jim/ws_moveit2/install/launch_param_builder:/home/jim/tactile_ws/install/tactile_sensor_ros2:/opt/ros/humble /usr/bin/cmake /home/jim/dh_gripper_ws/src/dh_gripper_description -DCMAKE_INSTALL_PREFIX=/home/jim/dh_gripper_ws/install/dh_gripper_description
[2.131s] DEBUG:colcon.colcon_core.event_handler.log_command:Invoked command in '/home/jim/dh_gripper_ws/build/dh_gripper_description' returned '0': CMAKE_PREFIX_PATH=${CMAKE_PREFIX_PATH}:/home/jim/dh_gripper_ws/install/dh_gripper_driver:/home/jim/ws_moveit2/install/moveit_configs_utils:/home/jim/ws_moveit2/install/launch_param_builder:/home/jim/tactile_ws/install/tactile_sensor_ros2:/opt/ros/humble /usr/bin/cmake /home/jim/dh_gripper_ws/src/dh_gripper_description -DCMAKE_INSTALL_PREFIX=/home/jim/dh_gripper_ws/install/dh_gripper_description
[2.132s] DEBUG:colcon.colcon_core.event_handler.log_command:Invoking command in '/home/jim/dh_gripper_ws/build/dh_gripper_description': CMAKE_PREFIX_PATH=${CMAKE_PREFIX_PATH}:/home/jim/dh_gripper_ws/install/dh_gripper_driver:/home/jim/ws_moveit2/install/moveit_configs_utils:/home/jim/ws_moveit2/install/launch_param_builder:/home/jim/tactile_ws/install/tactile_sensor_ros2:/opt/ros/humble /usr/bin/cmake --build /home/jim/dh_gripper_ws/build/dh_gripper_description -- -j16 -l16
[2.189s] DEBUG:colcon.colcon_core.event_handler.log_command:Invoked command in '/home/jim/dh_gripper_ws/build/dh_gripper_description' returned '0': CMAKE_PREFIX_PATH=${CMAKE_PREFIX_PATH}:/home/jim/dh_gripper_ws/install/dh_gripper_driver:/home/jim/ws_moveit2/install/moveit_configs_utils:/home/jim/ws_moveit2/install/launch_param_builder:/home/jim/tactile_ws/install/tactile_sensor_ros2:/opt/ros/humble /usr/bin/cmake --build /home/jim/dh_gripper_ws/build/dh_gripper_description -- -j16 -l16
[2.191s] DEBUG:colcon.colcon_core.event_handler.log_command:Invoking command in '/home/jim/dh_gripper_ws/build/dh_gripper_description': CMAKE_PREFIX_PATH=${CMAKE_PREFIX_PATH}:/home/jim/dh_gripper_ws/install/dh_gripper_driver:/home/jim/ws_moveit2/install/moveit_configs_utils:/home/jim/ws_moveit2/install/launch_param_builder:/home/jim/tactile_ws/install/tactile_sensor_ros2:/opt/ros/humble /usr/bin/cmake --install /home/jim/dh_gripper_ws/build/dh_gripper_description
[2.213s] Level 1:colcon.colcon_core.environment:create_environment_scripts_only(dh_gripper_description)
[2.214s] DEBUG:colcon.colcon_core.event_handler.log_command:Invoked command in '/home/jim/dh_gripper_ws/build/dh_gripper_description' returned '0': CMAKE_PREFIX_PATH=${CMAKE_PREFIX_PATH}:/home/jim/dh_gripper_ws/install/dh_gripper_driver:/home/jim/ws_moveit2/install/moveit_configs_utils:/home/jim/ws_moveit2/install/launch_param_builder:/home/jim/tactile_ws/install/tactile_sensor_ros2:/opt/ros/humble /usr/bin/cmake --install /home/jim/dh_gripper_ws/build/dh_gripper_description
[2.214s] Level 1:colcon.colcon_core.environment:checking '/home/jim/dh_gripper_ws/install/dh_gripper_description' for CMake module files
[2.215s] Level 1:colcon.colcon_core.environment:checking '/home/jim/dh_gripper_ws/install/dh_gripper_description' for CMake config files
[2.216s] Level 1:colcon.colcon_core.shell:create_environment_hook('dh_gripper_description', 'cmake_prefix_path')
[2.216s] INFO:colcon.colcon_core.shell:Creating environment hook '/home/jim/dh_gripper_ws/install/dh_gripper_description/share/dh_gripper_description/hook/cmake_prefix_path.ps1'
[2.217s] INFO:colcon.colcon_core.shell:Creating environment descriptor '/home/jim/dh_gripper_ws/install/dh_gripper_description/share/dh_gripper_description/hook/cmake_prefix_path.dsv'
[2.217s] INFO:colcon.colcon_core.shell:Creating environment hook '/home/jim/dh_gripper_ws/install/dh_gripper_description/share/dh_gripper_description/hook/cmake_prefix_path.sh'
[2.218s] Level 1:colcon.colcon_core.environment:checking '/home/jim/dh_gripper_ws/install/dh_gripper_description/bin'
[2.218s] Level 1:colcon.colcon_core.environment:checking '/home/jim/dh_gripper_ws/install/dh_gripper_description/lib/pkgconfig/dh_gripper_description.pc'
[2.218s] Level 1:colcon.colcon_core.environment:checking '/home/jim/dh_gripper_ws/install/dh_gripper_description/lib/python3.10/site-packages'
[2.219s] Level 1:colcon.colcon_core.environment:checking '/home/jim/dh_gripper_ws/install/dh_gripper_description/bin'
[2.219s] INFO:colcon.colcon_core.shell:Creating package script '/home/jim/dh_gripper_ws/install/dh_gripper_description/share/dh_gripper_description/package.ps1'
[2.220s] INFO:colcon.colcon_core.shell:Creating package descriptor '/home/jim/dh_gripper_ws/install/dh_gripper_description/share/dh_gripper_description/package.dsv'
[2.220s] INFO:colcon.colcon_core.shell:Creating package script '/home/jim/dh_gripper_ws/install/dh_gripper_description/share/dh_gripper_description/package.sh'
[2.220s] INFO:colcon.colcon_core.shell:Creating package script '/home/jim/dh_gripper_ws/install/dh_gripper_description/share/dh_gripper_description/package.bash'
[2.221s] INFO:colcon.colcon_core.shell:Creating package script '/home/jim/dh_gripper_ws/install/dh_gripper_description/share/dh_gripper_description/package.zsh'
[2.221s] Level 1:colcon.colcon_core.environment:create_file_with_runtime_dependencies(/home/jim/dh_gripper_ws/install/dh_gripper_description/share/colcon-core/packages/dh_gripper_description)
[2.221s] Level 1:colcon.colcon_core.environment:create_environment_scripts_only(dh_gripper_description)
[2.222s] Level 1:colcon.colcon_core.environment:checking '/home/jim/dh_gripper_ws/install/dh_gripper_description' for CMake module files
[2.222s] Level 1:colcon.colcon_core.environment:checking '/home/jim/dh_gripper_ws/install/dh_gripper_description' for CMake config files
[2.222s] Level 1:colcon.colcon_core.shell:create_environment_hook('dh_gripper_description', 'cmake_prefix_path')
[2.222s] INFO:colcon.colcon_core.shell:Creating environment hook '/home/jim/dh_gripper_ws/install/dh_gripper_description/share/dh_gripper_description/hook/cmake_prefix_path.ps1'
[2.223s] INFO:colcon.colcon_core.shell:Creating environment descriptor '/home/jim/dh_gripper_ws/install/dh_gripper_description/share/dh_gripper_description/hook/cmake_prefix_path.dsv'
[2.223s] INFO:colcon.colcon_core.shell:Creating environment hook '/home/jim/dh_gripper_ws/install/dh_gripper_description/share/dh_gripper_description/hook/cmake_prefix_path.sh'
[2.223s] Level 1:colcon.colcon_core.environment:checking '/home/jim/dh_gripper_ws/install/dh_gripper_description/bin'
[2.223s] Level 1:colcon.colcon_core.environment:checking '/home/jim/dh_gripper_ws/install/dh_gripper_description/lib/pkgconfig/dh_gripper_description.pc'
[2.224s] Level 1:colcon.colcon_core.environment:checking '/home/jim/dh_gripper_ws/install/dh_gripper_description/lib/python3.10/site-packages'
[2.224s] Level 1:colcon.colcon_core.environment:checking '/home/jim/dh_gripper_ws/install/dh_gripper_description/bin'
[2.224s] INFO:colcon.colcon_core.shell:Creating package script '/home/jim/dh_gripper_ws/install/dh_gripper_description/share/dh_gripper_description/package.ps1'
[2.225s] INFO:colcon.colcon_core.shell:Creating package descriptor '/home/jim/dh_gripper_ws/install/dh_gripper_description/share/dh_gripper_description/package.dsv'
[2.225s] INFO:colcon.colcon_core.shell:Creating package script '/home/jim/dh_gripper_ws/install/dh_gripper_description/share/dh_gripper_description/package.sh'
[2.226s] INFO:colcon.colcon_core.shell:Creating package script '/home/jim/dh_gripper_ws/install/dh_gripper_description/share/dh_gripper_description/package.bash'
[2.226s] INFO:colcon.colcon_core.shell:Creating package script '/home/jim/dh_gripper_ws/install/dh_gripper_description/share/dh_gripper_description/package.zsh'
[2.226s] Level 1:colcon.colcon_core.environment:create_file_with_runtime_dependencies(/home/jim/dh_gripper_ws/install/dh_gripper_description/share/colcon-core/packages/dh_gripper_description)
[2.227s] DEBUG:colcon.colcon_parallel_executor.executor.parallel:closing loop
[2.227s] DEBUG:colcon.colcon_parallel_executor.executor.parallel:loop closed
[2.227s] DEBUG:colcon.colcon_parallel_executor.executor.parallel:run_until_complete finished with '0'
[2.227s] DEBUG:colcon.colcon_core.event_reactor:joining thread
[2.233s] INFO:colcon.colcon_core.plugin_system:Skipping extension 'colcon_notification.desktop_notification.terminal_notifier': Not used on non-Darwin systems
[2.233s] INFO:colcon.colcon_core.plugin_system:Skipping extension 'colcon_notification.desktop_notification.win32': Not used on non-Windows systems
[2.233s] INFO:colcon.colcon_notification.desktop_notification:Sending desktop notification using 'notify2'
[2.246s] DEBUG:colcon.colcon_core.event_reactor:joined thread
[2.247s] INFO:colcon.colcon_core.shell:Creating prefix script '/home/jim/dh_gripper_ws/install/local_setup.ps1'
[2.248s] INFO:colcon.colcon_core.shell:Creating prefix util module '/home/jim/dh_gripper_ws/install/_local_setup_util_ps1.py'
[2.249s] INFO:colcon.colcon_core.shell:Creating prefix chain script '/home/jim/dh_gripper_ws/install/setup.ps1'
[2.252s] INFO:colcon.colcon_core.shell:Creating prefix script '/home/jim/dh_gripper_ws/install/local_setup.sh'
[2.252s] INFO:colcon.colcon_core.shell:Creating prefix util module '/home/jim/dh_gripper_ws/install/_local_setup_util_sh.py'
[2.253s] INFO:colcon.colcon_core.shell:Creating prefix chain script '/home/jim/dh_gripper_ws/install/setup.sh'
[2.256s] INFO:colcon.colcon_core.shell:Creating prefix script '/home/jim/dh_gripper_ws/install/local_setup.bash'
[2.256s] INFO:colcon.colcon_core.shell:Creating prefix chain script '/home/jim/dh_gripper_ws/install/setup.bash'
[2.259s] INFO:colcon.colcon_core.shell:Creating prefix script '/home/jim/dh_gripper_ws/install/local_setup.zsh'
[2.259s] INFO:colcon.colcon_core.shell:Creating prefix chain script '/home/jim/dh_gripper_ws/install/setup.zsh'
